{"C:\\Users\\KT-User\\Projects\\kasetti projects\\Template-Builder-ui\\template-builder-ui\\src\\App.tsx": {"path":"C:\\Users\\KT-User\\Projects\\kasetti projects\\Template-Builder-ui\\template-builder-ui\\src\\App.tsx","statementMap":{"0":{"start":{"line":13,"column":2},"end":{"line":46,"column":4}}},"fnMap":{"0":{"name":"App","decl":{"start":{"line":12,"column":24},"end":{"line":12,"column":27}},"loc":{"start":{"line":12,"column":27},"end":{"line":47,"column":1}}}},"branchMap":{},"s":{"0":2},"f":{"0":2},"b":{}}
,"C:\\Users\\KT-User\\Projects\\kasetti projects\\Template-Builder-ui\\template-builder-ui\\src\\main.tsx": {"path":"C:\\Users\\KT-User\\Projects\\kasetti projects\\Template-Builder-ui\\template-builder-ui\\src\\main.tsx","statementMap":{"0":{"start":{"line":7,"column":0},"end":{"line":11,"column":2}}},"fnMap":{},"branchMap":{},"s":{"0":1},"f":{},"b":{}}
,"C:\\Users\\KT-User\\Projects\\kasetti projects\\Template-Builder-ui\\template-builder-ui\\src\\api\\audit.ts": {"path":"C:\\Users\\KT-User\\Projects\\kasetti projects\\Template-Builder-ui\\template-builder-ui\\src\\api\\audit.ts","statementMap":{"0":{"start":{"line":27,"column":2},"end":{"line":30,"column":5}}},"fnMap":{"0":{"name":"getJobStatus","decl":{"start":{"line":26,"column":22},"end":{"line":26,"column":34}},"loc":{"start":{"line":26,"column":48},"end":{"line":31,"column":1}}}},"branchMap":{},"s":{"0":5},"f":{"0":5},"b":{}}
,"C:\\Users\\KT-User\\Projects\\kasetti projects\\Template-Builder-ui\\template-builder-ui\\src\\api\\datasources.ts": {"path":"C:\\Users\\KT-User\\Projects\\kasetti projects\\Template-Builder-ui\\template-builder-ui\\src\\api\\datasources.ts","statementMap":{"0":{"start":{"line":8,"column":2},"end":{"line":15,"column":3}},"1":{"start":{"line":9,"column":4},"end":{"line":12,"column":7}},"2":{"start":{"line":14,"column":4},"end":{"line":14,"column":14}}},"fnMap":{"0":{"name":"listDatasources","decl":{"start":{"line":7,"column":22},"end":{"line":7,"column":37}},"loc":{"start":{"line":7,"column":37},"end":{"line":16,"column":1}}}},"branchMap":{},"s":{"0":3,"1":3,"2":2},"f":{"0":3},"b":{}}
,"C:\\Users\\KT-User\\Projects\\kasetti projects\\Template-Builder-ui\\template-builder-ui\\src\\api\\documents.ts": {"path":"C:\\Users\\KT-User\\Projects\\kasetti projects\\Template-Builder-ui\\template-builder-ui\\src\\api\\documents.ts","statementMap":{"0":{"start":{"line":31,"column":2},"end":{"line":35,"column":5}},"1":{"start":{"line":40,"column":2},"end":{"line":43,"column":5}},"2":{"start":{"line":46,"column":17},"end":{"line":46,"column":36}},"3":{"start":{"line":60,"column":27},"end":{"line":60,"column":77}},"4":{"start":{"line":61,"column":2},"end":{"line":61,"column":20}},"5":{"start":{"line":62,"column":2},"end":{"line":62,"column":68}},"6":{"start":{"line":66,"column":2},"end":{"line":66,"column":60}},"7":{"start":{"line":70,"column":2},"end":{"line":70,"column":36}}},"fnMap":{"0":{"name":"generateDocument","decl":{"start":{"line":28,"column":22},"end":{"line":28,"column":38}},"loc":{"start":{"line":29,"column":23},"end":{"line":36,"column":1}}},"1":{"name":"getJobStatus","decl":{"start":{"line":39,"column":22},"end":{"line":39,"column":34}},"loc":{"start":{"line":39,"column":48},"end":{"line":44,"column":1}}},"2":{"name":"saveJobLocally","decl":{"start":{"line":59,"column":16},"end":{"line":59,"column":30}},"loc":{"start":{"line":59,"column":44},"end":{"line":63,"column":1}}},"3":{"name":"listLocalJobs","decl":{"start":{"line":65,"column":16},"end":{"line":65,"column":29}},"loc":{"start":{"line":65,"column":29},"end":{"line":67,"column":1}}},"4":{"name":"clearLocalJobs","decl":{"start":{"line":69,"column":16},"end":{"line":69,"column":30}},"loc":{"start":{"line":69,"column":30},"end":{"line":71,"column":1}}}},"branchMap":{"0":{"loc":{"start":{"line":60,"column":38},"end":{"line":60,"column":76}},"type":"binary-expr","locations":[{"start":{"line":60,"column":38},"end":{"line":60,"column":68}},{"start":{"line":60,"column":72},"end":{"line":60,"column":76}}]},"1":{"loc":{"start":{"line":66,"column":20},"end":{"line":66,"column":58}},"type":"binary-expr","locations":[{"start":{"line":66,"column":20},"end":{"line":66,"column":50}},{"start":{"line":66,"column":54},"end":{"line":66,"column":58}}]}},"s":{"0":10,"1":5,"2":5,"3":7,"4":7,"5":7,"6":6,"7":1},"f":{"0":10,"1":5,"2":7,"3":6,"4":1},"b":{"0":[7,6],"1":[6,2]}}
,"C:\\Users\\KT-User\\Projects\\kasetti projects\\Template-Builder-ui\\template-builder-ui\\src\\api\\marketplace.ts": {"path":"C:\\Users\\KT-User\\Projects\\kasetti projects\\Template-Builder-ui\\template-builder-ui\\src\\api\\marketplace.ts","statementMap":{"0":{"start":{"line":38,"column":2},"end":{"line":46,"column":3}},"1":{"start":{"line":39,"column":4},"end":{"line":43,"column":7}},"2":{"start":{"line":45,"column":4},"end":{"line":45,"column":14}},"3":{"start":{"line":53,"column":2},"end":{"line":57,"column":5}},"4":{"start":{"line":70,"column":2},"end":{"line":73,"column":5}}},"fnMap":{"0":{"name":"listMarketplaceItems","decl":{"start":{"line":32,"column":22},"end":{"line":32,"column":42}},"loc":{"start":{"line":37,"column":1},"end":{"line":47,"column":1}}},"1":{"name":"publishToMarketplace","decl":{"start":{"line":50,"column":22},"end":{"line":50,"column":42}},"loc":{"start":{"line":51,"column":29},"end":{"line":58,"column":1}}},"2":{"name":"importMarketplaceItem","decl":{"start":{"line":61,"column":22},"end":{"line":61,"column":43}},"loc":{"start":{"line":62,"column":16},"end":{"line":74,"column":1}}}},"branchMap":{},"s":{"0":9,"1":9,"2":1,"3":4,"4":4},"f":{"0":9,"1":4,"2":4},"b":{}}
,"C:\\Users\\KT-User\\Projects\\kasetti projects\\Template-Builder-ui\\template-builder-ui\\src\\api\\placeholders.ts": {"path":"C:\\Users\\KT-User\\Projects\\kasetti projects\\Template-Builder-ui\\template-builder-ui\\src\\api\\placeholders.ts","statementMap":{"0":{"start":{"line":15,"column":2},"end":{"line":23,"column":3}},"1":{"start":{"line":16,"column":4},"end":{"line":20,"column":7}},"2":{"start":{"line":22,"column":4},"end":{"line":22,"column":14}},"3":{"start":{"line":30,"column":2},"end":{"line":44,"column":5}},"4":{"start":{"line":49,"column":2},"end":{"line":52,"column":5}},"5":{"start":{"line":59,"column":2},"end":{"line":63,"column":5}}},"fnMap":{"0":{"name":"listPlaceholders","decl":{"start":{"line":12,"column":22},"end":{"line":12,"column":38}},"loc":{"start":{"line":13,"column":34},"end":{"line":24,"column":1}}},"1":{"name":"createPlaceholder","decl":{"start":{"line":27,"column":22},"end":{"line":27,"column":39}},"loc":{"start":{"line":28,"column":25},"end":{"line":45,"column":1}}},"2":{"name":"getPlaceholderById","decl":{"start":{"line":48,"column":22},"end":{"line":48,"column":40}},"loc":{"start":{"line":48,"column":51},"end":{"line":53,"column":1}}},"3":{"name":"updatePlaceholder","decl":{"start":{"line":55,"column":22},"end":{"line":55,"column":39}},"loc":{"start":{"line":57,"column":34},"end":{"line":64,"column":1}}}},"branchMap":{"0":{"loc":{"start":{"line":40,"column":18},"end":{"line":40,"column":45}},"type":"binary-expr","locations":[{"start":{"line":40,"column":18},"end":{"line":40,"column":33}},{"start":{"line":40,"column":37},"end":{"line":40,"column":45}}]},"1":{"loc":{"start":{"line":41,"column":19},"end":{"line":41,"column":47}},"type":"binary-expr","locations":[{"start":{"line":41,"column":19},"end":{"line":41,"column":35}},{"start":{"line":41,"column":39},"end":{"line":41,"column":47}}]},"2":{"loc":{"start":{"line":42,"column":18},"end":{"line":42,"column":66}},"type":"binary-expr","locations":[{"start":{"line":42,"column":18},"end":{"line":42,"column":52}},{"start":{"line":42,"column":56},"end":{"line":42,"column":66}}]}},"s":{"0":11,"1":11,"2":1,"3":4,"4":2,"5":2},"f":{"0":11,"1":4,"2":2,"3":2},"b":{"0":[4,2],"1":[4,2],"2":[4,4]}}
,"C:\\Users\\KT-User\\Projects\\kasetti projects\\Template-Builder-ui\\template-builder-ui\\src\\api\\templates.ts": {"path":"C:\\Users\\KT-User\\Projects\\kasetti projects\\Template-Builder-ui\\template-builder-ui\\src\\api\\templates.ts","statementMap":{"0":{"start":{"line":21,"column":2},"end":{"line":21,"column":20}},"1":{"start":{"line":28,"column":2},"end":{"line":32,"column":5}},"2":{"start":{"line":37,"column":2},"end":{"line":40,"column":5}},"3":{"start":{"line":45,"column":2},"end":{"line":57,"column":5}},"4":{"start":{"line":65,"column":2},"end":{"line":74,"column":5}},"5":{"start":{"line":82,"column":2},"end":{"line":86,"column":5}},"6":{"start":{"line":91,"column":2},"end":{"line":94,"column":5}},"7":{"start":{"line":102,"column":2},"end":{"line":109,"column":5}},"8":{"start":{"line":116,"column":2},"end":{"line":123,"column":3}},"9":{"start":{"line":117,"column":4},"end":{"line":120,"column":7}},"10":{"start":{"line":122,"column":4},"end":{"line":122,"column":14}}},"fnMap":{"0":{"name":"blocksToLayoutJson","decl":{"start":{"line":20,"column":9},"end":{"line":20,"column":27}},"loc":{"start":{"line":20,"column":49},"end":{"line":22,"column":1}}},"1":{"name":"listTemplates","decl":{"start":{"line":25,"column":22},"end":{"line":25,"column":35}},"loc":{"start":{"line":26,"column":30},"end":{"line":33,"column":1}}},"2":{"name":"getTemplate","decl":{"start":{"line":36,"column":22},"end":{"line":36,"column":33}},"loc":{"start":{"line":36,"column":44},"end":{"line":41,"column":1}}},"3":{"name":"createTemplate","decl":{"start":{"line":44,"column":22},"end":{"line":44,"column":36}},"loc":{"start":{"line":44,"column":57},"end":{"line":58,"column":1}}},"4":{"name":"updateTemplate","decl":{"start":{"line":61,"column":22},"end":{"line":61,"column":36}},"loc":{"start":{"line":63,"column":22},"end":{"line":75,"column":1}}},"5":{"name":"publishTemplate","decl":{"start":{"line":78,"column":22},"end":{"line":78,"column":37}},"loc":{"start":{"line":80,"column":24},"end":{"line":87,"column":1}}},"6":{"name":"deleteTemplate","decl":{"start":{"line":90,"column":22},"end":{"line":90,"column":36}},"loc":{"start":{"line":90,"column":47},"end":{"line":95,"column":1}}},"7":{"name":"bindPlaceholder","decl":{"start":{"line":97,"column":22},"end":{"line":97,"column":37}},"loc":{"start":{"line":100,"column":22},"end":{"line":110,"column":1}}},"8":{"name":"listTemplateVersions","decl":{"start":{"line":113,"column":22},"end":{"line":113,"column":42}},"loc":{"start":{"line":114,"column":20},"end":{"line":124,"column":1}}}},"branchMap":{"0":{"loc":{"start":{"line":50,"column":19},"end":{"line":50,"column":41}},"type":"binary-expr","locations":[{"start":{"line":50,"column":19},"end":{"line":50,"column":35}},{"start":{"line":50,"column":39},"end":{"line":50,"column":41}}]},"1":{"loc":{"start":{"line":53,"column":18},"end":{"line":53,"column":66}},"type":"binary-expr","locations":[{"start":{"line":53,"column":18},"end":{"line":53,"column":52}},{"start":{"line":53,"column":56},"end":{"line":53,"column":66}}]},"2":{"loc":{"start":{"line":54,"column":12},"end":{"line":54,"column":27}},"type":"binary-expr","locations":[{"start":{"line":54,"column":12},"end":{"line":54,"column":21}},{"start":{"line":54,"column":25},"end":{"line":54,"column":27}}]},"3":{"loc":{"start":{"line":55,"column":16},"end":{"line":55,"column":37}},"type":"binary-expr","locations":[{"start":{"line":55,"column":16},"end":{"line":55,"column":29}},{"start":{"line":55,"column":33},"end":{"line":55,"column":37}}]},"4":{"loc":{"start":{"line":71,"column":38},"end":{"line":71,"column":65}},"type":"binary-expr","locations":[{"start":{"line":71,"column":38},"end":{"line":71,"column":59}},{"start":{"line":71,"column":63},"end":{"line":71,"column":65}}]},"5":{"loc":{"start":{"line":72,"column":12},"end":{"line":72,"column":27}},"type":"binary-expr","locations":[{"start":{"line":72,"column":12},"end":{"line":72,"column":21}},{"start":{"line":72,"column":25},"end":{"line":72,"column":27}}]},"6":{"loc":{"start":{"line":107,"column":29},"end":{"line":107,"column":48}},"type":"binary-expr","locations":[{"start":{"line":107,"column":29},"end":{"line":107,"column":40}},{"start":{"line":107,"column":44},"end":{"line":107,"column":48}}]}},"s":{"0":2,"1":14,"2":7,"3":4,"4":2,"5":2,"6":3,"7":3,"8":4,"9":4,"10":1},"f":{"0":2,"1":14,"2":7,"3":4,"4":2,"5":2,"6":3,"7":3,"8":4},"b":{"0":[4,4],"1":[4,4],"2":[4,4],"3":[4,3],"4":[2,1],"5":[2,2],"6":[3,1]}}
,"C:\\Users\\KT-User\\Projects\\kasetti projects\\Template-Builder-ui\\template-builder-ui\\src\\components\\ImportTemplateModal.tsx": {"path":"C:\\Users\\KT-User\\Projects\\kasetti projects\\Template-Builder-ui\\template-builder-ui\\src\\components\\ImportTemplateModal.tsx","statementMap":{"0":{"start":{"line":11,"column":19},"end":{"line":11,"column":135}},"1":{"start":{"line":12,"column":23},"end":{"line":12,"column":157}},"2":{"start":{"line":13,"column":67},"end":{"line":18,"column":2}},"3":{"start":{"line":19,"column":22},"end":{"line":19,"column":38}},"4":{"start":{"line":22,"column":21},"end":{"line":22,"column":34}},"5":{"start":{"line":23,"column":23},"end":{"line":23,"column":53}},"6":{"start":{"line":25,"column":34},"end":{"line":25,"column":66}},"7":{"start":{"line":26,"column":34},"end":{"line":26,"column":46}},"8":{"start":{"line":27,"column":34},"end":{"line":27,"column":46}},"9":{"start":{"line":28,"column":42},"end":{"line":28,"column":58}},"10":{"start":{"line":29,"column":34},"end":{"line":29,"column":61}},"11":{"start":{"line":30,"column":34},"end":{"line":30,"column":46}},"12":{"start":{"line":31,"column":38},"end":{"line":31,"column":53}},"13":{"start":{"line":32,"column":40},"end":{"line":32,"column":55}},"14":{"start":{"line":33,"column":34},"end":{"line":33,"column":63}},"15":{"start":{"line":34,"column":34},"end":{"line":34,"column":46}},"16":{"start":{"line":35,"column":36},"end":{"line":35,"column":51}},"17":{"start":{"line":38,"column":4},"end":{"line":38,"column":19}},"18":{"start":{"line":39,"column":4},"end":{"line":42,"column":5}},"19":{"start":{"line":40,"column":6},"end":{"line":40,"column":44}},"20":{"start":{"line":41,"column":6},"end":{"line":41,"column":13}},"21":{"start":{"line":43,"column":4},"end":{"line":43,"column":26}},"22":{"start":{"line":44,"column":4},"end":{"line":47,"column":5}},"23":{"start":{"line":45,"column":19},"end":{"line":45,"column":75}},"24":{"start":{"line":46,"column":6},"end":{"line":46,"column":81}},"25":{"start":{"line":46,"column":63},"end":{"line":46,"column":78}},"26":{"start":{"line":51,"column":4},"end":{"line":51,"column":23}},"27":{"start":{"line":51,"column":24},"end":{"line":51,"column":45}},"28":{"start":{"line":52,"column":14},"end":{"line":52,"column":39}},"29":{"start":{"line":53,"column":4},"end":{"line":53,"column":31}},"30":{"start":{"line":53,"column":11},"end":{"line":53,"column":31}},"31":{"start":{"line":57,"column":4},"end":{"line":57,"column":79}},"32":{"start":{"line":57,"column":24},"end":{"line":57,"column":63}},"33":{"start":{"line":57,"column":64},"end":{"line":57,"column":77}},"34":{"start":{"line":58,"column":4},"end":{"line":58,"column":85}},"35":{"start":{"line":58,"column":35},"end":{"line":58,"column":69}},"36":{"start":{"line":58,"column":70},"end":{"line":58,"column":83}},"37":{"start":{"line":59,"column":4},"end":{"line":59,"column":88}},"38":{"start":{"line":59,"column":40},"end":{"line":59,"column":72}},"39":{"start":{"line":59,"column":73},"end":{"line":59,"column":86}},"40":{"start":{"line":60,"column":4},"end":{"line":60,"column":16}},"41":{"start":{"line":64,"column":4},"end":{"line":64,"column":19}},"42":{"start":{"line":65,"column":4},"end":{"line":65,"column":28}},"43":{"start":{"line":65,"column":21},"end":{"line":65,"column":28}},"44":{"start":{"line":66,"column":4},"end":{"line":67,"column":31}},"45":{"start":{"line":66,"column":24},"end":{"line":66,"column":43}},"46":{"start":{"line":67,"column":9},"end":{"line":67,"column":31}},"47":{"start":{"line":71,"column":4},"end":{"line":71,"column":22}},"48":{"start":{"line":71,"column":15},"end":{"line":71,"column":22}},"49":{"start":{"line":72,"column":4},"end":{"line":72,"column":25}},"50":{"start":{"line":72,"column":26},"end":{"line":72,"column":46}},"51":{"start":{"line":73,"column":4},"end":{"line":73,"column":44}},"52":{"start":{"line":74,"column":4},"end":{"line":90,"column":5}},"53":{"start":{"line":75,"column":23},"end":{"line":75,"column":37}},"54":{"start":{"line":76,"column":6},"end":{"line":76,"column":36}},"55":{"start":{"line":77,"column":6},"end":{"line":77,"column":43}},"56":{"start":{"line":78,"column":6},"end":{"line":78,"column":44}},"57":{"start":{"line":79,"column":6},"end":{"line":79,"column":53}},"58":{"start":{"line":80,"column":23},"end":{"line":83,"column":8}},"59":{"start":{"line":84,"column":19},"end":{"line":84,"column":32}},"60":{"start":{"line":85,"column":6},"end":{"line":85,"column":25}},"61":{"start":{"line":86,"column":6},"end":{"line":86,"column":60}},"62":{"start":{"line":87,"column":6},"end":{"line":87,"column":102}},"63":{"start":{"line":87,"column":25},"end":{"line":87,"column":38}},"64":{"start":{"line":87,"column":39},"end":{"line":87,"column":49}},"65":{"start":{"line":87,"column":50},"end":{"line":87,"column":93}},"66":{"start":{"line":89,"column":6},"end":{"line":89,"column":34}},"67":{"start":{"line":89,"column":35},"end":{"line":89,"column":57}},"68":{"start":{"line":89,"column":58},"end":{"line":89,"column":74}},"69":{"start":{"line":94,"column":4},"end":{"line":94,"column":25}},"70":{"start":{"line":94,"column":26},"end":{"line":94,"column":46}},"71":{"start":{"line":95,"column":4},"end":{"line":95,"column":55}},"72":{"start":{"line":96,"column":4},"end":{"line":112,"column":5}},"73":{"start":{"line":97,"column":23},"end":{"line":97,"column":37}},"74":{"start":{"line":98,"column":6},"end":{"line":98,"column":41}},"75":{"start":{"line":99,"column":6},"end":{"line":99,"column":43}},"76":{"start":{"line":100,"column":6},"end":{"line":100,"column":44}},"77":{"start":{"line":101,"column":6},"end":{"line":101,"column":53}},"78":{"start":{"line":102,"column":23},"end":{"line":105,"column":8}},"79":{"start":{"line":106,"column":19},"end":{"line":106,"column":32}},"80":{"start":{"line":107,"column":6},"end":{"line":107,"column":25}},"81":{"start":{"line":108,"column":6},"end":{"line":108,"column":60}},"82":{"start":{"line":109,"column":6},"end":{"line":109,"column":102}},"83":{"start":{"line":109,"column":25},"end":{"line":109,"column":38}},"84":{"start":{"line":109,"column":39},"end":{"line":109,"column":49}},"85":{"start":{"line":109,"column":50},"end":{"line":109,"column":93}},"86":{"start":{"line":111,"column":6},"end":{"line":111,"column":34}},"87":{"start":{"line":111,"column":35},"end":{"line":111,"column":57}},"88":{"start":{"line":111,"column":58},"end":{"line":111,"column":74}},"89":{"start":{"line":116,"column":14},"end":{"line":116,"column":44}},"90":{"start":{"line":117,"column":17},"end":{"line":117,"column":71}},"91":{"start":{"line":118,"column":4},"end":{"line":127,"column":5}},"92":{"start":{"line":119,"column":19},"end":{"line":119,"column":70}},"93":{"start":{"line":120,"column":6},"end":{"line":120,"column":51}},"94":{"start":{"line":120,"column":24},"end":{"line":120,"column":51}},"95":{"start":{"line":121,"column":16},"end":{"line":121,"column":38}},"96":{"start":{"line":122,"column":6},"end":{"line":122,"column":69}},"97":{"start":{"line":122,"column":21},"end":{"line":122,"column":69}},"98":{"start":{"line":123,"column":6},"end":{"line":123,"column":57}},"99":{"start":{"line":123,"column":21},"end":{"line":123,"column":57}},"100":{"start":{"line":124,"column":6},"end":{"line":124,"column":64}},"101":{"start":{"line":124,"column":21},"end":{"line":124,"column":64}},"102":{"start":{"line":125,"column":6},"end":{"line":125,"column":76}},"103":{"start":{"line":125,"column":21},"end":{"line":125,"column":76}},"104":{"start":{"line":126,"column":6},"end":{"line":126,"column":102}},"105":{"start":{"line":126,"column":21},"end":{"line":126,"column":102}},"106":{"start":{"line":128,"column":4},"end":{"line":128,"column":49}},"107":{"start":{"line":128,"column":30},"end":{"line":128,"column":49}},"108":{"start":{"line":129,"column":4},"end":{"line":129,"column":46}},"109":{"start":{"line":132,"column":18},"end":{"line":132,"column":66}},"110":{"start":{"line":133,"column":19},"end":{"line":133,"column":73}},"111":{"start":{"line":135,"column":2},"end":{"line":284,"column":4}},"112":{"start":{"line":139,"column":43},"end":{"line":139,"column":62}},"113":{"start":{"line":167,"column":67},"end":{"line":167,"column":90}},"114":{"start":{"line":172,"column":73},"end":{"line":172,"column":100}},"115":{"start":{"line":173,"column":39},"end":{"line":173,"column":55}},"116":{"start":{"line":178,"column":77},"end":{"line":178,"column":108}},"117":{"start":{"line":179,"column":43},"end":{"line":179,"column":65}},"118":{"start":{"line":187,"column":16},"end":{"line":187,"column":32}},"119":{"start":{"line":188,"column":35},"end":{"line":188,"column":45}},"120":{"start":{"line":188,"column":46},"end":{"line":188,"column":61}},"121":{"start":{"line":199,"column":37},"end":{"line":199,"column":56}},"122":{"start":{"line":199,"column":57},"end":{"line":199,"column":77}},"123":{"start":{"line":200,"column":37},"end":{"line":200,"column":57}},"124":{"start":{"line":201,"column":33},"end":{"line":201,"column":78}},"125":{"start":{"line":204,"column":47},"end":{"line":204,"column":66}},"126":{"start":{"line":204,"column":68},"end":{"line":204,"column":95}},"127":{"start":{"line":204,"column":75},"end":{"line":204,"column":95}},"128":{"start":{"line":204,"column":96},"end":{"line":204,"column":116}},"129":{"start":{"line":210,"column":83},"end":{"line":210,"column":103}},"130":{"start":{"line":210,"column":104},"end":{"line":210,"column":118}},"131":{"start":{"line":210,"column":119},"end":{"line":210,"column":134}},"132":{"start":{"line":225,"column":22},"end":{"line":225,"column":38}},"133":{"start":{"line":236,"column":45},"end":{"line":236,"column":67}},"134":{"start":{"line":250,"column":20},"end":{"line":250,"column":42}},"135":{"start":{"line":287,"column":47},"end":{"line":310,"column":2}}},"fnMap":{"0":{"name":"ImportTemplateModal","decl":{"start":{"line":21,"column":24},"end":{"line":21,"column":43}},"loc":{"start":{"line":21,"column":74},"end":{"line":285,"column":1}}},"1":{"name":"handleFileSelect","decl":{"start":{"line":37,"column":11},"end":{"line":37,"column":27}},"loc":{"start":{"line":37,"column":46},"end":{"line":48,"column":3}}},"2":{"name":"(anonymous_2)","decl":{"start":{"line":46,"column":58},"end":{"line":46,"column":59}},"loc":{"start":{"line":46,"column":63},"end":{"line":46,"column":78}}},"3":{"name":"handleDrop","decl":{"start":{"line":50,"column":11},"end":{"line":50,"column":21}},"loc":{"start":{"line":50,"column":40},"end":{"line":54,"column":3}}},"4":{"name":"validate","decl":{"start":{"line":56,"column":11},"end":{"line":56,"column":19}},"loc":{"start":{"line":56,"column":19},"end":{"line":61,"column":3}}},"5":{"name":"handleImport","decl":{"start":{"line":63,"column":17},"end":{"line":63,"column":29}},"loc":{"start":{"line":63,"column":29},"end":{"line":68,"column":3}}},"6":{"name":"importFile","decl":{"start":{"line":70,"column":17},"end":{"line":70,"column":27}},"loc":{"start":{"line":70,"column":27},"end":{"line":91,"column":3}}},"7":{"name":"(anonymous_7)","decl":{"start":{"line":87,"column":17},"end":{"line":87,"column":20}},"loc":{"start":{"line":87,"column":22},"end":{"line":87,"column":95}}},"8":{"name":"importFromUrl","decl":{"start":{"line":93,"column":17},"end":{"line":93,"column":30}},"loc":{"start":{"line":93,"column":30},"end":{"line":113,"column":3}}},"9":{"name":"(anonymous_9)","decl":{"start":{"line":109,"column":17},"end":{"line":109,"column":20}},"loc":{"start":{"line":109,"column":22},"end":{"line":109,"column":95}}},"10":{"name":"extractError","decl":{"start":{"line":115,"column":11},"end":{"line":115,"column":23}},"loc":{"start":{"line":115,"column":36},"end":{"line":130,"column":3}}},"11":{"name":"(anonymous_11)","decl":{"start":{"line":139,"column":38},"end":{"line":139,"column":39}},"loc":{"start":{"line":139,"column":43},"end":{"line":139,"column":62}}},"12":{"name":"(anonymous_12)","decl":{"start":{"line":167,"column":62},"end":{"line":167,"column":63}},"loc":{"start":{"line":167,"column":67},"end":{"line":167,"column":90}}},"13":{"name":"(anonymous_13)","decl":{"start":{"line":172,"column":68},"end":{"line":172,"column":69}},"loc":{"start":{"line":172,"column":73},"end":{"line":172,"column":100}}},"14":{"name":"(anonymous_14)","decl":{"start":{"line":173,"column":34},"end":{"line":173,"column":35}},"loc":{"start":{"line":173,"column":39},"end":{"line":173,"column":55}}},"15":{"name":"(anonymous_15)","decl":{"start":{"line":178,"column":72},"end":{"line":178,"column":73}},"loc":{"start":{"line":178,"column":77},"end":{"line":178,"column":108}}},"16":{"name":"(anonymous_16)","decl":{"start":{"line":179,"column":38},"end":{"line":179,"column":39}},"loc":{"start":{"line":179,"column":43},"end":{"line":179,"column":65}}},"17":{"name":"(anonymous_17)","decl":{"start":{"line":186,"column":46},"end":{"line":186,"column":47}},"loc":{"start":{"line":187,"column":16},"end":{"line":187,"column":32}}},"18":{"name":"(anonymous_18)","decl":{"start":{"line":188,"column":27},"end":{"line":188,"column":30}},"loc":{"start":{"line":188,"column":32},"end":{"line":188,"column":63}}},"19":{"name":"(anonymous_19)","decl":{"start":{"line":199,"column":30},"end":{"line":199,"column":31}},"loc":{"start":{"line":199,"column":34},"end":{"line":199,"column":79}}},"20":{"name":"(anonymous_20)","decl":{"start":{"line":200,"column":31},"end":{"line":200,"column":34}},"loc":{"start":{"line":200,"column":37},"end":{"line":200,"column":57}}},"21":{"name":"(anonymous_21)","decl":{"start":{"line":201,"column":27},"end":{"line":201,"column":30}},"loc":{"start":{"line":201,"column":33},"end":{"line":201,"column":78}}},"22":{"name":"(anonymous_22)","decl":{"start":{"line":204,"column":30},"end":{"line":204,"column":31}},"loc":{"start":{"line":204,"column":34},"end":{"line":204,"column":118}}},"23":{"name":"(anonymous_23)","decl":{"start":{"line":210,"column":76},"end":{"line":210,"column":77}},"loc":{"start":{"line":210,"column":80},"end":{"line":210,"column":136}}},"24":{"name":"(anonymous_24)","decl":{"start":{"line":224,"column":25},"end":{"line":224,"column":26}},"loc":{"start":{"line":225,"column":22},"end":{"line":225,"column":38}}},"25":{"name":"(anonymous_25)","decl":{"start":{"line":236,"column":40},"end":{"line":236,"column":41}},"loc":{"start":{"line":236,"column":45},"end":{"line":236,"column":67}}},"26":{"name":"(anonymous_26)","decl":{"start":{"line":249,"column":24},"end":{"line":249,"column":28}},"loc":{"start":{"line":250,"column":20},"end":{"line":250,"column":42}}}},"branchMap":{"0":{"loc":{"start":{"line":39,"column":4},"end":{"line":42,"column":5}},"type":"if","locations":[{"start":{"line":39,"column":4},"end":{"line":42,"column":5}}]},"1":{"loc":{"start":{"line":44,"column":4},"end":{"line":47,"column":5}},"type":"if","locations":[{"start":{"line":44,"column":4},"end":{"line":47,"column":5}}]},"2":{"loc":{"start":{"line":53,"column":4},"end":{"line":53,"column":31}},"type":"if","locations":[{"start":{"line":53,"column":4},"end":{"line":53,"column":31}}]},"3":{"loc":{"start":{"line":57,"column":4},"end":{"line":57,"column":79}},"type":"if","locations":[{"start":{"line":57,"column":4},"end":{"line":57,"column":79}}]},"4":{"loc":{"start":{"line":58,"column":4},"end":{"line":58,"column":85}},"type":"if","locations":[{"start":{"line":58,"column":4},"end":{"line":58,"column":85}}]},"5":{"loc":{"start":{"line":58,"column":8},"end":{"line":58,"column":31}},"type":"binary-expr","locations":[{"start":{"line":58,"column":8},"end":{"line":58,"column":22}},{"start":{"line":58,"column":26},"end":{"line":58,"column":31}}]},"6":{"loc":{"start":{"line":59,"column":4},"end":{"line":59,"column":88}},"type":"if","locations":[{"start":{"line":59,"column":4},"end":{"line":59,"column":88}}]},"7":{"loc":{"start":{"line":59,"column":8},"end":{"line":59,"column":36}},"type":"binary-expr","locations":[{"start":{"line":59,"column":8},"end":{"line":59,"column":21}},{"start":{"line":59,"column":25},"end":{"line":59,"column":36}}]},"8":{"loc":{"start":{"line":65,"column":4},"end":{"line":65,"column":28}},"type":"if","locations":[{"start":{"line":65,"column":4},"end":{"line":65,"column":28}}]},"9":{"loc":{"start":{"line":66,"column":4},"end":{"line":67,"column":31}},"type":"if","locations":[{"start":{"line":66,"column":4},"end":{"line":67,"column":31}},{"start":{"line":67,"column":9},"end":{"line":67,"column":31}}]},"10":{"loc":{"start":{"line":71,"column":4},"end":{"line":71,"column":22}},"type":"if","locations":[{"start":{"line":71,"column":4},"end":{"line":71,"column":22}}]},"11":{"loc":{"start":{"line":118,"column":4},"end":{"line":127,"column":5}},"type":"if","locations":[{"start":{"line":118,"column":4},"end":{"line":127,"column":5}}]},"12":{"loc":{"start":{"line":120,"column":6},"end":{"line":120,"column":51}},"type":"if","locations":[{"start":{"line":120,"column":6},"end":{"line":120,"column":51}}]},"13":{"loc":{"start":{"line":122,"column":6},"end":{"line":122,"column":69}},"type":"if","locations":[{"start":{"line":122,"column":6},"end":{"line":122,"column":69}}]},"14":{"loc":{"start":{"line":123,"column":6},"end":{"line":123,"column":57}},"type":"if","locations":[{"start":{"line":123,"column":6},"end":{"line":123,"column":57}}]},"15":{"loc":{"start":{"line":124,"column":6},"end":{"line":124,"column":64}},"type":"if","locations":[{"start":{"line":124,"column":6},"end":{"line":124,"column":64}}]},"16":{"loc":{"start":{"line":125,"column":6},"end":{"line":125,"column":76}},"type":"if","locations":[{"start":{"line":125,"column":6},"end":{"line":125,"column":76}}]},"17":{"loc":{"start":{"line":126,"column":6},"end":{"line":126,"column":102}},"type":"if","locations":[{"start":{"line":126,"column":6},"end":{"line":126,"column":102}}]},"18":{"loc":{"start":{"line":126,"column":36},"end":{"line":126,"column":100}},"type":"binary-expr","locations":[{"start":{"line":126,"column":36},"end":{"line":126,"column":83}},{"start":{"line":126,"column":87},"end":{"line":126,"column":100}}]},"19":{"loc":{"start":{"line":128,"column":4},"end":{"line":128,"column":49}},"type":"if","locations":[{"start":{"line":128,"column":4},"end":{"line":128,"column":49}}]},"20":{"loc":{"start":{"line":132,"column":18},"end":{"line":132,"column":66}},"type":"binary-expr","locations":[{"start":{"line":132,"column":18},"end":{"line":132,"column":60}},{"start":{"line":132,"column":64},"end":{"line":132,"column":66}}]},"21":{"loc":{"start":{"line":133,"column":19},"end":{"line":133,"column":73}},"type":"binary-expr","locations":[{"start":{"line":133,"column":19},"end":{"line":133,"column":37}},{"start":{"line":133,"column":41},"end":{"line":133,"column":73}}]},"22":{"loc":{"start":{"line":152,"column":13},"end":{"line":152,"column":86}},"type":"binary-expr","locations":[{"start":{"line":152,"column":13},"end":{"line":152,"column":18}},{"start":{"line":152,"column":22},"end":{"line":152,"column":86}}]},"23":{"loc":{"start":{"line":154,"column":13},"end":{"line":160,"column":null}},"type":"binary-expr","locations":[{"start":{"line":154,"column":13},"end":{"line":154,"column":21}},{"start":{"line":154,"column":25},"end":{"line":154,"column":31}},{"start":{"line":155,"column":14},"end":{"line":159,"column":null}}]},"24":{"loc":{"start":{"line":155,"column":58},"end":{"line":155,"column":91}},"type":"cond-expr","locations":[{"start":{"line":155,"column":70},"end":{"line":155,"column":79}},{"start":{"line":155,"column":82},"end":{"line":155,"column":91}}]},"25":{"loc":{"start":{"line":155,"column":106},"end":{"line":155,"column":139}},"type":"cond-expr","locations":[{"start":{"line":155,"column":118},"end":{"line":155,"column":127}},{"start":{"line":155,"column":130},"end":{"line":155,"column":139}}]},"26":{"loc":{"start":{"line":155,"column":148},"end":{"line":155,"column":181}},"type":"cond-expr","locations":[{"start":{"line":155,"column":160},"end":{"line":155,"column":169}},{"start":{"line":155,"column":172},"end":{"line":155,"column":181}}]},"27":{"loc":{"start":{"line":156,"column":17},"end":{"line":157,"column":null}},"type":"binary-expr","locations":[{"start":{"line":156,"column":17},"end":{"line":156,"column":28}},{"start":{"line":156,"column":32},"end":{"line":156,"column":42}},{"start":{"line":157,"column":18},"end":{"line":157,"column":220}}]},"28":{"loc":{"start":{"line":173,"column":66},"end":{"line":173,"column":88}},"type":"binary-expr","locations":[{"start":{"line":173,"column":66},"end":{"line":173,"column":67}},{"start":{"line":173,"column":71},"end":{"line":173,"column":88}}]},"29":{"loc":{"start":{"line":187,"column":55},"end":{"line":187,"column":83}},"type":"cond-expr","locations":[{"start":{"line":187,"column":67},"end":{"line":187,"column":78}},{"start":{"line":187,"column":81},"end":{"line":187,"column":83}}]},"30":{"loc":{"start":{"line":189,"column":19},"end":{"line":189,"column":73}},"type":"cond-expr","locations":[{"start":{"line":189,"column":34},"end":{"line":189,"column":50}},{"start":{"line":189,"column":53},"end":{"line":189,"column":73}}]},"31":{"loc":{"start":{"line":195,"column":13},"end":{"line":228,"column":null}},"type":"binary-expr","locations":[{"start":{"line":195,"column":13},"end":{"line":195,"column":27}},{"start":{"line":196,"column":14},"end":{"line":227,"column":null}}]},"32":{"loc":{"start":{"line":197,"column":58},"end":{"line":197,"column":111}},"type":"cond-expr","locations":[{"start":{"line":197,"column":71},"end":{"line":197,"column":80}},{"start":{"line":197,"column":83},"end":{"line":197,"column":111}}]},"33":{"loc":{"start":{"line":197,"column":83},"end":{"line":197,"column":111}},"type":"cond-expr","locations":[{"start":{"line":197,"column":90},"end":{"line":197,"column":99}},{"start":{"line":197,"column":102},"end":{"line":197,"column":111}}]},"34":{"loc":{"start":{"line":197,"column":130},"end":{"line":197,"column":183}},"type":"cond-expr","locations":[{"start":{"line":197,"column":143},"end":{"line":197,"column":152}},{"start":{"line":197,"column":155},"end":{"line":197,"column":183}}]},"35":{"loc":{"start":{"line":197,"column":155},"end":{"line":197,"column":183}},"type":"cond-expr","locations":[{"start":{"line":197,"column":162},"end":{"line":197,"column":171}},{"start":{"line":197,"column":174},"end":{"line":197,"column":183}}]},"36":{"loc":{"start":{"line":197,"column":193},"end":{"line":197,"column":232}},"type":"cond-expr","locations":[{"start":{"line":197,"column":207},"end":{"line":197,"column":220}},{"start":{"line":197,"column":223},"end":{"line":197,"column":232}}]},"37":{"loc":{"start":{"line":201,"column":33},"end":{"line":201,"column":78}},"type":"binary-expr","locations":[{"start":{"line":201,"column":33},"end":{"line":201,"column":45}},{"start":{"line":201,"column":49},"end":{"line":201,"column":78}}]},"38":{"loc":{"start":{"line":204,"column":68},"end":{"line":204,"column":95}},"type":"if","locations":[{"start":{"line":204,"column":68},"end":{"line":204,"column":95}}]},"39":{"loc":{"start":{"line":205,"column":19},"end":{"line":219,"column":null}},"type":"cond-expr","locations":[{"start":{"line":206,"column":20},"end":{"line":210,"column":null}},{"start":{"line":213,"column":20},"end":{"line":218,"column":null}}]},"40":{"loc":{"start":{"line":210,"column":23},"end":{"line":210,"column":158}},"type":"binary-expr","locations":[{"start":{"line":210,"column":23},"end":{"line":210,"column":35}},{"start":{"line":210,"column":39},"end":{"line":210,"column":158}}]},"41":{"loc":{"start":{"line":216,"column":25},"end":{"line":216,"column":84}},"type":"cond-expr","locations":[{"start":{"line":216,"column":38},"end":{"line":216,"column":49}},{"start":{"line":216,"column":52},"end":{"line":216,"column":84}}]},"42":{"loc":{"start":{"line":232,"column":13},"end":{"line":269,"column":null}},"type":"binary-expr","locations":[{"start":{"line":232,"column":13},"end":{"line":232,"column":26}},{"start":{"line":233,"column":14},"end":{"line":268,"column":null}}]},"43":{"loc":{"start":{"line":276,"column":54},"end":{"line":276,"column":75}},"type":"cond-expr","locations":[{"start":{"line":276,"column":68},"end":{"line":276,"column":71}},{"start":{"line":276,"column":74},"end":{"line":276,"column":75}}]},"44":{"loc":{"start":{"line":276,"column":85},"end":{"line":276,"column":124}},"type":"cond-expr","locations":[{"start":{"line":276,"column":99},"end":{"line":276,"column":112}},{"start":{"line":276,"column":115},"end":{"line":276,"column":124}}]},"45":{"loc":{"start":{"line":278,"column":15},"end":{"line":278,"column":67}},"type":"cond-expr","locations":[{"start":{"line":278,"column":29},"end":{"line":278,"column":45}},{"start":{"line":278,"column":48},"end":{"line":278,"column":67}}]}},"s":{"0":4,"1":4,"2":4,"3":4,"4":74,"5":74,"6":74,"7":74,"8":74,"9":74,"10":74,"11":74,"12":74,"13":74,"14":74,"15":74,"16":74,"17":4,"18":4,"19":1,"20":1,"21":3,"22":3,"23":3,"24":3,"25":5,"26":0,"27":0,"28":0,"29":0,"30":0,"31":5,"32":1,"33":1,"34":4,"35":0,"36":0,"37":4,"38":1,"39":1,"40":3,"41":5,"42":5,"43":2,"44":3,"45":2,"46":1,"47":2,"48":0,"49":2,"50":2,"51":2,"52":2,"53":2,"54":2,"55":2,"56":2,"57":2,"58":2,"59":1,"60":1,"61":1,"62":1,"63":1,"64":1,"65":1,"66":1,"67":1,"68":1,"69":1,"70":1,"71":1,"72":1,"73":1,"74":1,"75":1,"76":1,"77":1,"78":1,"79":0,"80":0,"81":0,"82":0,"83":0,"84":0,"85":0,"86":1,"87":1,"88":1,"89":2,"90":2,"91":2,"92":2,"93":2,"94":1,"95":1,"96":1,"97":0,"98":1,"99":0,"100":1,"101":0,"102":1,"103":1,"104":0,"105":0,"106":0,"107":0,"108":0,"109":74,"110":74,"111":74,"112":18,"113":23,"114":0,"115":740,"116":0,"117":296,"118":148,"119":2,"120":2,"121":0,"122":0,"123":0,"124":8,"125":4,"126":4,"127":4,"128":4,"129":0,"130":0,"131":0,"132":54,"133":28,"134":280,"135":4},"f":{"0":74,"1":4,"2":5,"3":0,"4":5,"5":5,"6":2,"7":1,"8":1,"9":0,"10":2,"11":18,"12":23,"13":0,"14":740,"15":0,"16":296,"17":148,"18":2,"19":0,"20":0,"21":8,"22":4,"23":0,"24":54,"25":28,"26":280},"b":{"0":[1],"1":[3],"2":[0],"3":[1],"4":[0],"5":[4,2],"6":[1],"7":[4,2],"8":[2],"9":[2,1],"10":[0],"11":[2],"12":[1],"13":[0],"14":[0],"15":[0],"16":[1],"17":[0],"18":[0,0],"19":[0],"20":[74,66],"21":[74,66],"22":[74,5],"23":[74,5,5],"24":[2,3],"25":[2,3],"26":[2,3],"27":[5,5,3],"28":[740,74],"29":[74,74],"30":[74,74],"31":[74,18],"32":[0,18],"33":[8,10],"34":[0,18],"35":[8,10],"36":[4,14],"37":[8,8],"38":[4],"39":[8,10],"40":[8,4],"41":[0,10],"42":[74,56],"43":[5,69],"44":[5,69],"45":[5,69]}}
,"C:\\Users\\KT-User\\Projects\\kasetti projects\\Template-Builder-ui\\template-builder-ui\\src\\components\\editor\\AIToolsPanel.tsx": {"path":"C:\\Users\\KT-User\\Projects\\kasetti projects\\Template-Builder-ui\\template-builder-ui\\src\\components\\editor\\AIToolsPanel.tsx","statementMap":{"0":{"start":{"line":19,"column":18},"end":{"line":19,"column":72}},"1":{"start":{"line":20,"column":18},"end":{"line":20,"column":117}},"2":{"start":{"line":24,"column":19},"end":{"line":24,"column":60}},"3":{"start":{"line":25,"column":28},"end":{"line":25,"column":78}},"4":{"start":{"line":26,"column":2},"end":{"line":26,"column":36}},"5":{"start":{"line":26,"column":13},"end":{"line":26,"column":36}},"6":{"start":{"line":27,"column":2},"end":{"line":27,"column":64}},"7":{"start":{"line":27,"column":15},"end":{"line":27,"column":64}},"8":{"start":{"line":28,"column":2},"end":{"line":28,"column":16}},"9":{"start":{"line":32,"column":38},"end":{"line":32,"column":66}},"10":{"start":{"line":33,"column":38},"end":{"line":33,"column":53}},"11":{"start":{"line":34,"column":38},"end":{"line":34,"column":67}},"12":{"start":{"line":35,"column":38},"end":{"line":35,"column":67}},"13":{"start":{"line":37,"column":40},"end":{"line":37,"column":52}},"14":{"start":{"line":38,"column":40},"end":{"line":38,"column":58}},"15":{"start":{"line":39,"column":40},"end":{"line":39,"column":57}},"16":{"start":{"line":41,"column":26},"end":{"line":41,"column":76}},"17":{"start":{"line":41,"column":45},"end":{"line":41,"column":75}},"18":{"start":{"line":42,"column":26},"end":{"line":42,"column":93}},"19":{"start":{"line":45,"column":4},"end":{"line":45,"column":33}},"20":{"start":{"line":45,"column":26},"end":{"line":45,"column":33}},"21":{"start":{"line":46,"column":4},"end":{"line":48,"column":7}},"22":{"start":{"line":47,"column":6},"end":{"line":47,"column":66}},"23":{"start":{"line":49,"column":4},"end":{"line":49,"column":20}},"24":{"start":{"line":53,"column":4},"end":{"line":53,"column":23}},"25":{"start":{"line":54,"column":4},"end":{"line":54,"column":19}},"26":{"start":{"line":55,"column":4},"end":{"line":55,"column":20}},"27":{"start":{"line":56,"column":4},"end":{"line":67,"column":5}},"28":{"start":{"line":57,"column":19},"end":{"line":57,"column":43}},"29":{"start":{"line":58,"column":6},"end":{"line":58,"column":22}},"30":{"start":{"line":60,"column":19},"end":{"line":60,"column":40}},"31":{"start":{"line":61,"column":6},"end":{"line":64,"column":8}},"32":{"start":{"line":66,"column":6},"end":{"line":66,"column":26}},"33":{"start":{"line":70,"column":20},"end":{"line":75,"column":4}},"34":{"start":{"line":77,"column":2},"end":{"line":225,"column":4}},"35":{"start":{"line":79,"column":43},"end":{"line":79,"column":62}},"36":{"start":{"line":93,"column":12},"end":{"line":93,"column":null}},"37":{"start":{"line":95,"column":31},"end":{"line":95,"column":51}},"38":{"start":{"line":95,"column":52},"end":{"line":95,"column":68}},"39":{"start":{"line":95,"column":69},"end":{"line":95,"column":84}},"40":{"start":{"line":115,"column":33},"end":{"line":115,"column":63}},"41":{"start":{"line":120,"column":31},"end":{"line":120,"column":69}},"42":{"start":{"line":140,"column":20},"end":{"line":140,"column":36}},"43":{"start":{"line":140,"column":110},"end":{"line":140,"column":120}},"44":{"start":{"line":146,"column":31},"end":{"line":146,"column":86}},"45":{"start":{"line":166,"column":20},"end":{"line":166,"column":36}},"46":{"start":{"line":166,"column":114},"end":{"line":166,"column":128}},"47":{"start":{"line":172,"column":31},"end":{"line":172,"column":93}},"48":{"start":{"line":185,"column":38},"end":{"line":185,"column":55}},"49":{"start":{"line":189,"column":31},"end":{"line":195,"column":18}},"50":{"start":{"line":192,"column":35},"end":{"line":192,"column":65}},"51":{"start":{"line":193,"column":35},"end":{"line":193,"column":65}},"52":{"start":{"line":210,"column":62},"end":{"line":210,"column":82}},"53":{"start":{"line":215,"column":59},"end":{"line":215,"column":96}},"54":{"start":{"line":228,"column":47},"end":{"line":262,"column":2}}},"fnMap":{"0":{"name":"callAITool","decl":{"start":{"line":23,"column":15},"end":{"line":23,"column":25}},"loc":{"start":{"line":23,"column":56},"end":{"line":29,"column":1}}},"1":{"name":"AIToolsPanel","decl":{"start":{"line":31,"column":24},"end":{"line":31,"column":36}},"loc":{"start":{"line":31,"column":96},"end":{"line":226,"column":1}}},"2":{"name":"(anonymous_2)","decl":{"start":{"line":41,"column":38},"end":{"line":41,"column":39}},"loc":{"start":{"line":41,"column":45},"end":{"line":41,"column":75}}},"3":{"name":"applyToBlock","decl":{"start":{"line":44,"column":11},"end":{"line":44,"column":23}},"loc":{"start":{"line":44,"column":36},"end":{"line":50,"column":3}}},"4":{"name":"(anonymous_4)","decl":{"start":{"line":46,"column":30},"end":{"line":46,"column":31}},"loc":{"start":{"line":47,"column":6},"end":{"line":47,"column":66}}},"5":{"name":"run","decl":{"start":{"line":52,"column":17},"end":{"line":52,"column":20}},"loc":{"start":{"line":52,"column":51},"end":{"line":68,"column":3}}},"6":{"name":"(anonymous_6)","decl":{"start":{"line":79,"column":36},"end":{"line":79,"column":37}},"loc":{"start":{"line":79,"column":43},"end":{"line":79,"column":62}}},"7":{"name":"(anonymous_7)","decl":{"start":{"line":92,"column":25},"end":{"line":92,"column":26}},"loc":{"start":{"line":93,"column":12},"end":{"line":93,"column":null}}},"8":{"name":"(anonymous_8)","decl":{"start":{"line":95,"column":23},"end":{"line":95,"column":26}},"loc":{"start":{"line":95,"column":28},"end":{"line":95,"column":86}}},"9":{"name":"(anonymous_9)","decl":{"start":{"line":115,"column":26},"end":{"line":115,"column":27}},"loc":{"start":{"line":115,"column":33},"end":{"line":115,"column":63}}},"10":{"name":"(anonymous_10)","decl":{"start":{"line":120,"column":25},"end":{"line":120,"column":28}},"loc":{"start":{"line":120,"column":31},"end":{"line":120,"column":69}}},"11":{"name":"(anonymous_11)","decl":{"start":{"line":139,"column":29},"end":{"line":139,"column":30}},"loc":{"start":{"line":140,"column":20},"end":{"line":140,"column":36}}},"12":{"name":"(anonymous_12)","decl":{"start":{"line":140,"column":104},"end":{"line":140,"column":107}},"loc":{"start":{"line":140,"column":110},"end":{"line":140,"column":120}}},"13":{"name":"(anonymous_13)","decl":{"start":{"line":146,"column":25},"end":{"line":146,"column":28}},"loc":{"start":{"line":146,"column":31},"end":{"line":146,"column":86}}},"14":{"name":"(anonymous_14)","decl":{"start":{"line":165,"column":33},"end":{"line":165,"column":34}},"loc":{"start":{"line":166,"column":20},"end":{"line":166,"column":36}}},"15":{"name":"(anonymous_15)","decl":{"start":{"line":166,"column":108},"end":{"line":166,"column":111}},"loc":{"start":{"line":166,"column":114},"end":{"line":166,"column":128}}},"16":{"name":"(anonymous_16)","decl":{"start":{"line":172,"column":25},"end":{"line":172,"column":28}},"loc":{"start":{"line":172,"column":31},"end":{"line":172,"column":93}}},"17":{"name":"(anonymous_17)","decl":{"start":{"line":185,"column":31},"end":{"line":185,"column":32}},"loc":{"start":{"line":185,"column":38},"end":{"line":185,"column":55}}},"18":{"name":"(anonymous_18)","decl":{"start":{"line":189,"column":25},"end":{"line":189,"column":28}},"loc":{"start":{"line":189,"column":31},"end":{"line":195,"column":18}}},"19":{"name":"(anonymous_19)","decl":{"start":{"line":192,"column":28},"end":{"line":192,"column":29}},"loc":{"start":{"line":192,"column":35},"end":{"line":192,"column":65}}},"20":{"name":"(anonymous_20)","decl":{"start":{"line":193,"column":25},"end":{"line":193,"column":26}},"loc":{"start":{"line":193,"column":35},"end":{"line":193,"column":65}}},"21":{"name":"(anonymous_21)","decl":{"start":{"line":210,"column":56},"end":{"line":210,"column":59}},"loc":{"start":{"line":210,"column":62},"end":{"line":210,"column":82}}},"22":{"name":"(anonymous_22)","decl":{"start":{"line":215,"column":53},"end":{"line":215,"column":56}},"loc":{"start":{"line":215,"column":59},"end":{"line":215,"column":96}}}},"branchMap":{"0":{"loc":{"start":{"line":26,"column":2},"end":{"line":26,"column":36}},"type":"if","locations":[{"start":{"line":26,"column":2},"end":{"line":26,"column":36}}]},"1":{"loc":{"start":{"line":27,"column":2},"end":{"line":27,"column":64}},"type":"if","locations":[{"start":{"line":27,"column":2},"end":{"line":27,"column":64}}]},"2":{"loc":{"start":{"line":42,"column":26},"end":{"line":42,"column":93}},"type":"cond-expr","locations":[{"start":{"line":42,"column":60},"end":{"line":42,"column":87}},{"start":{"line":42,"column":91},"end":{"line":42,"column":93}}]},"3":{"loc":{"start":{"line":42,"column":60},"end":{"line":42,"column":87}},"type":"binary-expr","locations":[{"start":{"line":42,"column":60},"end":{"line":42,"column":81}},{"start":{"line":42,"column":85},"end":{"line":42,"column":87}}]},"4":{"loc":{"start":{"line":45,"column":4},"end":{"line":45,"column":33}},"type":"if","locations":[{"start":{"line":45,"column":4},"end":{"line":45,"column":33}}]},"5":{"loc":{"start":{"line":47,"column":6},"end":{"line":47,"column":66}},"type":"cond-expr","locations":[{"start":{"line":47,"column":39},"end":{"line":47,"column":62}},{"start":{"line":47,"column":65},"end":{"line":47,"column":66}}]},"6":{"loc":{"start":{"line":61,"column":15},"end":{"line":63,"column":13}},"type":"cond-expr","locations":[{"start":{"line":62,"column":10},"end":{"line":62,"column":71}},{"start":{"line":63,"column":10},"end":{"line":63,"column":13}}]},"7":{"loc":{"start":{"line":94,"column":37},"end":{"line":94,"column":75}},"type":"cond-expr","locations":[{"start":{"line":94,"column":59},"end":{"line":94,"column":70}},{"start":{"line":94,"column":73},"end":{"line":94,"column":75}}]},"8":{"loc":{"start":{"line":106,"column":11},"end":{"line":106,"column":57}},"type":"binary-expr","locations":[{"start":{"line":106,"column":11},"end":{"line":106,"column":16}},{"start":{"line":106,"column":20},"end":{"line":106,"column":57}}]},"9":{"loc":{"start":{"line":109,"column":11},"end":{"line":125,"column":null}},"type":"binary-expr","locations":[{"start":{"line":109,"column":11},"end":{"line":109,"column":36}},{"start":{"line":110,"column":12},"end":{"line":124,"column":null}}]},"10":{"loc":{"start":{"line":119,"column":47},"end":{"line":119,"column":89}},"type":"cond-expr","locations":[{"start":{"line":119,"column":82},"end":{"line":119,"column":85}},{"start":{"line":119,"column":88},"end":{"line":119,"column":89}}]},"11":{"loc":{"start":{"line":119,"column":47},"end":{"line":119,"column":79}},"type":"binary-expr","locations":[{"start":{"line":119,"column":47},"end":{"line":119,"column":56}},{"start":{"line":119,"column":60},"end":{"line":119,"column":79}}]},"12":{"loc":{"start":{"line":121,"column":26},"end":{"line":121,"column":58}},"type":"binary-expr","locations":[{"start":{"line":121,"column":26},"end":{"line":121,"column":35}},{"start":{"line":121,"column":39},"end":{"line":121,"column":58}}]},"13":{"loc":{"start":{"line":123,"column":17},"end":{"line":123,"column":69}},"type":"cond-expr","locations":[{"start":{"line":123,"column":29},"end":{"line":123,"column":46}},{"start":{"line":123,"column":49},"end":{"line":123,"column":69}}]},"14":{"loc":{"start":{"line":129,"column":11},"end":{"line":151,"column":null}},"type":"binary-expr","locations":[{"start":{"line":129,"column":11},"end":{"line":129,"column":34}},{"start":{"line":130,"column":12},"end":{"line":150,"column":null}}]},"15":{"loc":{"start":{"line":132,"column":15},"end":{"line":134,"column":86}},"type":"cond-expr","locations":[{"start":{"line":133,"column":18},"end":{"line":133,"column":203}},{"start":{"line":134,"column":18},"end":{"line":134,"column":86}}]},"16":{"loc":{"start":{"line":133,"column":149},"end":{"line":133,"column":190}},"type":"cond-expr","locations":[{"start":{"line":133,"column":180},"end":{"line":133,"column":185}},{"start":{"line":133,"column":188},"end":{"line":133,"column":190}}]},"17":{"loc":{"start":{"line":140,"column":60},"end":{"line":140,"column":90}},"type":"cond-expr","locations":[{"start":{"line":140,"column":73},"end":{"line":140,"column":85}},{"start":{"line":140,"column":88},"end":{"line":140,"column":90}}]},"18":{"loc":{"start":{"line":145,"column":47},"end":{"line":145,"column":86}},"type":"cond-expr","locations":[{"start":{"line":145,"column":79},"end":{"line":145,"column":82}},{"start":{"line":145,"column":85},"end":{"line":145,"column":86}}]},"19":{"loc":{"start":{"line":145,"column":47},"end":{"line":145,"column":76}},"type":"binary-expr","locations":[{"start":{"line":145,"column":47},"end":{"line":145,"column":56}},{"start":{"line":145,"column":60},"end":{"line":145,"column":76}}]},"20":{"loc":{"start":{"line":147,"column":26},"end":{"line":147,"column":55}},"type":"binary-expr","locations":[{"start":{"line":147,"column":26},"end":{"line":147,"column":35}},{"start":{"line":147,"column":39},"end":{"line":147,"column":55}}]},"21":{"loc":{"start":{"line":149,"column":17},"end":{"line":149,"column":63}},"type":"cond-expr","locations":[{"start":{"line":149,"column":29},"end":{"line":149,"column":45}},{"start":{"line":149,"column":48},"end":{"line":149,"column":63}}]},"22":{"loc":{"start":{"line":155,"column":11},"end":{"line":177,"column":null}},"type":"binary-expr","locations":[{"start":{"line":155,"column":11},"end":{"line":155,"column":37}},{"start":{"line":156,"column":12},"end":{"line":176,"column":null}}]},"23":{"loc":{"start":{"line":158,"column":15},"end":{"line":160,"column":86}},"type":"cond-expr","locations":[{"start":{"line":159,"column":18},"end":{"line":159,"column":203}},{"start":{"line":160,"column":18},"end":{"line":160,"column":86}}]},"24":{"loc":{"start":{"line":159,"column":149},"end":{"line":159,"column":190}},"type":"cond-expr","locations":[{"start":{"line":159,"column":180},"end":{"line":159,"column":185}},{"start":{"line":159,"column":188},"end":{"line":159,"column":190}}]},"25":{"loc":{"start":{"line":166,"column":60},"end":{"line":166,"column":94}},"type":"cond-expr","locations":[{"start":{"line":166,"column":77},"end":{"line":166,"column":89}},{"start":{"line":166,"column":92},"end":{"line":166,"column":94}}]},"26":{"loc":{"start":{"line":171,"column":47},"end":{"line":171,"column":86}},"type":"cond-expr","locations":[{"start":{"line":171,"column":79},"end":{"line":171,"column":82}},{"start":{"line":171,"column":85},"end":{"line":171,"column":86}}]},"27":{"loc":{"start":{"line":171,"column":47},"end":{"line":171,"column":76}},"type":"binary-expr","locations":[{"start":{"line":171,"column":47},"end":{"line":171,"column":56}},{"start":{"line":171,"column":60},"end":{"line":171,"column":76}}]},"28":{"loc":{"start":{"line":173,"column":26},"end":{"line":173,"column":55}},"type":"binary-expr","locations":[{"start":{"line":173,"column":26},"end":{"line":173,"column":35}},{"start":{"line":173,"column":39},"end":{"line":173,"column":55}}]},"29":{"loc":{"start":{"line":175,"column":17},"end":{"line":175,"column":63}},"type":"cond-expr","locations":[{"start":{"line":175,"column":29},"end":{"line":175,"column":47}},{"start":{"line":175,"column":50},"end":{"line":175,"column":63}}]},"30":{"loc":{"start":{"line":181,"column":11},"end":{"line":200,"column":null}},"type":"binary-expr","locations":[{"start":{"line":181,"column":11},"end":{"line":181,"column":33}},{"start":{"line":182,"column":12},"end":{"line":199,"column":null}}]},"31":{"loc":{"start":{"line":188,"column":47},"end":{"line":188,"column":66}},"type":"cond-expr","locations":[{"start":{"line":188,"column":59},"end":{"line":188,"column":62}},{"start":{"line":188,"column":65},"end":{"line":188,"column":66}}]},"32":{"loc":{"start":{"line":191,"column":30},"end":{"line":194,"column":59}},"type":"binary-expr","locations":[{"start":{"line":191,"column":30},"end":{"line":194,"column":33}},{"start":{"line":194,"column":37},"end":{"line":194,"column":59}}]},"33":{"loc":{"start":{"line":192,"column":35},"end":{"line":192,"column":65}},"type":"binary-expr","locations":[{"start":{"line":192,"column":35},"end":{"line":192,"column":52}},{"start":{"line":192,"column":56},"end":{"line":192,"column":65}}]},"34":{"loc":{"start":{"line":198,"column":17},"end":{"line":198,"column":70}},"type":"cond-expr","locations":[{"start":{"line":198,"column":29},"end":{"line":198,"column":44}},{"start":{"line":198,"column":47},"end":{"line":198,"column":70}}]},"35":{"loc":{"start":{"line":204,"column":11},"end":{"line":219,"column":null}},"type":"binary-expr","locations":[{"start":{"line":204,"column":11},"end":{"line":204,"column":17}},{"start":{"line":205,"column":12},"end":{"line":218,"column":null}}]},"36":{"loc":{"start":{"line":209,"column":19},"end":{"line":210,"column":null}},"type":"binary-expr","locations":[{"start":{"line":209,"column":19},"end":{"line":209,"column":41}},{"start":{"line":209,"column":45},"end":{"line":209,"column":60}},{"start":{"line":210,"column":20},"end":{"line":210,"column":109}}]},"37":{"loc":{"start":{"line":212,"column":19},"end":{"line":213,"column":null}},"type":"binary-expr","locations":[{"start":{"line":212,"column":19},"end":{"line":212,"column":44}},{"start":{"line":212,"column":48},"end":{"line":212,"column":64}},{"start":{"line":213,"column":20},"end":{"line":213,"column":104}}]}},"s":{"0":4,"1":4,"2":2,"3":1,"4":1,"5":0,"6":1,"7":0,"8":1,"9":37,"10":37,"11":37,"12":37,"13":37,"14":37,"15":37,"16":37,"17":19,"18":37,"19":1,"20":0,"21":1,"22":1,"23":1,"24":2,"25":2,"26":2,"27":2,"28":2,"29":1,"30":1,"31":1,"32":2,"33":37,"34":37,"35":5,"36":148,"37":0,"38":0,"39":0,"40":30,"41":2,"42":0,"43":0,"44":0,"45":0,"46":0,"47":0,"48":0,"49":0,"50":0,"51":0,"52":1,"53":0,"54":4},"f":{"0":2,"1":37,"2":19,"3":1,"4":1,"5":2,"6":5,"7":148,"8":0,"9":30,"10":2,"11":0,"12":0,"13":0,"14":0,"15":0,"16":0,"17":0,"18":0,"19":0,"20":0,"21":1,"22":0},"b":{"0":[0],"1":[0],"2":[19,18],"3":[19,0],"4":[0],"5":[1,0],"6":[1,0],"7":[37,111],"8":[37,1],"9":[37,37],"10":[4,33],"11":[37,35],"12":[37,35],"13":[2,35],"14":[37,0],"15":[0,0],"16":[0,0],"17":[0,0],"18":[0,0],"19":[0,0],"20":[0,0],"21":[0,0],"22":[37,0],"23":[0,0],"24":[0,0],"25":[0,0],"26":[0,0],"27":[0,0],"28":[0,0],"29":[0,0],"30":[37,0],"31":[0,0],"32":[0,0],"33":[0,0],"34":[0,0],"35":[37,1],"36":[1,1,1],"37":[1,1,0]}}
,"C:\\Users\\KT-User\\Projects\\kasetti projects\\Template-Builder-ui\\template-builder-ui\\src\\components\\editor\\BlockCanvas.tsx": {"path":"C:\\Users\\KT-User\\Projects\\kasetti projects\\Template-Builder-ui\\template-builder-ui\\src\\components\\editor\\BlockCanvas.tsx","statementMap":{"0":{"start":{"line":26,"column":23},"end":{"line":26,"column":56}},"1":{"start":{"line":41,"column":13},"end":{"line":41,"column":19}},"2":{"start":{"line":42,"column":2},"end":{"line":55,"column":3}},"3":{"start":{"line":43,"column":20},"end":{"line":43,"column":71}},"4":{"start":{"line":44,"column":20},"end":{"line":52,"column":6}},"5":{"start":{"line":53,"column":20},"end":{"line":53,"column":68}},"6":{"start":{"line":54,"column":20},"end":{"line":54,"column":95}},"7":{"start":{"line":58,"column":42},"end":{"line":60,"column":2}},"8":{"start":{"line":69,"column":2},"end":{"line":69,"column":21}},"9":{"start":{"line":70,"column":2},"end":{"line":70,"column":22}},"10":{"start":{"line":71,"column":20},"end":{"line":71,"column":58}},"11":{"start":{"line":72,"column":2},"end":{"line":72,"column":25}},"12":{"start":{"line":72,"column":18},"end":{"line":72,"column":25}},"13":{"start":{"line":74,"column":20},"end":{"line":74,"column":39}},"14":{"start":{"line":75,"column":21},"end":{"line":75,"column":67}},"15":{"start":{"line":76,"column":21},"end":{"line":76,"column":76}},"16":{"start":{"line":77,"column":2},"end":{"line":77,"column":36}},"17":{"start":{"line":78,"column":2},"end":{"line":78,"column":32}},"18":{"start":{"line":105,"column":4},"end":{"line":105,"column":39}},"19":{"start":{"line":108,"column":38},"end":{"line":108,"column":53}},"20":{"start":{"line":110,"column":37},"end":{"line":115,"column":4}},"21":{"start":{"line":117,"column":2},"end":{"line":179,"column":4}},"22":{"start":{"line":128,"column":31},"end":{"line":128,"column":50}},"23":{"start":{"line":128,"column":51},"end":{"line":128,"column":71}},"24":{"start":{"line":129,"column":31},"end":{"line":129,"column":51}},"25":{"start":{"line":131,"column":14},"end":{"line":131,"column":35}},"26":{"start":{"line":132,"column":14},"end":{"line":132,"column":65}},"27":{"start":{"line":147,"column":37},"end":{"line":147,"column":58}},"28":{"start":{"line":148,"column":30},"end":{"line":148,"column":59}},"29":{"start":{"line":154,"column":37},"end":{"line":154,"column":57}},"30":{"start":{"line":154,"column":58},"end":{"line":154,"column":69}},"31":{"start":{"line":157,"column":104},"end":{"line":157,"column":106}},"32":{"start":{"line":160,"column":51},"end":{"line":160,"column":86}},"33":{"start":{"line":161,"column":43},"end":{"line":161,"column":84}},"34":{"start":{"line":162,"column":51},"end":{"line":162,"column":100}},"35":{"start":{"line":167,"column":57},"end":{"line":167,"column":74}},"36":{"start":{"line":172,"column":43},"end":{"line":172,"column":64}},"37":{"start":{"line":189,"column":44},"end":{"line":189,"column":72}},"38":{"start":{"line":190,"column":44},"end":{"line":190,"column":58}},"39":{"start":{"line":191,"column":44},"end":{"line":191,"column":56}},"40":{"start":{"line":192,"column":44},"end":{"line":192,"column":56}},"41":{"start":{"line":193,"column":44},"end":{"line":193,"column":76}},"42":{"start":{"line":195,"column":2},"end":{"line":200,"column":5}},"43":{"start":{"line":196,"column":4},"end":{"line":199,"column":42}},"44":{"start":{"line":197,"column":19},"end":{"line":197,"column":45}},"45":{"start":{"line":198,"column":19},"end":{"line":198,"column":39}},"46":{"start":{"line":199,"column":21},"end":{"line":199,"column":40}},"47":{"start":{"line":202,"column":19},"end":{"line":208,"column":4}},"48":{"start":{"line":203,"column":24},"end":{"line":205,"column":70}},"49":{"start":{"line":205,"column":23},"end":{"line":205,"column":69}},"50":{"start":{"line":206,"column":22},"end":{"line":206,"column":58}},"51":{"start":{"line":207,"column":4},"end":{"line":207,"column":36}},"52":{"start":{"line":211,"column":34},"end":{"line":214,"column":6}},"53":{"start":{"line":215,"column":4},"end":{"line":215,"column":25}},"54":{"start":{"line":216,"column":4},"end":{"line":216,"column":54}},"55":{"start":{"line":216,"column":21},"end":{"line":216,"column":52}},"56":{"start":{"line":219,"column":2},"end":{"line":290,"column":4}},"57":{"start":{"line":221,"column":48},"end":{"line":221,"column":67}},"58":{"start":{"line":234,"column":27},"end":{"line":234,"column":52}},"59":{"start":{"line":237,"column":72},"end":{"line":237,"column":101}},"60":{"start":{"line":261,"column":12},"end":{"line":261,"column":35}},"61":{"start":{"line":271,"column":33},"end":{"line":271,"column":51}},"62":{"start":{"line":279,"column":36},"end":{"line":279,"column":50}},"63":{"start":{"line":293,"column":63},"end":{"line":298,"column":2}},"64":{"start":{"line":316,"column":44},"end":{"line":316,"column":59}},"65":{"start":{"line":317,"column":44},"end":{"line":317,"column":89}},"66":{"start":{"line":318,"column":44},"end":{"line":318,"column":56}},"67":{"start":{"line":319,"column":44},"end":{"line":319,"column":56}},"68":{"start":{"line":320,"column":44},"end":{"line":320,"column":59}},"69":{"start":{"line":321,"column":44},"end":{"line":321,"column":73}},"70":{"start":{"line":322,"column":44},"end":{"line":322,"column":73}},"71":{"start":{"line":324,"column":18},"end":{"line":326,"column":null}},"72":{"start":{"line":330,"column":29},"end":{"line":330,"column":34}},"73":{"start":{"line":331,"column":4},"end":{"line":331,"column":47}},"74":{"start":{"line":331,"column":40},"end":{"line":331,"column":47}},"75":{"start":{"line":332,"column":21},"end":{"line":332,"column":70}},"76":{"start":{"line":332,"column":45},"end":{"line":332,"column":69}},"77":{"start":{"line":333,"column":21},"end":{"line":333,"column":68}},"78":{"start":{"line":333,"column":45},"end":{"line":333,"column":67}},"79":{"start":{"line":334,"column":4},"end":{"line":334,"column":51}},"80":{"start":{"line":334,"column":44},"end":{"line":334,"column":51}},"81":{"start":{"line":335,"column":4},"end":{"line":335,"column":58}},"82":{"start":{"line":338,"column":39},"end":{"line":338,"column":86}},"83":{"start":{"line":339,"column":49},"end":{"line":339,"column":84}},"84":{"start":{"line":342,"column":4},"end":{"line":342,"column":20}},"85":{"start":{"line":342,"column":21},"end":{"line":342,"column":37}},"86":{"start":{"line":342,"column":38},"end":{"line":342,"column":57}},"87":{"start":{"line":342,"column":58},"end":{"line":342,"column":80}},"88":{"start":{"line":343,"column":4},"end":{"line":343,"column":28}},"89":{"start":{"line":347,"column":4},"end":{"line":347,"column":27}},"90":{"start":{"line":347,"column":20},"end":{"line":347,"column":27}},"91":{"start":{"line":348,"column":4},"end":{"line":348,"column":71}},"92":{"start":{"line":348,"column":28},"end":{"line":348,"column":61}},"93":{"start":{"line":348,"column":62},"end":{"line":348,"column":69}},"94":{"start":{"line":349,"column":4},"end":{"line":349,"column":20}},"95":{"start":{"line":349,"column":21},"end":{"line":349,"column":40}},"96":{"start":{"line":350,"column":4},"end":{"line":364,"column":5}},"97":{"start":{"line":351,"column":6},"end":{"line":357,"column":9}},"98":{"start":{"line":355,"column":43},"end":{"line":355,"column":51}},"99":{"start":{"line":358,"column":6},"end":{"line":358,"column":48}},"100":{"start":{"line":359,"column":6},"end":{"line":359,"column":49}},"101":{"start":{"line":359,"column":23},"end":{"line":359,"column":41}},"102":{"start":{"line":361,"column":6},"end":{"line":361,"column":60}},"103":{"start":{"line":363,"column":6},"end":{"line":363,"column":23}},"104":{"start":{"line":368,"column":22},"end":{"line":368,"column":60}},"105":{"start":{"line":368,"column":52},"end":{"line":368,"column":58}},"106":{"start":{"line":371,"column":4},"end":{"line":371,"column":60}},"107":{"start":{"line":371,"column":40},"end":{"line":371,"column":57}},"108":{"start":{"line":372,"column":4},"end":{"line":372,"column":52}},"109":{"start":{"line":372,"column":32},"end":{"line":372,"column":52}},"110":{"start":{"line":376,"column":18},"end":{"line":376,"column":60}},"111":{"start":{"line":376,"column":42},"end":{"line":376,"column":59}},"112":{"start":{"line":377,"column":4},"end":{"line":377,"column":29}},"113":{"start":{"line":377,"column":22},"end":{"line":377,"column":29}},"114":{"start":{"line":378,"column":22},"end":{"line":378,"column":33}},"115":{"start":{"line":379,"column":24},"end":{"line":379,"column":66}},"116":{"start":{"line":380,"column":4},"end":{"line":380,"column":92}},"117":{"start":{"line":381,"column":4},"end":{"line":381,"column":30}},"118":{"start":{"line":385,"column":4},"end":{"line":385,"column":86}},"119":{"start":{"line":385,"column":38},"end":{"line":385,"column":82}},"120":{"start":{"line":388,"column":2},"end":{"line":516,"column":4}},"121":{"start":{"line":395,"column":10},"end":{"line":395,"column":29}},"122":{"start":{"line":395,"column":66},"end":{"line":395,"column":80}},"123":{"start":{"line":399,"column":52},"end":{"line":399,"column":72}},"124":{"start":{"line":406,"column":47},"end":{"line":406,"column":66}},"125":{"start":{"line":416,"column":18},"end":{"line":416,"column":37}},"126":{"start":{"line":416,"column":74},"end":{"line":416,"column":88}},"127":{"start":{"line":419,"column":33},"end":{"line":419,"column":53}},"128":{"start":{"line":428,"column":56},"end":{"line":428,"column":66}},"129":{"start":{"line":430,"column":18},"end":{"line":431,"column":null}},"130":{"start":{"line":434,"column":36},"end":{"line":434,"column":65}},"131":{"start":{"line":435,"column":36},"end":{"line":435,"column":63}},"132":{"start":{"line":436,"column":36},"end":{"line":436,"column":67}},"133":{"start":{"line":437,"column":38},"end":{"line":437,"column":71}},"134":{"start":{"line":438,"column":43},"end":{"line":438,"column":79}},"135":{"start":{"line":442,"column":43},"end":{"line":442,"column":69}},"136":{"start":{"line":458,"column":72},"end":{"line":458,"column":93}},"137":{"start":{"line":463,"column":53},"end":{"line":463,"column":71}},"138":{"start":{"line":464,"column":95},"end":{"line":464,"column":114}},"139":{"start":{"line":470,"column":59},"end":{"line":470,"column":77}},"140":{"start":{"line":489,"column":50},"end":{"line":489,"column":77}},"141":{"start":{"line":497,"column":50},"end":{"line":497,"column":77}},"142":{"start":{"line":505,"column":31},"end":{"line":505,"column":49}},"143":{"start":{"line":519,"column":47},"end":{"line":559,"column":2}}},"fnMap":{"0":{"name":"createBlock","decl":{"start":{"line":40,"column":9},"end":{"line":40,"column":20}},"loc":{"start":{"line":40,"column":36},"end":{"line":56,"column":1}}},"1":{"name":"handleTokenDrop","decl":{"start":{"line":63,"column":9},"end":{"line":63,"column":24}},"loc":{"start":{"line":67,"column":37},"end":{"line":79,"column":1}}},"2":{"name":"SortableBlock","decl":{"start":{"line":99,"column":9},"end":{"line":99,"column":22}},"loc":{"start":{"line":103,"column":21},"end":{"line":180,"column":1}}},"3":{"name":"(anonymous_3)","decl":{"start":{"line":128,"column":24},"end":{"line":128,"column":25}},"loc":{"start":{"line":128,"column":28},"end":{"line":128,"column":73}}},"4":{"name":"(anonymous_4)","decl":{"start":{"line":129,"column":25},"end":{"line":129,"column":28}},"loc":{"start":{"line":129,"column":31},"end":{"line":129,"column":51}}},"5":{"name":"(anonymous_5)","decl":{"start":{"line":130,"column":20},"end":{"line":130,"column":21}},"loc":{"start":{"line":130,"column":24},"end":{"line":133,"column":13}}},"6":{"name":"(anonymous_6)","decl":{"start":{"line":147,"column":24},"end":{"line":147,"column":25}},"loc":{"start":{"line":147,"column":37},"end":{"line":147,"column":58}}},"7":{"name":"(anonymous_7)","decl":{"start":{"line":148,"column":24},"end":{"line":148,"column":27}},"loc":{"start":{"line":148,"column":30},"end":{"line":148,"column":59}}},"8":{"name":"(anonymous_8)","decl":{"start":{"line":154,"column":28},"end":{"line":154,"column":29}},"loc":{"start":{"line":154,"column":34},"end":{"line":154,"column":71}}},"9":{"name":"(anonymous_9)","decl":{"start":{"line":157,"column":98},"end":{"line":157,"column":101}},"loc":{"start":{"line":157,"column":104},"end":{"line":157,"column":106}}},"10":{"name":"(anonymous_10)","decl":{"start":{"line":160,"column":24},"end":{"line":160,"column":25}},"loc":{"start":{"line":160,"column":51},"end":{"line":160,"column":86}}},"11":{"name":"(anonymous_11)","decl":{"start":{"line":161,"column":29},"end":{"line":161,"column":30}},"loc":{"start":{"line":161,"column":43},"end":{"line":161,"column":84}}},"12":{"name":"(anonymous_12)","decl":{"start":{"line":162,"column":27},"end":{"line":162,"column":28}},"loc":{"start":{"line":162,"column":51},"end":{"line":162,"column":100}}},"13":{"name":"(anonymous_13)","decl":{"start":{"line":167,"column":48},"end":{"line":167,"column":49}},"loc":{"start":{"line":167,"column":57},"end":{"line":167,"column":74}}},"14":{"name":"(anonymous_14)","decl":{"start":{"line":172,"column":22},"end":{"line":172,"column":23}},"loc":{"start":{"line":172,"column":43},"end":{"line":172,"column":64}}},"15":{"name":"BlocksLibraryPanel","decl":{"start":{"line":188,"column":9},"end":{"line":188,"column":27}},"loc":{"start":{"line":188,"column":70},"end":{"line":291,"column":1}}},"16":{"name":"(anonymous_16)","decl":{"start":{"line":195,"column":11},"end":{"line":195,"column":14}},"loc":{"start":{"line":195,"column":16},"end":{"line":200,"column":3}}},"17":{"name":"(anonymous_17)","decl":{"start":{"line":197,"column":12},"end":{"line":197,"column":15}},"loc":{"start":{"line":197,"column":19},"end":{"line":197,"column":45}}},"18":{"name":"(anonymous_18)","decl":{"start":{"line":198,"column":13},"end":{"line":198,"column":16}},"loc":{"start":{"line":198,"column":19},"end":{"line":198,"column":39}}},"19":{"name":"(anonymous_19)","decl":{"start":{"line":199,"column":15},"end":{"line":199,"column":18}},"loc":{"start":{"line":199,"column":21},"end":{"line":199,"column":40}}},"20":{"name":"(anonymous_20)","decl":{"start":{"line":202,"column":40},"end":{"line":202,"column":41}},"loc":{"start":{"line":202,"column":44},"end":{"line":208,"column":3}}},"21":{"name":"(anonymous_21)","decl":{"start":{"line":205,"column":18},"end":{"line":205,"column":19}},"loc":{"start":{"line":205,"column":23},"end":{"line":205,"column":69}}},"22":{"name":"handleUseBlock","decl":{"start":{"line":210,"column":11},"end":{"line":210,"column":25}},"loc":{"start":{"line":210,"column":42},"end":{"line":217,"column":3}}},"23":{"name":"(anonymous_23)","decl":{"start":{"line":216,"column":13},"end":{"line":216,"column":17}},"loc":{"start":{"line":216,"column":21},"end":{"line":216,"column":52}}},"24":{"name":"(anonymous_24)","decl":{"start":{"line":221,"column":43},"end":{"line":221,"column":44}},"loc":{"start":{"line":221,"column":48},"end":{"line":221,"column":67}}},"25":{"name":"(anonymous_25)","decl":{"start":{"line":234,"column":22},"end":{"line":234,"column":23}},"loc":{"start":{"line":234,"column":27},"end":{"line":234,"column":52}}},"26":{"name":"(anonymous_26)","decl":{"start":{"line":237,"column":67},"end":{"line":237,"column":68}},"loc":{"start":{"line":237,"column":72},"end":{"line":237,"column":101}}},"27":{"name":"(anonymous_27)","decl":{"start":{"line":260,"column":38},"end":{"line":260,"column":40}},"loc":{"start":{"line":261,"column":12},"end":{"line":261,"column":35}}},"28":{"name":"(anonymous_28)","decl":{"start":{"line":271,"column":27},"end":{"line":271,"column":30}},"loc":{"start":{"line":271,"column":33},"end":{"line":271,"column":51}}},"29":{"name":"(anonymous_29)","decl":{"start":{"line":279,"column":31},"end":{"line":279,"column":32}},"loc":{"start":{"line":279,"column":36},"end":{"line":279,"column":50}}},"30":{"name":"BlockCanvas","decl":{"start":{"line":311,"column":24},"end":{"line":311,"column":35}},"loc":{"start":{"line":314,"column":8},"end":{"line":517,"column":1}}},"31":{"name":"handleDragEnd","decl":{"start":{"line":329,"column":11},"end":{"line":329,"column":24}},"loc":{"start":{"line":329,"column":44},"end":{"line":336,"column":3}}},"32":{"name":"(anonymous_32)","decl":{"start":{"line":332,"column":38},"end":{"line":332,"column":39}},"loc":{"start":{"line":332,"column":45},"end":{"line":332,"column":69}}},"33":{"name":"(anonymous_33)","decl":{"start":{"line":333,"column":38},"end":{"line":333,"column":39}},"loc":{"start":{"line":333,"column":45},"end":{"line":333,"column":67}}},"34":{"name":"addBlock","decl":{"start":{"line":338,"column":11},"end":{"line":338,"column":19}},"loc":{"start":{"line":338,"column":35},"end":{"line":338,"column":88}}},"35":{"name":"addLibraryBlock","decl":{"start":{"line":339,"column":11},"end":{"line":339,"column":26}},"loc":{"start":{"line":339,"column":45},"end":{"line":339,"column":86}}},"36":{"name":"handleSaveToLibrary","decl":{"start":{"line":341,"column":17},"end":{"line":341,"column":36}},"loc":{"start":{"line":341,"column":55},"end":{"line":344,"column":3}}},"37":{"name":"confirmSaveToLibrary","decl":{"start":{"line":346,"column":17},"end":{"line":346,"column":37}},"loc":{"start":{"line":346,"column":37},"end":{"line":365,"column":3}}},"38":{"name":"(anonymous_38)","decl":{"start":{"line":355,"column":38},"end":{"line":355,"column":39}},"loc":{"start":{"line":355,"column":43},"end":{"line":355,"column":51}}},"39":{"name":"(anonymous_39)","decl":{"start":{"line":359,"column":17},"end":{"line":359,"column":20}},"loc":{"start":{"line":359,"column":23},"end":{"line":359,"column":41}}},"40":{"name":"(anonymous_40)","decl":{"start":{"line":368,"column":47},"end":{"line":368,"column":48}},"loc":{"start":{"line":368,"column":52},"end":{"line":368,"column":58}}},"41":{"name":"deleteBlock","decl":{"start":{"line":370,"column":11},"end":{"line":370,"column":22}},"loc":{"start":{"line":370,"column":33},"end":{"line":373,"column":3}}},"42":{"name":"(anonymous_42)","decl":{"start":{"line":371,"column":33},"end":{"line":371,"column":34}},"loc":{"start":{"line":371,"column":40},"end":{"line":371,"column":57}}},"43":{"name":"moveBlock","decl":{"start":{"line":375,"column":11},"end":{"line":375,"column":20}},"loc":{"start":{"line":375,"column":57},"end":{"line":382,"column":3}}},"44":{"name":"(anonymous_44)","decl":{"start":{"line":376,"column":35},"end":{"line":376,"column":36}},"loc":{"start":{"line":376,"column":42},"end":{"line":376,"column":59}}},"45":{"name":"updateBlock","decl":{"start":{"line":384,"column":11},"end":{"line":384,"column":22}},"loc":{"start":{"line":384,"column":64},"end":{"line":386,"column":3}}},"46":{"name":"(anonymous_46)","decl":{"start":{"line":385,"column":30},"end":{"line":385,"column":31}},"loc":{"start":{"line":385,"column":38},"end":{"line":385,"column":82}}},"47":{"name":"(anonymous_47)","decl":{"start":{"line":394,"column":68},"end":{"line":394,"column":69}},"loc":{"start":{"line":395,"column":10},"end":{"line":395,"column":29}}},"48":{"name":"(anonymous_48)","decl":{"start":{"line":395,"column":60},"end":{"line":395,"column":63}},"loc":{"start":{"line":395,"column":66},"end":{"line":395,"column":80}}},"49":{"name":"(anonymous_49)","decl":{"start":{"line":399,"column":46},"end":{"line":399,"column":49}},"loc":{"start":{"line":399,"column":52},"end":{"line":399,"column":72}}},"50":{"name":"(anonymous_50)","decl":{"start":{"line":406,"column":41},"end":{"line":406,"column":44}},"loc":{"start":{"line":406,"column":47},"end":{"line":406,"column":66}}},"51":{"name":"(anonymous_51)","decl":{"start":{"line":415,"column":65},"end":{"line":415,"column":66}},"loc":{"start":{"line":416,"column":18},"end":{"line":416,"column":37}}},"52":{"name":"(anonymous_52)","decl":{"start":{"line":416,"column":68},"end":{"line":416,"column":71}},"loc":{"start":{"line":416,"column":74},"end":{"line":416,"column":88}}},"53":{"name":"(anonymous_53)","decl":{"start":{"line":419,"column":27},"end":{"line":419,"column":30}},"loc":{"start":{"line":419,"column":33},"end":{"line":419,"column":53}}},"54":{"name":"(anonymous_54)","decl":{"start":{"line":428,"column":49},"end":{"line":428,"column":50}},"loc":{"start":{"line":428,"column":56},"end":{"line":428,"column":66}}},"55":{"name":"(anonymous_55)","decl":{"start":{"line":429,"column":28},"end":{"line":429,"column":29}},"loc":{"start":{"line":430,"column":18},"end":{"line":431,"column":null}}},"56":{"name":"(anonymous_56)","decl":{"start":{"line":434,"column":30},"end":{"line":434,"column":33}},"loc":{"start":{"line":434,"column":36},"end":{"line":434,"column":65}}},"57":{"name":"(anonymous_57)","decl":{"start":{"line":435,"column":30},"end":{"line":435,"column":33}},"loc":{"start":{"line":435,"column":36},"end":{"line":435,"column":63}}},"58":{"name":"(anonymous_58)","decl":{"start":{"line":436,"column":30},"end":{"line":436,"column":33}},"loc":{"start":{"line":436,"column":36},"end":{"line":436,"column":67}}},"59":{"name":"(anonymous_59)","decl":{"start":{"line":437,"column":32},"end":{"line":437,"column":35}},"loc":{"start":{"line":437,"column":38},"end":{"line":437,"column":71}}},"60":{"name":"(anonymous_60)","decl":{"start":{"line":438,"column":30},"end":{"line":438,"column":31}},"loc":{"start":{"line":438,"column":43},"end":{"line":438,"column":79}}},"61":{"name":"(anonymous_61)","decl":{"start":{"line":442,"column":37},"end":{"line":442,"column":40}},"loc":{"start":{"line":442,"column":43},"end":{"line":442,"column":69}}},"62":{"name":"(anonymous_62)","decl":{"start":{"line":458,"column":66},"end":{"line":458,"column":69}},"loc":{"start":{"line":458,"column":72},"end":{"line":458,"column":93}}},"63":{"name":"(anonymous_63)","decl":{"start":{"line":463,"column":47},"end":{"line":463,"column":50}},"loc":{"start":{"line":463,"column":53},"end":{"line":463,"column":71}}},"64":{"name":"(anonymous_64)","decl":{"start":{"line":464,"column":90},"end":{"line":464,"column":91}},"loc":{"start":{"line":464,"column":95},"end":{"line":464,"column":114}}},"65":{"name":"(anonymous_65)","decl":{"start":{"line":470,"column":53},"end":{"line":470,"column":56}},"loc":{"start":{"line":470,"column":59},"end":{"line":470,"column":77}}},"66":{"name":"(anonymous_66)","decl":{"start":{"line":489,"column":45},"end":{"line":489,"column":46}},"loc":{"start":{"line":489,"column":50},"end":{"line":489,"column":77}}},"67":{"name":"(anonymous_67)","decl":{"start":{"line":497,"column":45},"end":{"line":497,"column":46}},"loc":{"start":{"line":497,"column":50},"end":{"line":497,"column":77}}},"68":{"name":"(anonymous_68)","decl":{"start":{"line":505,"column":25},"end":{"line":505,"column":28}},"loc":{"start":{"line":505,"column":31},"end":{"line":505,"column":49}}}},"branchMap":{"0":{"loc":{"start":{"line":42,"column":2},"end":{"line":55,"column":3}},"type":"switch","locations":[{"start":{"line":43,"column":4},"end":{"line":43,"column":71}},{"start":{"line":44,"column":4},"end":{"line":52,"column":6}},{"start":{"line":53,"column":4},"end":{"line":53,"column":68}},{"start":{"line":54,"column":4},"end":{"line":54,"column":95}}]},"1":{"loc":{"start":{"line":72,"column":2},"end":{"line":72,"column":25}},"type":"if","locations":[{"start":{"line":72,"column":2},"end":{"line":72,"column":25}}]},"2":{"loc":{"start":{"line":74,"column":20},"end":{
[...]
column":111}},"74":{"start":{"line":180,"column":44},"end":{"line":180,"column":53}},"75":{"start":{"line":181,"column":12},"end":{"line":181,"column":36}},"76":{"start":{"line":207,"column":83},"end":{"line":207,"column":107}},"77":{"start":{"line":221,"column":18},"end":{"line":221,"column":32}},"78":{"start":{"line":227,"column":27},"end":{"line":227,"column":106}},"79":{"start":{"line":228,"column":16},"end":{"line":298,"column":18}},"80":{"start":{"line":233,"column":35},"end":{"line":233,"column":74}},"81":{"start":{"line":234,"column":40},"end":{"line":234,"column":68}},"82":{"start":{"line":235,"column":40},"end":{"line":235,"column":59}},"83":{"start":{"line":258,"column":32},"end":{"line":258,"column":48}},"84":{"start":{"line":284,"column":44},"end":{"line":284,"column":64}},"85":{"start":{"line":284,"column":65},"end":{"line":284,"column":105}},"86":{"start":{"line":291,"column":42},"end":{"line":291,"column":80}},"87":{"start":{"line":310,"column":27},"end":{"line":310,"column":53}},"88":{"start":{"line":310,"column":54},"end":{"line":310,"column":81}},"89":{"start":{"line":312,"column":70},"end":{"line":312,"column":89}},"90":{"start":{"line":318,"column":58},"end":{"line":318,"column":84}},"91":{"start":{"line":318,"column":85},"end":{"line":318,"column":112}},"92":{"start":{"line":327,"column":35},"end":{"line":327,"column":83}},"93":{"start":{"line":327,"column":51},"end":{"line":327,"column":81}},"94":{"start":{"line":336,"column":30},"end":{"line":336,"column":97}},"95":{"start":{"line":337,"column":20},"end":{"line":351,"column":22}},"96":{"start":{"line":347,"column":39},"end":{"line":347,"column":85}},"97":{"start":{"line":347,"column":55},"end":{"line":347,"column":83}},"98":{"start":{"line":366,"column":35},"end":{"line":366,"column":87}},"99":{"start":{"line":366,"column":51},"end":{"line":366,"column":85}},"100":{"start":{"line":368,"column":49},"end":{"line":368,"column":73}},"101":{"start":{"line":376,"column":33},"end":{"line":376,"column":59}},"102":{"start":{"line":376,"column":60},"end":{"line":376,"column":87}},"103":{"start":{"line":395,"column":25},"end":{"line":395,"column":45}},"104":{"start":{"line":396,"column":30},"end":{"line":396,"column":47}},"105":{"start":{"line":396,"column":48},"end":{"line":396,"column":69}},"106":{"start":{"line":407,"column":47},"end":{"line":526,"column":2}},"107":{"start":{"line":528,"column":47},"end":{"line":613,"column":2}}},"fnMap":{"0":{"name":"formatDate","decl":{"start":{"line":45,"column":9},"end":{"line":45,"column":19}},"loc":{"start":{"line":45,"column":31},"end":{"line":47,"column":1}}},"1":{"name":"formatIndustry","decl":{"start":{"line":48,"column":9},"end":{"line":48,"column":23}},"loc":{"start":{"line":48,"column":41},"end":{"line":51,"column":1}}},"2":{"name":"(anonymous_2)","decl":{"start":{"line":50,"column":33},"end":{"line":50,"column":34}},"loc":{"start":{"line":50,"column":40},"end":{"line":50,"column":78}}},"3":{"name":"TemplatesPage","decl":{"start":{"line":54,"column":24},"end":{"line":54,"column":37}},"loc":{"start":{"line":54,"column":37},"end":{"line":401,"column":1}}},"4":{"name":"(anonymous_4)","decl":{"start":{"line":69,"column":37},"end":{"line":69,"column":42}},"loc":{"start":{"line":69,"column":48},"end":{"line":81,"column":3}}},"5":{"name":"(anonymous_5)","decl":{"start":{"line":78,"column":68},"end":{"line":78,"column":69}},"loc":{"start":{"line":78,"column":75},"end":{"line":78,"column":98}}},"6":{"name":"(anonymous_6)","decl":{"start":{"line":83,"column":12},"end":{"line":83,"column":15}},"loc":{"start":{"line":83,"column":17},"end":{"line":83,"column":39}}},"7":{"name":"handleCreateTemplate","decl":{"start":{"line":85,"column":17},"end":{"line":85,"column":37}},"loc":{"start":{"line":85,"column":37},"end":{"line":97,"column":3}}},"8":{"name":"handleDeleteTemplate","decl":{"start":{"line":99,"column":17},"end":{"line":99,"column":37}},"loc":{"start":{"line":99,"column":69},"end":{"line":106,"column":3}}},"9":{"name":"(anonymous_9)","decl":{"start":{"line":104,"column":19},"end":{"line":104,"column":20}},"loc":{"start":{"line":104,"column":29},"end":{"line":104,"column":69}}},"10":{"name":"(anonymous_10)","decl":{"start":{"line":104,"column":41},"end":{"line":104,"column":42}},"loc":{"start":{"line":104,"column":48},"end":{"line":104,"column":68}}},"11":{"name":"(anonymous_11)","decl":{"start":{"line":108,"column":37},"end":{"line":108,"column":38}},"loc":{"start":{"line":108,"column":42},"end":{"line":108,"column":62}}},"12":{"name":"(anonymous_12)","decl":{"start":{"line":109,"column":37},"end":{"line":109,"column":38}},"loc":{"start":{"line":109,"column":42},"end":{"line":109,"column":66}}},"13":{"name":"(anonymous_13)","decl":{"start":{"line":124,"column":73},"end":{"line":124,"column":76}},"loc":{"start":{"line":124,"column":79},"end":{"line":124,"column":98}}},"14":{"name":"(anonymous_14)","decl":{"start":{"line":130,"column":21},"end":{"line":130,"column":24}},"loc":{"start":{"line":130,"column":27},"end":{"line":130,"column":51}}},"15":{"name":"(anonymous_15)","decl":{"start":{"line":144,"column":14},"end":{"line":144,"column":15}},"loc":{"start":{"line":145,"column":10},"end":{"line":146,"column":null}}},"16":{"name":"(anonymous_16)","decl":{"start":{"line":166,"column":20},"end":{"line":166,"column":21}},"loc":{"start":{"line":166,"column":27},"end":{"line":166,"column":52}}},"17":{"name":"(anonymous_17)","decl":{"start":{"line":169,"column":69},"end":{"line":169,"column":70}},"loc":{"start":{"line":169,"column":76},"end":{"line":169,"column":107}}},"18":{"name":"(anonymous_18)","decl":{"start":{"line":171,"column":46},"end":{"line":171,"column":47}},"loc":{"start":{"line":172,"column":12},"end":{"line":172,"column":28}}},"19":{"name":"(anonymous_19)","decl":{"start":{"line":175,"column":69},"end":{"line":175,"column":70}},"loc":{"start":{"line":175,"column":76},"end":{"line":175,"column":107}}},"20":{"name":"(anonymous_20)","decl":{"start":{"line":176,"column":30},"end":{"line":176,"column":31}},"loc":{"start":{"line":176,"column":39},"end":{"line":176,"column":63}}},"21":{"name":"(anonymous_21)","decl":{"start":{"line":178,"column":71},"end":{"line":178,"column":72}},"loc":{"start":{"line":178,"column":78},"end":{"line":178,"column":111}}},"22":{"name":"(anonymous_22)","decl":{"start":{"line":180,"column":35},"end":{"line":180,"column":36}},"loc":{"start":{"line":180,"column":44},"end":{"line":180,"column":53}}},"23":{"name":"(anonymous_23)","decl":{"start":{"line":180,"column":59},"end":{"line":180,"column":60}},"loc":{"start":{"line":181,"column":12},"end":{"line":181,"column":36}}},"24":{"name":"(anonymous_24)","decl":{"start":{"line":207,"column":77},"end":{"line":207,"column":80}},"loc":{"start":{"line":207,"column":83},"end":{"line":207,"column":107}}},"25":{"name":"(anonymous_25)","decl":{"start":{"line":220,"column":77},"end":{"line":220,"column":78}},"loc":{"start":{"line":221,"column":18},"end":{"line":221,"column":32}}},"26":{"name":"(anonymous_26)","decl":{"start":{"line":226,"column":29},"end":{"line":226,"column":30}},"loc":{"start":{"line":226,"column":40},"end":{"line":299,"column":15}}},"27":{"name":"(anonymous_27)","decl":{"start":{"line":233,"column":29},"end":{"line":233,"column":32}},"loc":{"start":{"line":233,"column":35},"end":{"line":233,"column":74}}},"28":{"name":"(anonymous_28)","decl":{"start":{"line":234,"column":34},"end":{"line":234,"column":37}},"loc":{"start":{"line":234,"column":40},"end":{"line":234,"column":68}}},"29":{"name":"(anonymous_29)","decl":{"start":{"line":235,"column":34},"end":{"line":235,"column":37}},"loc":{"start":{"line":235,"column":40},"end":{"line":235,"column":59}}},"30":{"name":"(anonymous_30)","decl":{"start":{"line":257,"column":54},"end":{"line":257,"column":55}},"loc":{"start":{"line":258,"column":32},"end":{"line":258,"column":48}}},"31":{"name":"(anonymous_31)","decl":{"start":{"line":284,"column":35},"end":{"line":284,"column":36}},"loc":{"start":{"line":284,"column":41},"end":{"line":284,"column":107}}},"32":{"name":"(anonymous_32)","decl":{"start":{"line":291,"column":35},"end":{"line":291,"column":36}},"loc":{"start":{"line":291,"column":42},"end":{"line":291,"column":80}}},"33":{"name":"(anonymous_33)","decl":{"start":{"line":310,"column":19},"end":{"line":310,"column":22}},"loc":{"start":{"line":310,"column":24},"end":{"line":310,"column":83}}},"34":{"name":"(anonymous_34)","decl":{"start":{"line":312,"column":63},"end":{"line":312,"column":64}},"loc":{"start":{"line":312,"column":70},"end":{"line":312,"column":89}}},"35":{"name":"(anonymous_35)","decl":{"start":{"line":318,"column":50},"end":{"line":318,"column":53}},"loc":{"start":{"line":318,"column":55},"end":{"line":318,"column":114}}},"36":{"name":"(anonymous_36)","decl":{"start":{"line":327,"column":28},"end":{"line":327,"column":29}},"loc":{"start":{"line":327,"column":35},"end":{"line":327,"column":83}}},"37":{"name":"(anonymous_37)","decl":{"start":{"line":327,"column":43},"end":{"line":327,"column":44}},"loc":{"start":{"line":327,"column":51},"end":{"line":327,"column":81}}},"38":{"name":"(anonymous_38)","decl":{"start":{"line":335,"column":81},"end":{"line":335,"column":82}},"loc":{"start":{"line":335,"column":89},"end":{"line":352,"column":19}}},"39":{"name":"(anonymous_39)","decl":{"start":{"line":347,"column":33},"end":{"line":347,"column":36}},"loc":{"start":{"line":347,"column":39},"end":{"line":347,"column":85}}},"40":{"name":"(anonymous_40)","decl":{"start":{"line":347,"column":47},"end":{"line":347,"column":48}},"loc":{"start":{"line":347,"column":55},"end":{"line":347,"column":83}}},"41":{"name":"(anonymous_41)","decl":{"start":{"line":366,"column":28},"end":{"line":366,"column":29}},"loc":{"start":{"line":366,"column":35},"end":{"line":366,"column":87}}},"42":{"name":"(anonymous_42)","decl":{"start":{"line":366,"column":43},"end":{"line":366,"column":44}},"loc":{"start":{"line":366,"column":51},"end":{"line":366,"column":85}}},"43":{"name":"(anonymous_43)","decl":{"start":{"line":368,"column":40},"end":{"line":368,"column":41}},"loc":{"start":{"line":368,"column":49},"end":{"line":368,"column":73}}},"44":{"name":"(anonymous_44)","decl":{"start":{"line":376,"column":25},"end":{"line":376,"column":28}},"loc":{"start":{"line":376,"column":30},"end":{"line":376,"column":89}}},"45":{"name":"(anonymous_45)","decl":{"start":{"line":395,"column":19},"end":{"line":395,"column":22}},"loc":{"start":{"line":395,"column":25},"end":{"line":395,"column":45}}},"46":{"name":"(anonymous_46)","decl":{"start":{"line":396,"column":22},"end":{"line":396,"column":25}},"loc":{"start":{"line":396,"column":27},"end":{"line":396,"column":71}}}},"branchMap":{"0":{"loc":{"start":{"line":49,"column":2},"end":{"line":49,"column":27}},"type":"if","locations":[{"start":{"line":49,"column":2},"end":{"line":49,"column":27}}]},"1":{"loc":{"start":{"line":72,"column":4},"end":{"line":72,"column":39}},"type":"if","locations":[{"start":{"line":72,"column":4},"end":{"line":72,"column":39}}]},"2":{"loc":{"start":{"line":73,"column":4},"end":{"line":73,"column":58}},"type":"if","locations":[{"start":{"line":73,"column":4},"end":{"line":73,"column":58}}]},"3":{"loc":{"start":{"line":74,"column":4},"end":{"line":74,"column":58}},"type":"if","locations":[{"start":{"line":74,"column":4},"end":{"line":74,"column":58}}]},"4":{"loc":{"start":{"line":75,"column":4},"end":{"line":75,"column":57}},"type":"if","locations":[{"start":{"line":75,"column":4},"end":{"line":75,"column":57}}]},"5":{"loc":{"start":{"line":78,"column":19},"end":{"line":78,"column":99}},"type":"cond-expr","locations":[{"start":{"line":78,"column":49},"end":{"line":78,"column":53}},{"start":{"line":78,"column":56},"end":{"line":78,"column":99}}]},"6":{"loc":{"start":{"line":89,"column":14},"end":{"line":89,"column":53}},"type":"binary-expr","locations":[{"start":{"line":89,"column":14},"end":{"line":89,"column":30}},{"start":{"line":89,"column":34},"end":{"line":89,"column":53}}]},"7":{"loc":{"start":{"line":91,"column":18},"end":{"line":91,"column":51}},"type":"binary-expr","locations":[{"start":{"line":91,"column":18},"end":{"line":91,"column":38}},{"start":{"line":91,"column":42},"end":{"line":91,"column":51}}]},"8":{"loc":{"start":{"line":101,"column":4},"end":{"line":101,"column":80}},"type":"if","locations":[{"start":{"line":101,"column":4},"end":{"line":101,"column":80}}]},"9":{"loc":{"start":{"line":129,"column":47},"end":{"line":129,"column":67}},"type":"cond-expr","locations":[{"start":{"line":129,"column":60},"end":{"line":129,"column":63}},{"start":{"line":129,"column":66},"end":{"line":129,"column":67}}]},"10":{"loc":{"start":{"line":184,"column":9},"end":{"line":187,"column":null}},"type":"binary-expr","locations":[{"start":{"line":184,"column":9},"end":{"line":184,"column":19}},{"start":{"line":185,"column":10},"end":{"line":186,"column":null}}]},"11":{"loc":{"start":{"line":186,"column":40},"end":{"line":186,"column":73}},"type":"cond-expr","locations":[{"start":{"line":186,"column":65},"end":{"line":186,"column":68}},{"start":{"line":186,"column":71},"end":{"line":186,"column":73}}]},"12":{"loc":{"start":{"line":191,"column":7},"end":{"line":191,"column":71}},"type":"binary-expr","locations":[{"start":{"line":191,"column":7},"end":{"line":191,"column":12}},{"start":{"line":191,"column":16},"end":{"line":191,"column":71}}]},"13":{"loc":{"start":{"line":192,"column":7},"end":{"line":192,"column":69}},"type":"binary-expr","locations":[{"start":{"line":192,"column":7},"end":{"line":192,"column":16}},{"start":{"line":192,"column":20},"end":{"line":192,"column":69}}]},"14":{"loc":{"start":{"line":195,"column":7},"end":{"line":211,"column":null}},"type":"binary-expr","locations":[{"start":{"line":195,"column":7},"end":{"line":195,"column":17}},{"start":{"line":195,"column":21},"end":{"line":195,"column":27}},{"start":{"line":195,"column":31},"end":{"line":195,"column":53}},{"start":{"line":196,"column":8},"end":{"line":210,"column":null}}]},"15":{"loc":{"start":{"line":202,"column":13},"end":{"line":204,"column":60}},"type":"cond-expr","locations":[{"start":{"line":203,"column":16},"end":{"line":203,"column":65}},{"start":{"line":204,"column":16},"end":{"line":204,"column":60}}]},"16":{"loc":{"start":{"line":202,"column":13},"end":{"line":202,"column":69}},"type":"binary-expr","locations":[{"start":{"line":202,"column":13},"end":{"line":202,"column":19}},{"start":{"line":202,"column":23},"end":{"line":202,"column":35}},{"start":{"line":202,"column":39},"end":{"line":202,"column":51}},{"start":{"line":202,"column":55},"end":{"line":202,"column":69}}]},"17":{"loc":{"start":{"line":206,"column":11},"end":{"line":209,"column":null}},"type":"binary-expr","locations":[{"start":{"line":206,"column":11},"end":{"line":206,"column":18}},{"start":{"line":206,"column":22},"end":{"line":206,"column":35}},{"start":{"line":206,"column":39},"end":{"line":206,"column":52}},{"start":{"line":206,"column":56},"end":{"line":206,"column":71}},{"start":{"line":207,"column":12},"end":{"line":207,"column":null}}]},"18":{"loc":{"start":{"line":215,"column":7},"end":{"line":302,"column":null}},"type":"binary-expr","locations":[{"start":{"line":215,"column":7},"end":{"line":215,"column":17}},{"start":{"line":215,"column":21},"end":{"line":215,"column":27}},{"start":{"line":215,"column":31},"end":{"line":215,"column":51}},{"start":{"line":216,"column":8},"end":{"line":301,"column":null}}]},"19":{"loc":{"start":{"line":227,"column":27},"end":{"line":227,"column":106}},"type":"binary-expr","locations":[{"start":{"line":227,"column":27},"end":{"line":227,"column":55}},{"start":{"line":227,"column":59},"end":{"line":227,"column":106}}]},"20":{"loc":{"start":{"line":232,"column":55},"end":{"line":232,"column":101}},"type":"cond-expr","locations":[{"start":{"line":232,"column":71},"end":{"line":232,"column":80}},{"start":{"line":232,"column":83},"end":{"line":232,"column":101}}]},"21":{"loc":{"start":{"line":254,"column":27},"end":{"line":254,"column":93}},"type":"binary-expr","locations":[{"start":{"line":254,"column":27},"end":{"line":254,"column":40}},{"start":{"line":254,"column":44},"end":{"line":254,"column":93}}]},"22":{"loc":{"start":{"line":255,"column":27},"end":{"line":260,"column":null}},"type":"binary-expr","locations":[{"start":{"line":255,"column":27},"end":{"line":255,"column":33}},{"start":{"line":255,"column":37},"end":{"line":255,"column":54}},{"start":{"line":256,"column":28},"end":{"line":259,"column":null}}]},"23":{"loc":{"start":{"line":272,"column":23},"end":{"line":274,"column":93}},"type":"cond-expr","locations":[{"start":{"line":273,"column":26},"end":{"line":273,"column":91}},{"start":{"line":274,"column":26},"end":{"line":274,"column":93}}]},"24":{"loc":{"start":{"line":306,"column":7},"end":{"line":390,"column":null}},"type":"binary-expr","locations":[{"start":{"line":306,"column":7},"end":{"line":306,"column":22}},{"start":{"line":307,"column":8},"end":{"line":389,"column":null}}]},"25":{"loc":{"start":{"line":336,"column":30},"end":{"line":336,"column":97}},"type":"binary-expr","locations":[{"start":{"line":336,"column":30},"end":{"line":336,"column":46}},{"start":{"line":336,"column":50},"end":{"line":336,"column":97}}]},"26":{"loc":{"start":{"line":343,"column":30},"end":{"line":345,"column":32}},"type":"cond-expr","locations":[{"start":{"line":344,"column":30},"end":{"line":344,"column":164}},{"start":{"line":345,"column":30},"end":{"line":345,"column":32}}]},"27":{"loc":{"start":{"line":382,"column":50},"end":{"line":382,"column":70}},"type":"cond-expr","locations":[{"start":{"line":382,"column":63},"end":{"line":382,"column":66}},{"start":{"line":382,"column":69},"end":{"line":382,"column":70}}]},"28":{"loc":{"start":{"line":382,"column":80},"end":{"line":382,"column":118}},"type":"cond-expr","locations":[{"start":{"line":382,"column":93},"end":{"line":382,"column":106}},{"start":{"line":382,"column":109},"end":{"line":382,"column":118}}]},"29":{"loc":{"start":{"line":386,"column":17},"end":{"line":386,"column":67}},"type":"cond-expr","locations":[{"start":{"line":386,"column":30},"end":{"line":386,"column":45}},{"start":{"line":386,"column":48},"end":{"line":386,"column":67}}]},"30":{"loc":{"start":{"line":393,"column":7},"end":{"line":397,"column":null}},"type":"binary-expr","locations":[{"start":{"line":393,"column":7},"end":{"line":393,"column":17}},{"start":{"line":394,"column":8},"end":{"line":396,"column":null}}]}},"s":{"0":3,"1":3,"2":3,"3":3,"4":11,"5":11,"6":0,"7":11,"8":11,"9":3,"10":30,"11":30,"12":30,"13":30,"14":30,"15":30,"16":30,"17":30,"18":30,"19":30,"20":30,"21":30,"22":30,"23":30,"24":6,"25":6,"26":6,"27":6,"28":0,"29":6,"30":0,"31":6,"32":0,"33":6,"34":0,"35":6,"36":6,"37":6,"38":6,"39":0,"40":6,"41":30,"42":6,"43":1,"44":1,"45":1,"46":1,"47":1,"48":1,"49":0,"50":1,"51":1,"52":1,"53":0,"54":1,"55":1,"56":1,"57":1,"58":2,"59":0,"60":30,"61":11,"62":30,"63":11,"64":30,"65":1,"66":1,"67":90,"68":0,"69":0,"70":90,"71":0,"72":180,"73":0,"74":270,"75":240,"76":0,"77":36,"78":11,"79":11,"80":0,"81":1,"82":0,"83":5,"84":0,"85":0,"86":1,"87":0,"88":0,"89":2,"90":0,"91":0,"92":12,"93":12,"94":70,"95":70,"96":0,"97":0,"98":0,"99":0,"100":126,"101":0,"102":0,"103":0,"104":0,"105":0,"106":3,"107":3},"f":{"0":11,"1":11,"2":11,"3":30,"4":6,"5":6,"6":6,"7":1,"8":1,"9":1,"10":2,"11":11,"12":11,"13":1,"14":1,"15":90,"16":0,"17":0,"18":90,"19":0,"20":180,"21":0,"22":270,"23":240,"24":0,"25":36,"26":11,"27":0,"28":1,"29":0,"30":5,"31":0,"32":1,"33":0,"34":2,"35":0,"36":12,"37":12,"38":70,"39":0,"40":0,"41":0,"42":0,"43":126,"44":0,"45":0,"46":0},"b":{"0":[0],"1":[0],"2":[0],"3":[0],"4":[0],"5":[0,6],"6":[1,0],"7":[1,1],"8":[0],"9":[1,29],"10":[30,24],"11":[23,1],"12":[30,0],"13":[30,6],"14":[30,24,24,18],"15":[0,18],"16":[18,18,18,18],"17":[18,18,18,18,18],"18":[30,24,24,6],"19":[11,0],"20":[6,5],"21":[11,5],"22":[11,11,5],"23":[11,0],"24":[30,14],"25":[70,0],"26":[14,56],"27":[1,13],"28":[1,13],"29":[1,13],"30":[30,1]}}
}
