TN:
SF:src\App.tsx
FN:12,App
FNF:1
FNH:1
FNDA:2,App
DA:13,2
LF:1
LH:1
BRF:0
BRH:0
end_of_record
TN:
SF:src\main.tsx
FNF:0
FNH:0
DA:7,1
LF:1
LH:1
BRF:0
BRH:0
end_of_record
TN:
SF:src\api\audit.ts
FN:26,getJobStatus
FNF:1
FNH:1
FNDA:5,getJobStatus
DA:27,5
LF:1
LH:1
BRF:0
BRH:0
end_of_record
TN:
SF:src\api\datasources.ts
FN:7,listDatasources
FNF:1
FNH:1
FNDA:3,listDatasources
DA:8,3
DA:9,3
DA:14,2
LF:3
LH:3
BRF:0
BRH:0
end_of_record
TN:
SF:src\api\documents.ts
FN:28,generateDocument
FN:39,getJobStatus
FN:59,saveJobLocally
FN:65,listLocalJobs
FN:69,clearLocalJobs
FNF:5
FNH:5
FNDA:10,generateDocument
FNDA:5,getJobStatus
FNDA:7,saveJobLocally
FNDA:6,listLocalJobs
FNDA:1,clearLocalJobs
DA:31,10
DA:40,5
DA:46,5
DA:60,7
DA:61,7
DA:62,7
DA:66,6
DA:70,1
LF:8
LH:8
BRDA:60,0,0,7
BRDA:60,0,1,6
BRDA:66,1,0,6
BRDA:66,1,1,2
BRF:4
BRH:4
end_of_record
TN:
SF:src\api\marketplace.ts
FN:32,listMarketplaceItems
FN:50,publishToMarketplace
FN:61,importMarketplaceItem
FNF:3
FNH:3
FNDA:9,listMarketplaceItems
FNDA:4,publishToMarketplace
FNDA:4,importMarketplaceItem
DA:38,9
DA:39,9
DA:45,1
DA:53,4
DA:70,4
LF:5
LH:5
BRF:0
BRH:0
end_of_record
TN:
SF:src\api\placeholders.ts
FN:12,listPlaceholders
FN:27,createPlaceholder
FN:48,getPlaceholderById
FN:55,updatePlaceholder
FNF:4
FNH:4
FNDA:11,listPlaceholders
FNDA:4,createPlaceholder
FNDA:2,getPlaceholderById
FNDA:2,updatePlaceholder
DA:15,11
DA:16,11
DA:22,1
DA:30,4
DA:49,2
DA:59,2
LF:6
LH:6
BRDA:40,0,0,4
BRDA:40,0,1,2
BRDA:41,1,0,4
BRDA:41,1,1,2
BRDA:42,2,0,4
BRDA:42,2,1,4
BRF:6
BRH:6
end_of_record
TN:
SF:src\api\templates.ts
FN:20,blocksToLayoutJson
FN:25,listTemplates
FN:36,getTemplate
FN:44,createTemplate
FN:61,updateTemplate
FN:78,publishTemplate
FN:90,deleteTemplate
FN:97,bindPlaceholder
FN:113,listTemplateVersions
FNF:9
FNH:9
FNDA:2,blocksToLayoutJson
FNDA:14,listTemplates
FNDA:7,getTemplate
FNDA:4,createTemplate
FNDA:2,updateTemplate
FNDA:2,publishTemplate
FNDA:3,deleteTemplate
FNDA:3,bindPlaceholder
FNDA:4,listTemplateVersions
DA:21,2
DA:28,14
DA:37,7
DA:45,4
DA:65,2
DA:82,2
DA:91,3
DA:102,3
DA:116,4
DA:117,4
DA:122,1
LF:11
LH:11
BRDA:50,0,0,4
BRDA:50,0,1,4
BRDA:53,1,0,4
BRDA:53,1,1,4
BRDA:54,2,0,4
BRDA:54,2,1,4
BRDA:55,3,0,4
BRDA:55,3,1,3
BRDA:71,4,0,2
BRDA:71,4,1,1
BRDA:72,5,0,2
BRDA:72,5,1,2
BRDA:107,6,0,3
BRDA:107,6,1,1
BRF:14
BRH:14
end_of_record
TN:
SF:src\components\ImportTemplateModal.tsx
FN:21,ImportTemplateModal
FN:37,handleFileSelect
FN:46,(anonymous_2)
FN:50,handleDrop
FN:56,validate
FN:63,handleImport
FN:70,importFile
FN:87,(anonymous_7)
FN:93,importFromUrl
FN:109,(anonymous_9)
FN:115,extractError
FN:139,(anonymous_11)
FN:167,(anonymous_12)
FN:172,(anonymous_13)
FN:173,(anonymous_14)
FN:178,(anonymous_15)
FN:179,(anonymous_16)
FN:186,(anonymous_17)
FN:188,(anonymous_18)
FN:199,(anonymous_19)
FN:200,(anonymous_20)
FN:201,(anonymous_21)
FN:204,(anonymous_22)
FN:210,(anonymous_23)
FN:224,(anonymous_24)
FN:236,(anonymous_25)
FN:249,(anonymous_26)
FNF:27
FNH:20
FNDA:74,ImportTemplateModal
FNDA:4,handleFileSelect
FNDA:5,(anonymous_2)
FNDA:0,handleDrop
FNDA:5,validate
FNDA:5,handleImport
FNDA:2,importFile
FNDA:1,(anonymous_7)
FNDA:1,importFromUrl
FNDA:0,(anonymous_9)
FNDA:2,extractError
FNDA:18,(anonymous_11)
FNDA:23,(anonymous_12)
FNDA:0,(anonymous_13)
FNDA:740,(anonymous_14)
FNDA:0,(anonymous_15)
FNDA:296,(anonymous_16)
FNDA:148,(anonymous_17)
FNDA:2,(anonymous_18)
FNDA:0,(anonymous_19)
FNDA:0,(anonymous_20)
FNDA:8,(anonymous_21)
FNDA:4,(anonymous_22)
FNDA:0,(anonymous_23)
FNDA:54,(anonymous_24)
FNDA:28,(anonymous_25)
FNDA:280,(anonymous_26)
DA:11,4
DA:12,4
DA:13,4
DA:19,4
DA:22,74
DA:23,74
DA:25,74
DA:26,74
DA:27,74
DA:28,74
DA:29,74
DA:30,74
DA:31,74
DA:32,74
DA:33,74
DA:34,74
DA:35,74
DA:38,4
DA:39,4
DA:40,1
DA:41,1
DA:43,3
DA:44,3
DA:45,3
DA:46,5
DA:51,0
DA:52,0
DA:53,0
DA:57,5
DA:58,4
DA:59,4
DA:60,3
DA:64,5
DA:65,5
DA:66,3
DA:67,1
DA:71,2
DA:72,2
DA:73,2
DA:74,2
DA:75,2
DA:76,2
DA:77,2
DA:78,2
DA:79,2
DA:80,2
DA:84,1
DA:85,1
DA:86,1
DA:87,1
DA:89,1
DA:94,1
DA:95,1
DA:96,1
DA:97,1
DA:98,1
DA:99,1
DA:100,1
DA:101,1
DA:102,1
DA:106,0
DA:107,0
DA:108,0
DA:109,0
DA:111,1
DA:116,2
DA:117,2
DA:118,2
DA:119,2
DA:120,2
DA:121,1
DA:122,1
DA:123,1
DA:124,1
DA:125,1
DA:126,0
DA:128,0
DA:129,0
DA:132,74
DA:133,74
DA:135,74
DA:139,18
DA:167,23
DA:172,0
DA:173,740
DA:178,0
DA:179,296
DA:187,148
DA:188,2
DA:199,0
DA:200,0
DA:201,8
DA:204,4
DA:210,0
DA:225,54
DA:236,28
DA:250,280
DA:287,4
LF:98
LH:83
BRDA:39,0,0,1
BRDA:44,1,0,3
BRDA:53,2,0,0
BRDA:57,3,0,1
BRDA:58,4,0,0
BRDA:58,5,0,4
BRDA:58,5,1,2
BRDA:59,6,0,1
BRDA:59,7,0,4
BRDA:59,7,1,2
BRDA:65,8,0,2
BRDA:66,9,0,2
BRDA:66,9,1,1
BRDA:71,10,0,0
BRDA:118,11,0,2
BRDA:120,12,0,1
BRDA:122,13,0,0
BRDA:123,14,0,0
BRDA:124,15,0,0
BRDA:125,16,0,1
BRDA:126,17,0,0
BRDA:126,18,0,0
BRDA:126,18,1,0
BRDA:128,19,0,0
BRDA:132,20,0,74
BRDA:132,20,1,66
BRDA:133,21,0,74
BRDA:133,21,1,66
BRDA:152,22,0,74
BRDA:152,22,1,5
BRDA:154,23,0,74
BRDA:154,23,1,5
BRDA:154,23,2,5
BRDA:155,24,0,2
BRDA:155,24,1,3
BRDA:155,25,0,2
BRDA:155,25,1,3
BRDA:155,26,0,2
BRDA:155,26,1,3
BRDA:156,27,0,5
BRDA:156,27,1,5
BRDA:156,27,2,3
BRDA:173,28,0,740
BRDA:173,28,1,74
BRDA:187,29,0,74
BRDA:187,29,1,74
BRDA:189,30,0,74
BRDA:189,30,1,74
BRDA:195,31,0,74
BRDA:195,31,1,18
BRDA:197,32,0,0
BRDA:197,32,1,18
BRDA:197,33,0,8
BRDA:197,33,1,10
BRDA:197,34,0,0
BRDA:197,34,1,18
BRDA:197,35,0,8
BRDA:197,35,1,10
BRDA:197,36,0,4
BRDA:197,36,1,14
BRDA:201,37,0,8
BRDA:201,37,1,8
BRDA:204,38,0,4
BRDA:205,39,0,8
BRDA:205,39,1,10
BRDA:210,40,0,8
BRDA:210,40,1,4
BRDA:216,41,0,0
BRDA:216,41,1,10
BRDA:232,42,0,74
BRDA:232,42,1,56
BRDA:276,43,0,5
BRDA:276,43,1,69
BRDA:276,44,0,5
BRDA:276,44,1,69
BRDA:278,45,0,5
BRDA:278,45,1,69
BRF:77
BRH:64
end_of_record
TN:
SF:src\components\editor\AIToolsPanel.tsx
FN:23,callAITool
FN:31,AIToolsPanel
FN:41,(anonymous_2)
FN:44,applyToBlock
FN:46,(anonymous_4)
FN:52,run
FN:79,(anonymous_6)
FN:92,(anonymous_7)
FN:95,(anonymous_8)
FN:115,(anonymous_9)
FN:120,(anonymous_10)
FN:139,(anonymous_11)
FN:140,(anonymous_12)
FN:146,(anonymous_13)
FN:165,(anonymous_14)
FN:166,(anonymous_15)
FN:172,(anonymous_16)
FN:185,(anonymous_17)
FN:189,(anonymous_18)
FN:192,(anonymous_19)
FN:193,(anonymous_20)
FN:210,(anonymous_21)
FN:215,(anonymous_22)
FNF:23
FNH:11
FNDA:2,callAITool
FNDA:37,AIToolsPanel
FNDA:19,(anonymous_2)
FNDA:1,applyToBlock
FNDA:1,(anonymous_4)
FNDA:2,run
FNDA:5,(anonymous_6)
FNDA:148,(anonymous_7)
FNDA:0,(anonymous_8)
FNDA:30,(anonymous_9)
FNDA:2,(anonymous_10)
FNDA:0,(anonymous_11)
FNDA:0,(anonymous_12)
FNDA:0,(anonymous_13)
FNDA:0,(anonymous_14)
FNDA:0,(anonymous_15)
FNDA:0,(anonymous_16)
FNDA:0,(anonymous_17)
FNDA:0,(anonymous_18)
FNDA:0,(anonymous_19)
FNDA:0,(anonymous_20)
FNDA:1,(anonymous_21)
FNDA:0,(anonymous_22)
DA:19,4
DA:20,4
DA:24,2
DA:25,1
DA:26,1
DA:27,1
DA:28,1
DA:32,37
DA:33,37
DA:34,37
DA:35,37
DA:37,37
DA:38,37
DA:39,37
DA:41,37
DA:42,37
DA:45,1
DA:46,1
DA:47,1
DA:49,1
DA:53,2
DA:54,2
DA:55,2
DA:56,2
DA:57,2
DA:58,1
DA:60,1
DA:61,1
DA:66,2
DA:70,37
DA:77,37
DA:79,5
DA:93,148
DA:95,0
DA:115,30
DA:120,2
DA:140,0
DA:146,0
DA:166,0
DA:172,0
DA:185,0
DA:189,0
DA:192,0
DA:193,0
DA:210,1
DA:215,0
DA:228,4
LF:47
LH:37
BRDA:26,0,0,0
BRDA:27,1,0,0
BRDA:42,2,0,19
BRDA:42,2,1,18
BRDA:42,3,0,19
BRDA:42,3,1,0
BRDA:45,4,0,0
BRDA:47,5,0,1
BRDA:47,5,1,0
BRDA:61,6,0,1
BRDA:61,6,1,0
BRDA:94,7,0,37
BRDA:94,7,1,111
BRDA:106,8,0,37
BRDA:106,8,1,1
BRDA:109,9,0,37
BRDA:109,9,1,37
BRDA:119,10,0,4
BRDA:119,10,1,33
BRDA:119,11,0,37
BRDA:119,11,1,35
BRDA:121,12,0,37
BRDA:121,12,1,35
BRDA:123,13,0,2
BRDA:123,13,1,35
BRDA:129,14,0,37
BRDA:129,14,1,0
BRDA:132,15,0,0
BRDA:132,15,1,0
BRDA:133,16,0,0
BRDA:133,16,1,0
BRDA:140,17,0,0
BRDA:140,17,1,0
BRDA:145,18,0,0
BRDA:145,18,1,0
BRDA:145,19,0,0
BRDA:145,19,1,0
BRDA:147,20,0,0
BRDA:147,20,1,0
BRDA:149,21,0,0
BRDA:149,21,1,0
BRDA:155,22,0,37
BRDA:155,22,1,0
BRDA:158,23,0,0
BRDA:158,23,1,0
BRDA:159,24,0,0
BRDA:159,24,1,0
BRDA:166,25,0,0
BRDA:166,25,1,0
BRDA:171,26,0,0
BRDA:171,26,1,0
BRDA:171,27,0,0
BRDA:171,27,1,0
BRDA:173,28,0,0
BRDA:173,28,1,0
BRDA:175,29,0,0
BRDA:175,29,1,0
BRDA:181,30,0,37
BRDA:181,30,1,0
BRDA:188,31,0,0
BRDA:188,31,1,0
BRDA:191,32,0,0
BRDA:191,32,1,0
BRDA:192,33,0,0
BRDA:192,33,1,0
BRDA:198,34,0,0
BRDA:198,34,1,0
BRDA:204,35,0,37
BRDA:204,35,1,1
BRDA:209,36,0,1
BRDA:209,36,1,1
BRDA:209,36,2,1
BRDA:212,37,0,1
BRDA:212,37,1,1
BRDA:212,37,2,0
BRF:75
BRH:29
end_of_record
TN:
SF:src\components\editor\BlockCanvas.tsx
FN:40,createBlock
FN:63,handleTokenDrop
FN:99,SortableBlock
FN:128,(anonymous_3)
FN:129,(anonymous_4)
FN:130,(anonymous_5)
FN:147,(anonymous_6)
FN:148,(anonymous_7)
FN:154,(anonymous_8)
FN:157,(anonymous_9)
FN:160,(anonymous_10)
FN:161,(anonymous_11)
FN:162,(anonymous_12)
FN:167,(anonymous_13)
FN:172,(anonymous_14)
FN:188,BlocksLibraryPanel
FN:195,(anonymous_16)
FN:197,(anonymous_17)
FN:198,(anonymous_18)
FN:199,(anonymous_19)
FN:202,(anonymous_20)
FN:205,(anonymous_21)
FN:210,handleUseBlock
FN:216,(anonymous_23)
FN:221,(anonymous_24)
FN:234,(anonymous_25)
FN:237,(anonymous_26)
FN:260,(anonymous_27)
FN:271,(anonymous_28)
FN:279,(anonymous_29)
FN:311,BlockCanvas
FN:329,handleDragEnd
FN:332,(anonymous_32)
FN:333,(anonymous_33)
FN:338,addBlock
FN:339,addLibraryBlock
FN:341,handleSaveToLibrary
FN:346,confirmSaveToLibrary
FN:355,(anonymous_38)
FN:359,(anonymous_39)
FN:368,(anonymous_40)
FN:370,deleteBlock
FN:371,(anonymous_42)
FN:375,moveBlock
FN:376,(anonymous_44)
FN:384,updateBlock
FN:385,(anonymous_46)
FN:394,(anonymous_47)
FN:395,(anonymous_48)
FN:399,(anonymous_49)
FN:406,(anonymous_50)
FN:415,(anonymous_51)
FN:416,(anonymous_52)
FN:419,(anonymous_53)
FN:428,(anonymous_54)
FN:429,(anonymous_55)
FN:434,(anonymous_56)
FN:435,(anonymous_57)
FN:436,(anonymous_58)
FN:437,(anonymous_59)
FN:438,(anonymous_60)
FN:442,(anonymous_61)
FN:458,(anonymous_62)
FN:463,(anonymous_63)
FN:464,(anonymous_64)
FN:470,(anonymous_65)
FN:489,(anonymous_66)
FN:497,(anonymous_67)
FN:505,(anonymous_68)
FNF:69
FNH:34
FNDA:1,createBlock
FNDA:0,handleTokenDrop
FNDA:27,SortableBlock
FNDA:0,(anonymous_3)
FNDA:0,(anonymous_4)
FNDA:0,(anonymous_5)
FNDA:1,(anonymous_6)
FNDA:2,(anonymous_7)
FNDA:0,(anonymous_8)
FNDA:0,(anonymous_9)
FNDA:0,(anonymous_10)
FNDA:0,(anonymous_11)
FNDA:0,(anonymous_12)
FNDA:0,(anonymous_13)
FNDA:0,(anonymous_14)
FNDA:3,BlocksLibraryPanel
FNDA:1,(anonymous_16)
FNDA:1,(anonymous_17)
FNDA:0,(anonymous_18)
FNDA:1,(anonymous_19)
FNDA:2,(anonymous_20)
FNDA:0,(anonymous_21)
FNDA:1,handleUseBlock
FNDA:1,(anonymous_23)
FNDA:1,(anonymous_24)
FNDA:0,(anonymous_25)
FNDA:0,(anonymous_26)
FNDA:2,(anonymous_27)
FNDA:1,(anonymous_28)
FNDA:0,(anonymous_29)
FNDA:30,BlockCanvas
FNDA:0,handleDragEnd
FNDA:0,(anonymous_32)
FNDA:0,(anonymous_33)
FNDA:1,addBlock
FNDA:1,addLibraryBlock
FNDA:1,handleSaveToLibrary
FNDA:1,confirmSaveToLibrary
FNDA:1,(anonymous_38)
FNDA:0,(anonymous_39)
FNDA:12,(anonymous_40)
FNDA:0,deleteBlock
FNDA:0,(anonymous_42)
FNDA:0,moveBlock
FNDA:0,(anonymous_44)
FNDA:1,updateBlock
FNDA:1,(anonymous_46)
FNDA:120,(anonymous_47)
FNDA:1,(anonymous_48)
FNDA:1,(anonymous_49)
FNDA:0,(anonymous_50)
FNDA:9,(anonymous_51)
FNDA:0,(anonymous_52)
FNDA:0,(anonymous_53)
FNDA:27,(anonymous_54)
FNDA:27,(anonymous_55)
FNDA:3,(anonymous_56)
FNDA:0,(anonymous_57)
FNDA:0,(anonymous_58)
FNDA:0,(anonymous_59)
FNDA:1,(anonymous_60)
FNDA:1,(anonymous_61)
FNDA:0,(anonymous_62)
FNDA:0,(anonymous_63)
FNDA:2,(anonymous_64)
FNDA:0,(anonymous_65)
FNDA:11,(anonymous_66)
FNDA:0,(anonymous_67)
FNDA:0,(anonymous_68)
DA:26,4
DA:41,1
DA:42,1
DA:43,1
DA:44,0
DA:53,0
DA:54,0
DA:58,4
DA:69,0
DA:70,0
DA:71,0
DA:72,0
DA:74,0
DA:75,0
DA:76,0
DA:77,0
DA:78,0
DA:105,27
DA:108,27
DA:110,27
DA:117,27
DA:128,0
DA:129,0
DA:131,0
DA:132,0
DA:147,1
DA:148,2
DA:154,0
DA:157,0
DA:160,0
DA:161,0
DA:162,0
DA:167,0
DA:172,0
DA:189,3
DA:190,3
DA:191,3
DA:192,3
DA:193,3
DA:195,3
DA:196,1
DA:197,1
DA:198,0
DA:199,1
DA:202,3
DA:203,2
DA:205,0
DA:206,2
DA:207,2
DA:211,1
DA:215,1
DA:216,1
DA:219,3
DA:221,1
DA:234,0
DA:237,0
DA:261,2
DA:271,1
DA:279,0
DA:293,4
DA:316,30
DA:317,30
DA:318,30
DA:319,30
DA:320,30
DA:321,30
DA:322,30
DA:324,30
DA:330,0
DA:331,0
DA:332,0
DA:333,0
DA:334,0
DA:335,0
DA:338,1
DA:339,1
DA:342,1
DA:343,1
DA:347,1
DA:348,1
DA:349,1
DA:350,1
DA:351,1
DA:355,1
DA:358,1
DA:359,1
DA:361,0
DA:363,1
DA:368,30
DA:371,0
DA:372,0
DA:376,0
DA:377,0
DA:378,0
DA:379,0
DA:380,0
DA:381,0
DA:385,1
DA:388,30
DA:395,120
DA:399,1
DA:406,0
DA:416,9
DA:419,0
DA:428,27
DA:430,27
DA:434,3
DA:435,0
DA:436,0
DA:437,0
DA:438,1
DA:442,1
DA:458,0
DA:463,0
DA:464,2
DA:470,0
DA:489,11
DA:497,0
DA:505,0
DA:519,4
LF:120
LH:67
BRDA:42,0,0,1
BRDA:42,0,1,0
BRDA:42,0,2,0
BRDA:42,0,3,0
BRDA:72,1,0,0
BRDA:74,2,0,0
BRDA:74,2,1,0
BRDA:75,3,0,0
BRDA:75,3,1,0
BRDA:76,4,0,0
BRDA:76,4,1,0
BRDA:113,5,0,0
BRDA:113,5,1,27
BRDA:126,6,0,27
BRDA:126,6,1,27
BRDA:136,7,0,0
BRDA:136,7,1,27
BRDA:137,8,0,0
BRDA:137,8,1,27
BRDA:142,9,0,27
BRDA:142,9,1,0
BRDA:146,10,0,27
BRDA:146,10,1,2
BRDA:153,11,0,27
BRDA:153,11,1,0
BRDA:156,12,0,0
BRDA:156,12,1,0
BRDA:157,13,0,0
BRDA:157,13,1,0
BRDA:157,14,0,0
BRDA:157,14,1,0
BRDA:157,15,0,0
BRDA:157,15,1,0
BRDA:166,16,0,27
BRDA:166,16,1,0
BRDA:169,17,0,27
BRDA:169,17,1,0
BRDA:171,18,0,0
BRDA:171,18,1,0
BRDA:203,19,0,2
BRDA:203,19,1,0
BRDA:203,19,2,0
BRDA:206,20,0,2
BRDA:206,20,1,0
BRDA:207,21,0,2
BRDA:207,21,1,2
BRDA:246,22,0,3
BRDA:246,22,1,1
BRDA:247,23,0,3
BRDA:247,23,1,2
BRDA:247,23,2,0
BRDA:251,24,0,0
BRDA:251,24,1,0
BRDA:254,25,0,0
BRDA:254,25,1,0
BRDA:260,26,0,3
BRDA:260,26,1,2
BRDA:270,27,0,1
BRDA:270,27,1,1
BRDA:274,28,0,1
BRDA:274,28,1,1
BRDA:277,29,0,2
BRDA:277,29,1,0
BRDA:286,30,0,1
BRDA:286,30,1,2
BRDA:313,31,0,18
BRDA:331,32,0,0
BRDA:331,33,0,0
BRDA:331,33,1,0
BRDA:334,34,0,0
BRDA:334,35,0,0
BRDA:334,35,1,0
BRDA:347,36,0,0
BRDA:348,37,0,0
BRDA:361,38,0,0
BRDA:361,38,1,0
BRDA:372,39,0,0
BRDA:377,40,0,0
BRDA:379,41,0,0
BRDA:379,41,1,0
BRDA:385,42,0,1
BRDA:385,42,1,0
BRDA:409,43,0,30
BRDA:409,43,1,3
BRDA:426,44,0,30
BRDA:426,44,1,27
BRDA:450,45,0,30
BRDA:450,45,1,27
BRDA:457,46,0,30
BRDA:457,46,1,1
BRDA:462,47,0,30
BRDA:462,47,1,14
BRDA:473,48,0,14
BRDA:473,48,1,0
BRDA:478,49,0,14
BRDA:478,49,1,1
BRDA:507,50,0,1
BRDA:507,50,1,13
BRDA:507,51,0,1
BRDA:507,51,1,13
BRDA:509,52,0,1
BRDA:509,52,1,13
BRF:102
BRH:50
end_of_record
TN:
SF:src\components\editor\EditorTopBar.tsx
FN:26,EditorTopBar
FN:53,(anonymous_1)
FN:62,(anonymous_2)
FN:63,(anonymous_3)
FN:64,(anonymous_4)
FN:69,(anonymous_5)
FN:157,(anonymous_6)
FN:164,(anonymous_7)
FNF:8
FNH:2
FNDA:14,EditorTopBar
FNDA:0,(anonymous_1)
FNDA:0,(anonymous_2)
FNDA:0,(anonymous_3)
FNDA:0,(anonymous_4)
FNDA:0,(anonymous_5)
FNDA:70,(anonymous_6)
FNDA:0,(anonymous_7)
DA:24,4
DA:40,14
DA:41,14
DA:43,14
DA:45,14
DA:53,0
DA:62,0
DA:63,0
DA:64,0
DA:69,0
DA:158,70
DA:164,0
DA:175,4
LF:13
LH:7
BRDA:57,0,0,0
BRDA:57,0,1,14
BRDA:61,1,0,0
BRDA:61,1,1,0
BRDA:64,2,0,0
BRDA:69,3,0,0
BRDA:69,3,1,0
BRDA:69,3,2,0
BRDA:70,4,0,1
BRDA:70,4,1,13
BRDA:72,5,0,14
BRDA:72,5,1,0
BRDA:73,6,0,14
BRDA:73,6,1,14
BRDA:73,6,2,13
BRDA:76,7,0,14
BRDA:76,7,1,5
BRDA:83,8,0,14
BRDA:83,8,1,14
BRDA:86,9,0,1
BRDA:86,9,1,13
BRDA:87,10,0,1
BRDA:87,10,1,13
BRDA:94,11,0,1
BRDA:94,11,1,13
BRDA:107,12,0,10
BRDA:107,12,1,3
BRDA:107,13,0,13
BRDA:107,13,1,11
BRDA:108,14,0,10
BRDA:108,14,1,3
BRDA:108,15,0,13
BRDA:108,15,1,11
BRDA:111,16,0,13
BRDA:111,16,1,11
BRDA:113,17,0,2
BRDA:113,17,1,11
BRDA:141,18,0,1
BRDA:141,18,1,13
BRDA:142,19,0,1
BRDA:142,19,1,13
BRDA:145,20,0,14
BRDA:145,20,1,12
BRDA:146,21,0,1
BRDA:146,21,1,13
BRDA:162,22,0,14
BRDA:162,22,1,56
BRDA:164,23,0,0
BRDA:164,23,1,0
BRF:49
BRH:39
end_of_record
TN:
SF:src\components\editor\GeneratePanel.tsx
FN:31,GeneratePanel
FN:41,addParam
FN:41,(anonymous_2)
FN:42,updateParam
FN:43,(anonymous_4)
FN:43,(anonymous_5)
FN:45,removeParam
FN:45,(anonymous_7)
FN:45,(anonymous_8)
FN:46,buildRuntimeParams
FN:48,(anonymous_10)
FN:52,getApiPreview
FN:62,handleGenerate
FN:71,(anonymous_13)
FN:92,handleDownload
FN:113,handleView
FN:126,(anonymous_16)
FN:130,(anonymous_17)
FN:153,(anonymous_18)
FN:176,(anonymous_19)
FN:182,(anonymous_20)
FN:199,(anonymous_21)
FN:210,(anonymous_22)
FN:218,(anonymous_23)
FN:226,(anonymous_24)
FN:227,(anonymous_25)
FN:228,(anonymous_26)
FN:228,(anonymous_27)
FN:233,(anonymous_28)
FN:236,(anonymous_29)
FN:252,(anonymous_30)
FN:254,(anonymous_31)
FN:259,(anonymous_32)
FN:340,(anonymous_33)
FNF:34
FNH:10
FNDA:3,GeneratePanel
FNDA:0,addParam
FNDA:0,(anonymous_2)
FNDA:0,updateParam
FNDA:0,(anonymous_4)
FNDA:0,(anonymous_5)
FNDA:0,removeParam
FNDA:0,(anonymous_7)
FNDA:0,(anonymous_8)
FNDA:2,buildRuntimeParams
FNDA:2,(anonymous_10)
FNDA:0,getApiPreview
FNDA:1,handleGenerate
FNDA:1,(anonymous_13)
FNDA:0,handleDownload
FNDA:0,handleView
FNDA:0,(anonymous_16)
FNDA:3,(anonymous_17)
FNDA:1,(anonymous_18)
FNDA:15,(anonymous_19)
FNDA:0,(anonymous_20)
FNDA:0,(anonymous_21)
FNDA:0,(anonymous_22)
FNDA:3,(anonymous_23)
FNDA:0,(anonymous_24)
FNDA:0,(anonymous_25)
FNDA:0,(anonymous_26)
FNDA:0,(anonymous_27)
FNDA:0,(anonymous_28)
FNDA:0,(anonymous_29)
FNDA:15,(anonymous_30)
FNDA:0,(anonymous_31)
FNDA:0,(anonymous_32)
FNDA:0,(anonymous_33)
DA:14,4
DA:23,4
DA:32,3
DA:33,3
DA:34,3
DA:35,3
DA:36,3
DA:37,3
DA:38,3
DA:39,3
DA:41,0
DA:43,0
DA:45,0
DA:47,2
DA:48,2
DA:49,2
DA:53,0
DA:54,0
DA:63,1
DA:64,1
DA:65,1
DA:69,1
DA:70,1
DA:71,1
DA:72,1
DA:73,1
DA:75,1
DA:76,1
DA:77,1
DA:78,1
DA:86,0
DA:87,0
DA:88,1
DA:93,0
DA:94,0
DA:95,0
DA:96,0
DA:100,0
DA:101,0
DA:102,0
DA:103,0
DA:104,0
DA:105,0
DA:106,0
DA:107,0
DA:108,0
DA:109,0
DA:114,0
DA:115,0
DA:116,0
DA:117,0
DA:118,0
DA:122,0
DA:123,0
DA:124,0
DA:125,0
DA:126,0
DA:127,0
DA:130,3
DA:133,3
DA:153,1
DA:177,15
DA:178,15
DA:179,15
DA:182,0
DA:199,0
DA:210,0
DA:219,3
DA:226,0
DA:227,0
DA:228,0
DA:234,0
DA:236,0
DA:252,15
DA:254,0
DA:259,0
DA:340,0
DA:352,4
LF:78
LH:35
BRDA:43,0,0,0
BRDA:43,0,1,0
BRDA:48,1,0,0
BRDA:57,2,0,0
BRDA:57,2,1,0
BRDA:73,3,0,1
BRDA:73,4,0,1
BRDA:73,4,1,0
BRDA:75,5,0,1
BRDA:75,5,1,0
BRDA:77,6,0,1
BRDA:82,7,0,1
BRDA:82,7,1,0
BRDA:93,8,0,0
BRDA:98,9,0,0
BRDA:98,9,1,0
BRDA:100,10,0,0
BRDA:114,11,0,0
BRDA:115,12,0,0
BRDA:116,13,0,0
BRDA:120,14,0,0
BRDA:120,14,1,0
BRDA:123,15,0,0
BRDA:123,15,1,0
BRDA:123,16,0,0
BRDA:123,16,1,0
BRDA:181,17,0,3
BRDA:181,17,1,12
BRDA:200,18,0,0
BRDA:200,18,1,3
BRDA:205,19,0,3
BRDA:205,19,1,0
BRDA:230,20,0,3
BRDA:230,20,1,0
BRDA:230,20,2,0
BRDA:252,21,0,3
BRDA:252,21,1,3
BRDA:279,22,0,3
BRDA:279,22,1,0
BRDA:287,23,0,3
BRDA:287,23,1,1
BRDA:294,24,0,0
BRDA:294,24,1,1
BRDA:294,25,0,0
BRDA:294,25,1,0
BRDA:298,26,0,0
BRDA:298,26,1,1
BRDA:300,27,0,0
BRDA:300,27,1,1
BRDA:303,28,0,0
BRDA:303,28,1,1
BRDA:303,29,0,1
BRDA:303,29,1,0
BRDA:303,30,0,0
BRDA:303,30,1,0
BRDA:311,31,0,3
BRDA:311,31,1,0
BRDA:314,32,0,0
BRDA:314,32,1,0
BRDA:319,33,0,3
BRDA:319,33,1,2
BRDA:321,34,0,1
BRDA:321,34,1,1
BRDA:321,35,0,1
BRDA:321,35,1,1
BRDA:323,36,0,1
BRDA:323,36,1,1
BRDA:332,37,0,1
BRDA:332,37,1,0
BRDA:339,38,0,3
BRDA:339,38,1,1
BRF:71
BRH:32
end_of_record
TN:
SF:src\components\editor\InspectorPanel.tsx
FN:14,extractTokens
FN:16,(anonymous_1)
FN:26,InspectorPanel
FN:27,(anonymous_3)
FN:28,(anonymous_4)
FN:32,(anonymous_5)
FN:44,(anonymous_6)
FN:48,handleTextChange
FN:72,handleKeyDown
FN:76,(anonymous_9)
FN:79,(anonymous_10)
FN:90,insertPlaceholder
FN:100,(anonymous_12)
FN:109,(anonymous_13)
FN:110,handleClick
FN:116,(anonymous_15)
FN:152,(anonymous_16)
FN:160,(anonymous_17)
FN:176,(anonymous_18)
FN:181,(anonymous_19)
FN:183,(anonymous_20)
FN:189,(anonymous_21)
FN:213,(anonymous_22)
FN:220,(anonymous_23)
FN:221,(anonymous_24)
FN:261,(anonymous_25)
FN:275,(anonymous_26)
FN:288,(anonymous_27)
FN:304,(anonymous_28)
FNF:29
FNH:14
FNDA:5,extractTokens
FNDA:2,(anonymous_1)
FNDA:14,InspectorPanel
FNDA:13,(anonymous_3)
FNDA:13,(anonymous_4)
FNDA:2,(anonymous_5)
FNDA:13,(anonymous_6)
FNDA:0,handleTextChange
FNDA:0,handleKeyDown
FNDA:0,(anonymous_9)
FNDA:0,(anonymous_10)
FNDA:0,insertPlaceholder
FNDA:0,(anonymous_12)
FNDA:6,(anonymous_13)
FNDA:6,handleClick
FNDA:6,(anonymous_15)
FNDA:21,(anonymous_16)
FNDA:0,(anonymous_17)
FNDA:0,(anonymous_18)
FNDA:0,(anonymous_19)
FNDA:77,(anonymous_20)
FNDA:1,(anonymous_21)
FNDA:0,(anonymous_22)
FNDA:0,(anonymous_23)
FNDA:0,(anonymous_24)
FNDA:0,(anonymous_25)
FNDA:0,(anonymous_26)
FNDA:0,(anonymous_27)
FNDA:1,(anonymous_28)
DA:15,5
DA:16,5
DA:19,4
DA:20,4
DA:27,14
DA:28,14
DA:30,14
DA:31,14
DA:32,5
DA:33,2
DA:38,14
DA:39,14
DA:40,14
DA:41,14
DA:42,14
DA:44,14
DA:45,13
DA:49,0
DA:50,0
DA:51,0
DA:53,0
DA:54,0
DA:56,0
DA:57,0
DA:58,0
DA:59,0
DA:60,0
DA:61,0
DA:62,0
DA:63,0
DA:64,0
DA:66,0
DA:67,0
DA:73,0
DA:74,0
DA:75,0
DA:76,0
DA:77,0
DA:78,0
DA:79,0
DA:80,0
DA:81,0
DA:82,0
DA:83,0
DA:85,0
DA:86,0
DA:91,0
DA:92,0
DA:93,0
DA:94,0
DA:95,0
DA:96,0
DA:97,0
DA:98,0
DA:99,0
DA:100,0
DA:101,0
DA:102,0
DA:103,0
DA:104,0
DA:109,14
DA:111,6
DA:112,3
DA:115,6
DA:116,6
DA:119,14
DA:153,21
DA:160,0
DA:176,0
DA:181,0
DA:184,77
DA:189,1
DA:214,0
DA:220,0
DA:221,0
DA:261,0
DA:275,0
DA:288,0
DA:305,1
DA:326,4
DA:330,4
LF:81
LH:29
BRDA:15,0,0,5
BRDA:15,0,1,3
BRDA:27,1,0,14
BRDA:27,1,1,7
BRDA:31,2,0,5
BRDA:31,3,0,14
BRDA:31,3,1,7
BRDA:33,4,0,1
BRDA:50,5,0,0
BRDA:50,5,1,0
BRDA:56,6,0,0
BRDA:56,6,1,0
BRDA:61,7,0,0
BRDA:63,8,0,0
BRDA:63,8,1,0
BRDA:63,9,0,0
BRDA:63,9,1,0
BRDA:73,10,0,0
BRDA:74,11,0,0
BRDA:74,11,1,0
BRDA:77,12,0,0
BRDA:77,12,1,0
BRDA:80,13,0,0
BRDA:80,13,1,0
BRDA:80,14,0,0
BRDA:80,14,1,0
BRDA:82,15,0,0
BRDA:85,16,0,0
BRDA:91,17,0,0
BRDA:91,18,0,0
BRDA:91,18,1,0
BRDA:92,19,0,0
BRDA:92,19,1,0
BRDA:93,20,0,0
BRDA:93,20,1,0
BRDA:101,21,0,0
BRDA:111,22,0,3
BRDA:111,23,0,6
BRDA:111,23,1,3
BRDA:125,24,0,14
BRDA:125,24,1,7
BRDA:133,25,0,14
BRDA:133,25,1,7
BRDA:141,26,0,14
BRDA:141,26,1,7
BRDA:158,27,0,7
BRDA:158,27,1,14
BRDA:158,28,0,21
BRDA:158,28,1,18
BRDA:162,29,0,7
BRDA:162,29,1,14
BRDA:162,30,0,7
BRDA:162,30,1,7
BRDA:171,31,0,7
BRDA:171,31,1,6
BRDA:176,32,0,0
BRDA:176,32,1,0
BRDA:180,33,0,7
BRDA:180,33,1,6
BRDA:189,34,0,1
BRDA:189,34,1,0
BRDA:202,35,0,7
BRDA:202,35,1,2
BRDA:210,36,0,7
BRDA:210,36,1,0
BRDA:210,36,2,0
BRDA:218,37,0,0
BRDA:218,37,1,0
BRDA:224,38,0,0
BRDA:224,38,1,0
BRDA:229,39,0,0
BRDA:229,39,1,0
BRDA:236,40,0,7
BRDA:236,40,1,0
BRDA:236,40,2,0
BRDA:248,41,0,14
BRDA:248,41,1,0
BRDA:253,42,0,0
BRDA:253,42,1,0
BRDA:260,43,0,0
BRDA:260,43,1,0
BRDA:269,44,0,14
BRDA:269,44,1,0
BRDA:274,45,0,0
BRDA:274,45,1,0
BRDA:282,46,0,14
BRDA:282,46,1,0
BRDA:287,47,0,0
BRDA:287,47,1,0
BRDA:297,48,0,14
BRDA:297,48,1,7
BRDA:298,49,0,14
BRDA:298,49,1,7
BRDA:298,49,2,6
BRDA:301,50,0,14
BRDA:301,50,1,7
BRDA:301,50,2,1
BRDA:310,51,0,14
BRDA:310,51,1,7
BRDA:310,51,2,0
BRDA:316,52,0,14
BRDA:316,52,1,7
BRF:102
BRH:49
end_of_record
TN:
SF:src\components\editor\PlaceholderPalette.tsx
FN:17,extractUsedTokens
FN:21,scanBlock
FN:28,(anonymous_2)
FN:33,(anonymous_3)
FN:34,(anonymous_4)
FN:53,PlaceholderPalette
FN:63,(anonymous_6)
FN:66,(anonymous_7)
FN:69,(anonymous_8)
FN:75,(anonymous_9)
FN:78,handleDragStart
FN:85,handleDragEnd
FN:103,(anonymous_12)
FN:112,(anonymous_13)
FN:123,(anonymous_14)
FN:154,(anonymous_15)
FN:162,(anonymous_16)
FN:178,(anonymous_17)
FN:204,(anonymous_18)
FN:214,(anonymous_19)
FN:220,(anonymous_20)
FNF:21
FNH:13
FNDA:10,extractUsedTokens
FNDA:7,scanBlock
FNDA:0,(anonymous_2)
FNDA:0,(anonymous_3)
FNDA:0,(anonymous_4)
FNDA:17,PlaceholderPalette
FNDA:10,(anonymous_6)
FNDA:2,(anonymous_7)
FNDA:20,(anonymous_8)
FNDA:22,(anonymous_9)
FNDA:1,handleDragStart
FNDA:0,handleDragEnd
FNDA:0,(anonymous_12)
FNDA:0,(anonymous_13)
FNDA:1,(anonymous_14)
FNDA:20,(anonymous_15)
FNDA:1,(anonymous_16)
FNDA:2,(anonymous_17)
FNDA:4,(anonymous_18)
FNDA:0,(anonymous_19)
FNDA:0,(anonymous_20)
DA:15,4
DA:18,10
DA:19,10
DA:22,7
DA:24,6
DA:25,6
DA:27,7
DA:28,0
DA:30,0
DA:31,0
DA:33,0
DA:34,0
DA:36,0
DA:37,0
DA:41,7
DA:43,0
DA:44,0
DA:46,7
DA:49,10
DA:50,10
DA:59,17
DA:60,17
DA:61,17
DA:63,17
DA:65,17
DA:66,2
DA:69,17
DA:70,20
DA:74,17
DA:75,22
DA:79,1
DA:80,1
DA:81,1
DA:82,1
DA:86,0
DA:89,17
DA:103,0
DA:112,0
DA:123,1
DA:155,20
DA:156,20
DA:157,20
DA:158,20
DA:162,1
DA:178,2
DA:205,4
DA:207,4
DA:208,4
DA:209,4
DA:213,0
DA:214,0
DA:217,0
DA:221,0
DA:222,0
DA:223,0
DA:227,0
DA:250,4
LF:57
LH:38
BRDA:22,0,0,6
BRDA:27,1,0,0
BRDA:28,2,0,0
BRDA:28,2,1,0
BRDA:30,3,0,0
BRDA:30,3,1,0
BRDA:33,4,0,0
BRDA:33,4,1,0
BRDA:36,5,0,0
BRDA:36,5,1,0
BRDA:41,6,0,0
BRDA:46,7,0,7
BRDA:46,7,1,7
BRDA:65,8,0,1
BRDA:65,8,1,16
BRDA:70,9,0,20
BRDA:70,9,1,0
BRDA:71,10,0,0
BRDA:71,10,1,0
BRDA:111,11,0,16
BRDA:111,11,1,1
BRDA:117,12,0,16
BRDA:117,12,1,1
BRDA:118,13,0,16
BRDA:118,13,1,1
BRDA:122,14,0,1
BRDA:122,14,1,16
BRDA:128,15,0,1
BRDA:128,15,1,16
BRDA:129,16,0,1
BRDA:129,16,1,16
BRDA:135,17,0,17
BRDA:135,17,1,1
BRDA:135,17,2,1
BRDA:148,18,0,17
BRDA:148,18,1,1
BRDA:148,18,2,1
BRDA:148,18,3,0
BRDA:150,19,0,0
BRDA:150,19,1,0
BRDA:157,20,0,20
BRDA:157,20,1,20
BRDA:166,21,0,1
BRDA:166,21,1,19
BRDA:169,22,0,0
BRDA:169,22,1,20
BRDA:170,23,0,1
BRDA:170,23,1,19
BRDA:170,24,0,20
BRDA:170,24,1,1
BRDA:173,25,0,0
BRDA:173,25,1,20
BRDA:174,26,0,1
BRDA:174,26,1,19
BRDA:174,27,0,20
BRDA:174,27,1,1
BRDA:176,28,0,1
BRDA:176,28,1,19
BRDA:178,29,0,2
BRDA:178,29,1,2
BRDA:179,30,0,0
BRDA:179,30,1,20
BRDA:187,31,0,20
BRDA:187,31,1,0
BRDA:190,32,0,20
BRDA:190,32,1,1
BRDA:190,32,2,1
BRDA:190,32,3,1
BRDA:196,33,0,20
BRDA:196,33,1,8
BRDA:199,34,0,0
BRDA:199,34,1,20
BRDA:203,35,0,4
BRDA:203,35,1,16
BRDA:207,36,0,4
BRDA:207,36,1,0
BRDA:208,37,0,4
BRDA:209,38,0,0
BRDA:209,38,1,4
BRDA:213,39,0,0
BRDA:213,39,1,0
BRDA:215,40,0,0
BRDA:215,40,1,0
BRDA:219,41,0,0
BRDA:219,41,1,16
BRDA:222,42,0,0
BRDA:222,42,1,0
BRDA:223,43,0,0
BRDA:223,43,1,0
BRDA:224,44,0,0
BRDA:224,44,1,0
BRDA:240,45,0,1
BRDA:240,45,1,16
BRDA:241,46,0,1
BRDA:241,46,1,0
BRDA:242,47,0,10
BRDA:242,47,1,6
BRF:97
BRH:62
end_of_record
TN:
SF:src\components\editor\PreviewBar.tsx
FN:15,PreviewBar
FN:27,(anonymous_1)
FN:30,(anonymous_2)
FN:41,(anonymous_3)
FN:44,(anonymous_4)
FNF:5
FNH:5
FNDA:13,PreviewBar
FNDA:65,(anonymous_1)
FNDA:1,(anonymous_2)
FNDA:39,(anonymous_3)
FNDA:1,(anonymous_4)
DA:12,4
DA:13,4
DA:20,13
DA:28,65
DA:30,1
DA:42,39
DA:44,1
DA:64,4
LF:8
LH:8
BRDA:29,0,0,13
BRDA:29,0,1,52
BRDA:43,1,0,13
BRDA:43,1,1,26
BRDA:54,2,0,0
BRDA:54,2,1,13
BRDA:58,3,0,0
BRDA:58,3,1,13
BRF:8
BRH:6
end_of_record
TN:
SF:src\components\editor\PreviewPane.tsx
FN:19,resolveTokens
FN:31,(anonymous_1)
FN:39,(anonymous_2)
FN:50,(anonymous_3)
FN:53,(anonymous_4)
FN:55,(anonymous_5)
FN:75,renderBlock
FN:82,(anonymous_7)
FN:89,(anonymous_8)
FN:92,(anonymous_9)
FN:95,(anonymous_10)
FN:96,(anonymous_11)
FN:126,buildHtmlFallback
FN:127,(anonymous_13)
FN:145,PreviewPane
FN:156,(anonymous_15)
FN:161,(anonymous_16)
FN:193,(anonymous_17)
FN:205,(anonymous_18)
FN:217,generatePdfPreview
FN:231,(anonymous_20)
FN:293,(anonymous_21)
FNF:22
FNH:6
FNDA:0,resolveTokens
FNDA:0,(anonymous_1)
FNDA:0,(anonymous_2)
FNDA:0,(anonymous_3)
FNDA:0,(anonymous_4)
FNDA:0,(anonymous_5)
FNDA:0,renderBlock
FNDA:0,(anonymous_7)
FNDA:0,(anonymous_8)
FNDA:0,(anonymous_9)
FNDA:0,(anonymous_10)
FNDA:0,(anonymous_11)
FNDA:2,buildHtmlFallback
FNDA:0,(anonymous_13)
FNDA:4,PreviewPane
FNDA:2,(anonymous_15)
FNDA:1,(anonymous_16)
FNDA:2,(anonymous_17)
FNDA:2,(anonymous_18)
FNDA:0,generatePdfPreview
FNDA:0,(anonymous_20)
FNDA:0,(anonymous_21)
DA:20,0
DA:21,0
DA:22,0
DA:23,0
DA:25,0
DA:27,0
DA:28,0
DA:29,0
DA:30,0
DA:31,0
DA:33,0
DA:37,0
DA:39,0
DA:41,0
DA:43,0
DA:45,0
DA:46,0
DA:47,0
DA:48,0
DA:49,0
DA:50,0
DA:52,0
DA:54,0
DA:55,0
DA:57,0
DA:60,0
DA:66,0
DA:70,0
DA:72,0
DA:76,0
DA:78,0
DA:79,0
DA:80,0
DA:81,0
DA:82,0
DA:83,0
DA:87,0
DA:88,0
DA:89,0
DA:90,0
DA:92,0
DA:93,0
DA:95,0
DA:96,0
DA:97,0
DA:98,0
DA:99,0
DA:100,0
DA:102,0
DA:104,0
DA:110,0
DA:111,0
DA:112,0
DA:115,0
DA:116,0
DA:122,0
DA:127,2
DA:128,2
DA:137,4
DA:146,4
DA:149,4
DA:150,4
DA:151,4
DA:152,4
DA:155,4
DA:156,2
DA:161,4
DA:162,1
DA:163,0
DA:164,0
DA:167,1
DA:168,1
DA:170,1
DA:171,1
DA:176,1
DA:177,1
DA:178,1
DA:180,0
DA:184,0
DA:185,0
DA:186,0
DA:188,1
DA:193,4
DA:194,2
DA:195,1
DA:200,4
DA:201,4
DA:202,4
DA:203,4
DA:205,4
DA:206,2
DA:207,2
DA:208,0
DA:209,0
DA:211,2
DA:212,2
DA:213,2
DA:215,0
DA:218,0
DA:219,0
DA:220,0
DA:221,0
DA:227,0
DA:229,0
DA:230,0
DA:231,0
DA:232,0
DA:233,0
DA:234,0
DA:237,0
DA:238,0
DA:239,0
DA:242,0
DA:246,0
DA:247,0
DA:248,0
DA:250,0
DA:251,0
DA:252,0
DA:254,0
DA:256,0
DA:260,0
DA:263,4
DA:293,0
DA:394,4
LF:125
LH:35
BRDA:22,0,0,0
BRDA:22,0,1,0
BRDA:25,1,0,0
BRDA:25,1,1,0
BRDA:29,2,0,0
BRDA:43,3,0,0
BRDA:47,4,0,0
BRDA:47,5,0,0
BRDA:47,5,1,0
BRDA:55,6,0,0
BRDA:55,6,1,0
BRDA:55,7,0,0
BRDA:55,7,1,0
BRDA:76,8,0,0
BRDA:76,8,1,0
BRDA:76,8,2,0
BRDA:76,8,3,0
BRDA:76,8,4,0
BRDA:78,9,0,0
BRDA:78,9,1,0
BRDA:80,10,0,0
BRDA:80,10,1,0
BRDA:81,11,0,0
BRDA:81,11,1,0
BRDA:87,12,0,0
BRDA:87,12,1,0
BRDA:88,13,0,0
BRDA:88,13,1,0
BRDA:97,14,0,0
BRDA:97,14,1,0
BRDA:97,15,0,0
BRDA:97,15,1,0
BRDA:99,16,0,0
BRDA:99,16,1,0
BRDA:110,17,0,0
BRDA:110,17,1,0
BRDA:111,18,0,0
BRDA:115,19,0,0
BRDA:115,19,1,0
BRDA:133,20,0,2
BRDA:133,20,1,2
BRDA:146,21,0,4
BRDA:146,21,1,0
BRDA:162,22,0,0
BRDA:162,23,0,1
BRDA:162,23,1,1
BRDA:176,24,0,1
BRDA:176,24,1,0
BRDA:194,25,0,1
BRDA:206,26,0,2
BRDA:207,27,0,0
BRDA:215,28,0,0
BRDA:234,29,0,0
BRDA:234,30,0,0
BRDA:234,30,1,0
BRDA:237,31,0,0
BRDA:238,32,0,0
BRDA:238,32,1,0
BRDA:244,33,0,0
BRDA:244,33,1,0
BRDA:250,34,0,0
BRDA:270,35,0,3
BRDA:270,35,1,1
BRDA:271,36,0,1
BRDA:271,36,1,2
BRDA:273,37,0,0
BRDA:273,37,1,2
BRDA:275,38,0,2
BRDA:275,38,1,0
BRDA:278,39,0,0
BRDA:278,39,1,1
BRDA:279,40,0,0
BRDA:279,40,1,0
BRDA:280,41,0,1
BRDA:280,41,1,0
BRDA:282,42,0,0
BRDA:282,42,1,0
BRDA:284,43,0,0
BRDA:284,43,1,0
BRDA:290,44,0,4
BRDA:290,44,1,3
BRDA:290,44,2,2
BRDA:305,45,0,4
BRDA:305,45,1,3
BRDA:307,46,0,3
BRDA:307,46,1,1
BRDA:313,47,0,3
BRDA:313,47,1,2
BRDA:315,48,0,2
BRDA:315,48,1,1
BRDA:325,49,0,4
BRDA:325,49,1,0
BRDA:327,50,0,0
BRDA:327,50,1,0
BRDA:334,51,0,0
BRDA:334,51,1,0
BRDA:334,51,2,0
BRDA:340,52,0,0
BRDA:340,52,1,0
BRDA:340,52,2,0
BRDA:347,53,0,4
BRDA:347,53,1,1
BRDA:361,54,0,4
BRDA:361,54,1,0
BRDA:375,55,0,4
BRDA:375,55,1,0
BRF:106
BRH:32
end_of_record
TN:
SF:src\components\editor\TestsPanel.tsx
FN:42,fetchTests
FN:47,createTest
FN:52,updateTest
FN:57,deleteTest
FN:61,runOneTest
FN:66,runAllTests
FN:73,TestsPanel
FN:87,(anonymous_7)
FN:90,(anonymous_8)
FN:91,(anonymous_9)
FN:94,handleField
FN:95,(anonymous_11)
FN:98,openNewForm
FN:105,openEditForm
FN:117,handleSave
FN:130,(anonymous_15)
FN:144,(anonymous_16)
FN:144,(anonymous_17)
FN:147,(anonymous_18)
FN:158,handleDelete
FN:162,(anonymous_20)
FN:162,(anonymous_21)
FN:163,(anonymous_22)
FN:169,handleRunOne
FN:174,(anonymous_24)
FN:176,(anonymous_25)
FN:192,handleRunAll
FN:199,(anonymous_27)
FN:208,showPreview
FN:216,(anonymous_29)
FN:217,(anonymous_30)
FN:221,(anonymous_31)
FN:267,(anonymous_32)
FN:274,(anonymous_33)
FN:282,(anonymous_34)
FN:292,(anonymous_35)
FN:300,(anonymous_36)
FN:326,(anonymous_37)
FN:352,(anonymous_38)
FN:360,(anonymous_39)
FN:364,(anonymous_40)
FN:365,(anonymous_41)
FN:394,(anonymous_42)
FN:409,(anonymous_43)
FN:410,(anonymous_44)
FN:415,(anonymous_45)
FNF:46
FNH:22
FNDA:2,fetchTests
FNDA:1,createTest
FNDA:0,updateTest
FNDA:0,deleteTest
FNDA:1,runOneTest
FNDA:0,runAllTests
FNDA:22,TestsPanel
FNDA:2,(anonymous_7)
FNDA:0,(anonymous_8)
FNDA:2,(anonymous_9)
FNDA:12,handleField
FNDA:12,(anonymous_11)
FNDA:1,openNewForm
FNDA:0,openEditForm
FNDA:2,handleSave
FNDA:1,(anonymous_15)
FNDA:0,(anonymous_16)
FNDA:0,(anonymous_17)
FNDA:1,(anonymous_18)
FNDA:0,handleDelete
FNDA:0,(anonymous_20)
FNDA:0,(anonymous_21)
FNDA:0,(anonymous_22)
FNDA:1,handleRunOne
FNDA:1,(anonymous_24)
FNDA:0,(anonymous_25)
FNDA:0,handleRunAll
FNDA:0,(anonymous_27)
FNDA:0,showPreview
FNDA:1,(anonymous_29)
FNDA:1,(anonymous_30)
FNDA:6,(anonymous_31)
FNDA:8,(anonymous_32)
FNDA:0,(anonymous_33)
FNDA:0,(anonymous_34)
FNDA:4,(anonymous_35)
FNDA:0,(anonymous_36)
FNDA:4,(anonymous_37)
FNDA:4,(anonymous_38)
FNDA:1,(anonymous_39)
FNDA:0,(anonymous_40)
FNDA:0,(anonymous_41)
FNDA:0,(anonymous_42)
FNDA:0,(anonymous_43)
FNDA:0,(anonymous_44)
FNDA:0,(anonymous_45)
DA:34,4
DA:43,2
DA:44,2
DA:48,1
DA:49,1
DA:53,0
DA:54,0
DA:58,0
DA:62,1
DA:63,1
DA:67,0
DA:68,0
DA:74,22
DA:75,22
DA:76,22
DA:77,22
DA:78,22
DA:79,22
DA:80,22
DA:81,22
DA:82,22
DA:83,22
DA:84,22
DA:87,22
DA:88,2
DA:90,0
DA:91,2
DA:95,12
DA:99,1
DA:100,1
DA:101,1
DA:102,1
DA:106,0
DA:112,0
DA:113,0
DA:114,0
DA:118,2
DA:119,2
DA:122,1
DA:123,1
DA:125,0
DA:126,0
DA:129,1
DA:130,1
DA:132,1
DA:140,1
DA:141,1
DA:142,1
DA:143,0
DA:144,0
DA:146,1
DA:147,1
DA:149,1
DA:150,1
DA:152,0
DA:154,1
DA:159,0
DA:160,0
DA:161,0
DA:162,0
DA:163,0
DA:165,0
DA:170,1
DA:171,1
DA:172,1
DA:173,1
DA:174,1
DA:176,0
DA:188,1
DA:193,0
DA:194,0
DA:195,0
DA:196,0
DA:197,0
DA:198,0
DA:199,0
DA:200,0
DA:202,0
DA:204,0
DA:209,0
DA:210,0
DA:211,0
DA:215,22
DA:216,22
DA:217,22
DA:219,22
DA:221,6
DA:267,8
DA:274,0
DA:282,0
DA:292,4
DA:300,0
DA:327,4
DA:328,4
DA:330,4
DA:352,4
DA:360,1
DA:364,0
DA:365,0
DA:394,0
DA:409,0
DA:410,0
DA:415,0
DA:429,4
LF:104
LH:60
BRDA:119,0,0,1
BRDA:123,1,0,1
BRDA:123,1,1,0
BRDA:137,2,0,1
BRDA:137,2,1,1
BRDA:142,3,0,0
BRDA:142,3,1,1
BRDA:144,4,0,0
BRDA:144,4,1,0
BRDA:152,5,0,0
BRDA:152,5,1,0
BRDA:159,6,0,0
BRDA:193,7,0,0
BRDA:209,8,0,0
BRDA:230,9,0,22
BRDA:230,9,1,1
BRDA:233,10,0,1
BRDA:233,10,1,0
BRDA:246,11,0,22
BRDA:246,11,1,4
BRDA:248,12,0,1
BRDA:248,12,1,3
BRDA:252,13,0,0
BRDA:252,13,1,4
BRDA:258,14,0,22
BRDA:258,14,1,15
BRDA:260,15,0,0
BRDA:260,15,1,15
BRDA:262,16,0,15
BRDA:262,16,1,13
BRDA:303,17,0,1
BRDA:303,17,1,14
BRDA:305,18,0,1
BRDA:305,18,1,14
BRDA:305,19,0,0
BRDA:305,19,1,14
BRDA:312,20,0,22
BRDA:312,20,1,2
BRDA:315,21,0,22
BRDA:315,21,1,20
BRDA:315,21,2,16
BRDA:315,21,3,1
BRDA:333,22,0,1
BRDA:333,22,1,3
BRDA:334,23,0,0
BRDA:334,23,1,3
BRDA:335,24,0,0
BRDA:335,24,1,3
BRDA:342,25,0,3
BRDA:342,25,1,1
BRDA:343,26,0,1
BRDA:343,26,1,0
BRDA:344,27,0,0
BRDA:344,27,1,0
BRDA:349,28,0,4
BRDA:349,28,1,0
BRDA:350,29,0,4
BRDA:350,29,1,4
BRDA:352,30,0,0
BRDA:352,30,1,4
BRDA:352,31,0,0
BRDA:352,31,1,4
BRDA:362,32,0,1
BRDA:362,32,1,3
BRDA:370,33,0,4
BRDA:370,33,1,0
BRDA:377,34,0,4
BRDA:377,34,1,1
BRDA:380,35,0,1
BRDA:380,35,1,0
BRDA:380,36,0,0
BRDA:380,36,1,0
BRDA:381,37,0,1
BRDA:381,37,1,0
BRDA:381,38,0,0
BRDA:381,38,1,0
BRDA:382,39,0,1
BRDA:382,39,1,0
BRDA:382,40,0,0
BRDA:382,40,1,0
BRDA:387,41,0,1
BRDA:387,41,1,1
BRDA:392,42,0,1
BRDA:392,42,1,1
BRDA:408,43,0,22
BRDA:408,43,1,0
BRDA:419,44,0,0
BRDA:419,44,1,0
BRF:88
BRH:54
end_of_record
TN:
SF:src\components\editor\VersionHistoryPanel.tsx
FN:16,formatDate
FN:23,timeAgo
FN:34,getBlocks
FN:46,extractTokens
FN:49,scan
FN:50,(anonymous_5)
FN:55,(anonymous_6)
FN:75,computeDiff
FN:80,(anonymous_8)
FN:81,(anonymous_9)
FN:110,(anonymous_10)
FN:111,(anonymous_11)
FN:117,blockLabel
FN:129,VersionHistoryPanel
FN:143,(anonymous_14)
FN:148,(anonymous_15)
FN:149,(anonymous_16)
FN:152,handleRestore
FN:162,(anonymous_18)
FN:170,handleCompare
FN:186,(anonymous_20)
FN:187,(anonymous_21)
FN:195,exitDiff
FN:202,(anonymous_23)
FN:206,(anonymous_24)
FN:228,(anonymous_25)
FN:239,(anonymous_26)
FN:264,(anonymous_27)
FN:296,(anonymous_28)
FN:304,(anonymous_29)
FN:312,(anonymous_30)
FN:359,(anonymous_31)
FN:360,(anonymous_32)
FN:393,(anonymous_33)
FN:405,(anonymous_34)
FN:417,(anonymous_35)
FN:437,(anonymous_36)
FN:440,(anonymous_37)
FNF:38
FNH:28
FNDA:12,formatDate
FNDA:12,timeAgo
FNDA:3,getBlocks
FNDA:2,extractTokens
FNDA:2,scan
FNDA:4,(anonymous_5)
FNDA:0,(anonymous_6)
FNDA:1,computeDiff
FNDA:1,(anonymous_8)
FNDA:1,(anonymous_9)
FNDA:1,(anonymous_10)
FNDA:0,(anonymous_11)
FNDA:0,blockLabel
FNDA:8,VersionHistoryPanel
FNDA:2,(anonymous_14)
FNDA:0,(anonymous_15)
FNDA:2,(anonymous_16)
FNDA:1,handleRestore
FNDA:1,(anonymous_18)
FNDA:2,handleCompare
FNDA:1,(anonymous_20)
FNDA:2,(anonymous_21)
FNDA:0,exitDiff
FNDA:0,(anonymous_23)
FNDA:4,(anonymous_24)
FNDA:1,(anonymous_25)
FNDA:3,(anonymous_26)
FNDA:12,(anonymous_27)
FNDA:2,(anonymous_28)
FNDA:1,(anonymous_29)
FNDA:0,(anonymous_30)
FNDA:1,(anonymous_31)
FNDA:2,(anonymous_32)
FNDA:0,(anonymous_33)
FNDA:0,(anonymous_34)
FNDA:1,(anonymous_35)
FNDA:1,(anonymous_36)
FNDA:0,(anonymous_37)
DA:17,12
DA:24,12
DA:25,12
DA:26,12
DA:27,12
DA:28,12
DA:29,12
DA:30,12
DA:35,3
DA:36,3
DA:39,3
DA:41,0
DA:47,2
DA:48,2
DA:50,2
DA:52,4
DA:53,4
DA:55,2
DA:57,0
DA:58,0
DA:60,2
DA:62,2
DA:63,2
DA:76,1
DA:77,1
DA:80,1
DA:81,1
DA:83,1
DA:84,1
DA:85,1
DA:88,1
DA:89,1
DA:90,0
DA:92,1
DA:94,1
DA:95,1
DA:96,1
DA:97,1
DA:103,1
DA:104,1
DA:108,1
DA:109,1
DA:110,1
DA:111,1
DA:113,1
DA:118,0
DA:119,0
DA:124,0
DA:130,8
DA:131,8
DA:132,8
DA:133,8
DA:134,8
DA:135,8
DA:138,8
DA:139,8
DA:140,8
DA:141,8
DA:143,8
DA:144,2
DA:145,2
DA:146,2
DA:148,0
DA:149,2
DA:153,1
DA:154,1
DA:156,0
DA:157,1
DA:158,1
DA:159,1
DA:160,1
DA:161,1
DA:162,1
DA:164,0
DA:166,1
DA:171,2
DA:173,0
DA:174,0
DA:175,0
DA:176,0
DA:177,2
DA:178,1
DA:179,1
DA:181,0
DA:182,0
DA:185,1
DA:186,1
DA:187,2
DA:189,1
DA:191,1
DA:196,0
DA:197,0
DA:198,0
DA:199,0
DA:202,8
DA:204,8
DA:206,4
DA:228,1
DA:239,3
DA:265,12
DA:266,12
DA:267,12
DA:296,2
DA:304,1
DA:312,0
DA:359,1
DA:360,2
DA:394,0
DA:406,0
DA:418,1
DA:438,1
DA:441,0
DA:454,4
LF:113
LH:89
BRDA:26,0,0,0
BRDA:27,1,0,0
BRDA:29,2,0,0
BRDA:36,3,0,0
BRDA:36,3,1,3
BRDA:39,4,0,3
BRDA:39,4,1,0
BRDA:50,5,0,2
BRDA:50,5,1,0
BRDA:50,6,0,2
BRDA:50,6,1,2
BRDA:55,7,0,2
BRDA:55,7,1,2
BRDA:57,8,0,0
BRDA:57,8,1,0
BRDA:60,9,0,2
BRDA:60,9,1,2
BRDA:89,10,0,0
BRDA:89,10,1,1
BRDA:96,11,0,1
BRDA:104,12,0,0
BRDA:119,13,0,0
BRDA:119,13,1,0
BRDA:120,14,0,0
BRDA:120,14,1,0
BRDA:121,15,0,0
BRDA:121,15,1,0
BRDA:123,16,0,0
BRDA:123,16,1,0
BRDA:148,17,0,0
BRDA:148,17,1,0
BRDA:153,18,0,0
BRDA:154,19,0,0
BRDA:171,20,0,0
BRDA:171,20,1,2
BRDA:177,21,0,1
BRDA:177,21,1,1
BRDA:179,22,0,0
BRDA:179,22,1,1
BRDA:189,23,0,1
BRDA:189,23,1,0
BRDA:206,24,0,1
BRDA:206,24,1,7
BRDA:213,25,0,2
BRDA:213,25,1,6
BRDA:213,26,0,8
BRDA:213,26,1,3
BRDA:215,27,0,1
BRDA:215,27,1,5
BRDA:221,28,0,8
BRDA:221,28,1,6
BRDA:222,29,0,6
BRDA:222,29,1,0
BRDA:224,30,0,8
BRDA:224,30,1,3
BRDA:227,31,0,8
BRDA:227,31,1,5
BRDA:227,31,2,3
BRDA:237,32,0,8
BRDA:237,32,1,3
BRDA:237,32,2,2
BRDA:247,33,0,1
BRDA:247,33,1,7
BRDA:247,34,0,1
BRDA:247,34,1,7
BRDA:249,35,0,8
BRDA:249,35,1,2
BRDA:250,36,0,8
BRDA:250,36,1,0
BRDA:250,36,2,0
BRDA:252,37,0,8
BRDA:252,37,1,6
BRDA:252,37,2,6
BRDA:252,37,3,0
BRDA:262,38,0,8
BRDA:262,38,1,6
BRDA:262,38,2,6
BRDA:270,39,0,1
BRDA:270,39,1,11
BRDA:271,40,0,2
BRDA:271,40,1,9
BRDA:272,41,0,1
BRDA:272,41,1,8
BRDA:274,42,0,1
BRDA:274,42,1,11
BRDA:275,43,0,2
BRDA:275,43,1,9
BRDA:276,44,0,1
BRDA:276,44,1,8
BRDA:283,45,0,12
BRDA:283,45,1,6
BRDA:284,46,0,12
BRDA:284,46,1,2
BRDA:285,47,0,12
BRDA:285,47,1,1
BRDA:289,48,0,12
BRDA:289,48,1,12
BRDA:293,49,0,2
BRDA:293,49,1,10
BRDA:294,50,0,2
BRDA:294,50,1,10
BRDA:298,51,0,2
BRDA:298,51,1,10
BRDA:301,52,0,12
BRDA:301,52,1,4
BRDA:303,53,0,0
BRDA:303,53,1,4
BRDA:307,54,0,1
BRDA:307,54,1,3
BRDA:307,55,0,0
BRDA:307,55,1,3
BRDA:312,56,0,0
BRDA:312,56,1,0
BRDA:314,57,0,0
BRDA:314,57,1,12
BRDA:323,58,0,12
BRDA:323,58,1,12
BRDA:327,59,0,12
BRDA:327,59,1,0
BRDA:351,60,0,3
BRDA:351,60,1,5
BRDA:356,61,0,8
BRDA:356,61,1,1
BRDA:379,62,0,1
BRDA:379,62,1,1
BRDA:379,62,2,1
BRDA:379,62,3,0
BRDA:379,62,4,0
BRDA:379,62,5,0
BRDA:390,63,0,1
BRDA:390,63,1,0
BRDA:402,64,0,1
BRDA:402,64,1,0
BRDA:414,65,0,1
BRDA:414,65,1,1
BRDA:423,66,0,1
BRDA:423,66,1,0
BRDA:426,67,0,1
BRDA:426,67,1,0
BRDA:434,68,0,1
BRDA:434,68,1,0
BRDA:434,68,2,1
BRF:142
BRH:99
end_of_record
TN:
SF:src\components\editor\blocks\BlockWrapper.tsx
FN:29,BlockWrapper
FN:57,(anonymous_1)
FN:60,(anonymous_2)
FN:66,(anonymous_3)
FN:73,(anonymous_4)
FNF:5
FNH:3
FNDA:28,BlockWrapper
FNDA:0,(anonymous_1)
FNDA:0,(anonymous_2)
FNDA:1,(anonymous_3)
FNDA:1,(anonymous_4)
DA:21,5
DA:25,5
DA:33,28
DA:57,0
DA:60,0
DA:66,1
DA:73,1
DA:85,5
LF:8
LH:6
BRDA:38,0,0,22
BRDA:38,0,1,6
BRDA:39,1,0,22
BRDA:39,1,1,6
BRDA:54,2,0,28
BRDA:54,2,1,22
BRDA:63,3,0,22
BRDA:63,3,1,21
BRF:8
BRH:8
end_of_record
TN:
SF:src\components\editor\blocks\ImageBlock.tsx
FN:10,ImageBlock
FN:19,handleFile
FN:25,(anonymous_2)
FN:32,handleFileInput
FN:38,handleDrop
FN:46,handleDragOver
FN:52,handleDragLeave
FN:58,handleUrlChange
FN:64,handleClear
FN:74,(anonymous_9)
FN:80,(anonymous_10)
FN:86,(anonymous_11)
FN:103,(anonymous_12)
FN:126,(anonymous_13)
FN:127,(anonymous_14)
FN:133,(anonymous_15)
FN:155,(anonymous_16)
FN:161,(anonymous_17)
FNF:18
FNH:9
FNDA:25,ImageBlock
FNDA:1,handleFile
FNDA:1,(anonymous_2)
FNDA:1,handleFileInput
FNDA:0,handleDrop
FNDA:0,handleDragOver
FNDA:0,handleDragLeave
FNDA:22,handleUrlChange
FNDA:0,handleClear
FNDA:0,(anonymous_9)
FNDA:0,(anonymous_10)
FNDA:1,(anonymous_11)
FNDA:2,(anonymous_12)
FNDA:22,(anonymous_13)
FNDA:1,(anonymous_14)
FNDA:0,(anonymous_15)
FNDA:0,(anonymous_16)
FNDA:0,(anonymous_17)
DA:11,25
DA:12,25
DA:13,25
DA:16,25
DA:20,1
DA:21,0
DA:22,0
DA:24,1
DA:25,1
DA:26,1
DA:27,1
DA:29,1
DA:33,1
DA:34,1
DA:39,0
DA:40,0
DA:41,0
DA:42,0
DA:43,0
DA:47,0
DA:48,0
DA:49,0
DA:53,0
DA:54,0
DA:59,22
DA:60,22
DA:65,0
DA:66,0
DA:67,0
DA:70,25
DA:71,25
DA:73,25
DA:74,0
DA:80,0
DA:86,1
DA:103,2
DA:126,22
DA:127,1
DA:133,0
DA:156,0
DA:161,0
DA:193,5
LF:42
LH:22
BRDA:14,0,0,0
BRDA:14,0,1,25
BRDA:14,1,0,25
BRDA:14,1,1,0
BRDA:16,2,0,0
BRDA:16,2,1,25
BRDA:16,3,0,25
BRDA:16,3,1,0
BRDA:20,4,0,0
BRDA:34,5,0,1
BRDA:43,6,0,0
BRDA:67,7,0,0
BRDA:70,8,0,25
BRDA:70,8,1,0
BRDA:71,9,0,25
BRDA:71,9,1,0
BRDA:79,10,0,2
BRDA:79,10,1,23
BRDA:85,11,0,23
BRDA:85,11,1,2
BRDA:93,12,0,25
BRDA:93,12,1,2
BRDA:97,13,0,0
BRDA:97,13,1,2
BRDA:98,14,0,0
BRDA:98,14,1,2
BRDA:114,15,0,0
BRDA:114,15,1,2
BRDA:121,16,0,25
BRDA:121,16,1,23
BRDA:130,17,0,23
BRDA:130,17,1,22
BRDA:140,18,0,25
BRDA:140,18,1,0
BRDA:142,19,0,0
BRDA:142,19,1,0
BRDA:148,20,0,0
BRDA:148,20,1,0
BRDA:148,21,0,0
BRDA:148,21,1,0
BRDA:148,21,2,0
BRDA:172,22,0,25
BRDA:172,22,1,25
BRDA:182,23,0,25
BRDA:182,23,1,0
BRDA:182,23,2,0
BRDA:185,24,0,0
BRDA:185,24,1,0
BRF:48
BRH:24
end_of_record
TN:
SF:src\components\editor\blocks\SectionBlock.tsx
FN:10,SectionBlock
FN:21,(anonymous_1)
FN:29,(anonymous_2)
FN:30,(anonymous_3)
FNF:4
FNH:4
FNDA:1,SectionBlock
FNDA:1,(anonymous_1)
FNDA:10,(anonymous_2)
FNDA:1,(anonymous_3)
DA:12,1
DA:21,1
DA:29,10
DA:30,1
DA:47,5
LF:5
LH:5
BRDA:16,0,0,1
BRDA:16,0,1,0
BRDA:19,1,0,1
BRDA:19,1,1,0
BRDA:39,2,0,1
BRDA:39,2,1,0
BRF:6
BRH:3
end_of_record
TN:
SF:src\components\editor\blocks\TableBlock.tsx
FN:20,TableBlock
FN:28,handleHeaderChange
FN:29,(anonymous_2)
FN:32,handleBindingChange
FN:33,(anonymous_4)
FN:36,handleAddColumn
FN:38,(anonymous_6)
FN:42,handleRemoveColumn
FN:45,(anonymous_8)
FN:46,(anonymous_9)
FN:46,(anonymous_10)
FN:51,handleAddRow
FN:52,(anonymous_12)
FN:55,handleRemoveRow
FN:57,(anonymous_14)
FN:60,handleCellClick
FN:66,handleBindingFocus
FN:72,handleCellDragOver
FN:79,handleCellDragLeave
FN:83,handleCellDrop
FN:89,(anonymous_20)
FN:91,(anonymous_21)
FN:99,handleBindingDragOver
FN:106,handleBindingDragLeave
FN:110,handleBindingDrop
FN:136,(anonymous_25)
FN:138,(anonymous_26)
FN:146,(anonymous_27)
FN:153,(anonymous_28)
FN:154,(anonymous_29)
FN:160,(anonymous_30)
FN:174,(anonymous_31)
FN:175,(anonymous_32)
FN:176,(anonymous_33)
FN:177,(anonymous_34)
FN:178,(anonymous_35)
FN:180,(anonymous_36)
FN:192,(anonymous_37)
FN:202,(anonymous_38)
FN:204,(anonymous_39)
FN:221,(anonymous_40)
FN:222,(anonymous_41)
FN:223,(anonymous_42)
FN:225,(anonymous_43)
FN:240,(anonymous_44)
FN:253,(anonymous_45)
FNF:46
FNH:14
FNDA:2,TableBlock
FNDA:0,handleHeaderChange
FNDA:0,(anonymous_2)
FNDA:1,handleBindingChange
FNDA:1,(anonymous_4)
FNDA:1,handleAddColumn
FNDA:1,(anonymous_6)
FNDA:0,handleRemoveColumn
FNDA:0,(anonymous_8)
FNDA:0,(anonymous_9)
FNDA:0,(anonymous_10)
FNDA:1,handleAddRow
FNDA:1,(anonymous_12)
FNDA:0,handleRemoveRow
FNDA:0,(anonymous_14)
FNDA:0,handleCellClick
FNDA:0,handleBindingFocus
FNDA:0,handleCellDragOver
FNDA:0,handleCellDragLeave
FNDA:0,handleCellDrop
FNDA:0,(anonymous_20)
FNDA:0,(anonymous_21)
FNDA:0,handleBindingDragOver
FNDA:0,handleBindingDragLeave
FNDA:1,handleBindingDrop
FNDA:0,(anonymous_25)
FNDA:0,(anonymous_26)
FNDA:2,(anonymous_27)
FNDA:0,(anonymous_28)
FNDA:0,(anonymous_29)
FNDA:0,(anonymous_30)
FNDA:0,(anonymous_31)
FNDA:0,(anonymous_32)
FNDA:0,(anonymous_33)
FNDA:0,(anonymous_34)
FNDA:0,(anonymous_35)
FNDA:1,(anonymous_36)
FNDA:1,(anonymous_37)
FNDA:2,(anonymous_38)
FNDA:2,(anonymous_39)
FNDA:0,(anonymous_40)
FNDA:0,(anonymous_41)
FNDA:0,(anonymous_42)
FNDA:0,(anonymous_43)
FNDA:0,(anonymous_44)
FNDA:1,(anonymous_45)
DA:8,5
DA:24,2
DA:25,2
DA:26,2
DA:29,0
DA:33,1
DA:37,1
DA:38,1
DA:39,1
DA:43,0
DA:44,0
DA:45,0
DA:46,0
DA:52,1
DA:56,0
DA:57,0
DA:61,0
DA:62,0
DA:63,0
DA:67,0
DA:68,0
DA:73,0
DA:74,0
DA:75,0
DA:76,0
DA:80,0
DA:84,0
DA:85,0
DA:86,0
DA:87,0
DA:88,0
DA:89,0
DA:90,0
DA:91,0
DA:94,0
DA:95,0
DA:100,0
DA:101,0
DA:102,0
DA:103,0
DA:107,0
DA:111,1
DA:112,1
DA:113,1
DA:114,1
DA:115,1
DA:117,1
DA:118,1
DA:121,2
DA:136,0
DA:138,0
DA:147,2
DA:153,0
DA:154,0
DA:160,0
DA:174,0
DA:175,0
DA:176,0
DA:177,0
DA:178,0
DA:180,1
DA:192,1
DA:203,2
DA:205,2
DA:206,2
DA:207,2
DA:208,2
DA:210,2
DA:221,0
DA:222,0
DA:223,0
DA:225,0
DA:240,0
DA:253,1
DA:275,5
LF:75
LH:28
BRDA:29,0,0,0
BRDA:29,0,1,0
BRDA:33,1,0,1
BRDA:33,1,1,0
BRDA:43,2,0,0
BRDA:56,3,0,0
BRDA:88,4,0,0
BRDA:90,5,0,0
BRDA:90,5,1,0
BRDA:91,6,0,0
BRDA:91,6,1,0
BRDA:115,7,0,0
BRDA:124,8,0,2
BRDA:124,8,1,0
BRDA:127,9,0,2
BRDA:127,9,1,0
BRDA:135,10,0,2
BRDA:135,10,1,0
BRDA:136,11,0,0
BRDA:136,11,1,0
BRDA:157,12,0,2
BRDA:157,12,1,2
BRDA:157,12,2,0
BRDA:169,13,0,0
BRDA:169,13,1,2
BRDA:170,14,0,0
BRDA:170,14,1,2
BRDA:171,15,0,0
BRDA:171,15,1,2
BRDA:184,16,0,2
BRDA:184,16,1,0
BRDA:190,17,0,2
BRDA:190,17,1,2
BRDA:197,18,0,2
BRDA:197,18,1,2
BRDA:203,19,0,2
BRDA:203,19,1,0
BRDA:205,20,0,2
BRDA:205,20,1,0
BRDA:206,21,0,2
BRDA:206,21,1,0
BRDA:207,22,0,2
BRDA:207,22,1,2
BRDA:208,23,0,2
BRDA:208,23,1,2
BRDA:215,24,0,0
BRDA:215,24,1,2
BRDA:215,25,0,2
BRDA:215,25,1,0
BRDA:215,26,0,0
BRDA:215,26,1,2
BRDA:215,27,0,2
BRDA:215,27,1,0
BRDA:216,28,0,0
BRDA:216,28,1,2
BRDA:216,29,0,2
BRDA:216,29,1,0
BRDA:216,30,0,0
BRDA:216,30,1,2
BRDA:216,31,0,2
BRDA:216,31,1,0
BRDA:217,32,0,2
BRDA:217,32,1,0
BRDA:218,33,0,2
BRDA:218,33,1,0
BRDA:226,34,0,0
BRDA:226,34,1,2
BRDA:226,35,0,2
BRDA:226,35,1,0
BRDA:226,36,0,0
BRDA:226,36,1,2
BRDA:228,37,0,2
BRDA:228,37,1,0
BRDA:234,38,0,2
BRDA:234,38,1,2
BRDA:235,39,0,2
BRDA:235,39,1,2
BRDA:237,40,0,2
BRDA:237,40,1,0
BRDA:248,41,0,2
BRDA:248,41,1,2
BRDA:263,42,0,2
BRDA:263,42,1,0
BRDA:264,43,0,0
BRDA:264,43,1,2
BRDA:266,44,0,0
BRDA:266,44,1,2
BRF:87
BRH:45
end_of_record
TN:
SF:src\components\editor\blocks\TextBlock.tsx
FN:13,TextBlock
FN:16,(anonymous_1)
FN:24,handleInput
FN:36,(anonymous_3)
FN:49,highlight
FN:55,(anonymous_5)
FNF:6
FNH:6
FNDA:28,TextBlock
FNDA:28,(anonymous_1)
FNDA:2,handleInput
FNDA:3,(anonymous_3)
FNDA:27,highlight
FNDA:2,(anonymous_5)
DA:14,28
DA:16,28
DA:17,28
DA:18,28
DA:19,28
DA:20,27
DA:25,2
DA:26,2
DA:27,2
DA:30,28
DA:37,3
DA:38,3
DA:50,27
DA:55,27
DA:56,2
DA:57,2
DA:59,2
DA:61,2
DA:72,0
DA:87,5
DA:98,5
DA:99,5
DA:107,5
LF:23
LH:22
BRDA:18,0,0,0
BRDA:19,1,0,27
BRDA:26,2,0,0
BRDA:57,3,0,2
BRDA:57,3,1,2
BRDA:57,3,2,2
BRDA:59,4,0,2
BRDA:59,4,1,0
BRF:8
BRH:5
end_of_record
TN:
SF:src\components\layout\AppLayout.tsx
FN:8,SparkIcon
FN:19,AppLayout
FN:22,(anonymous_2)
FN:23,handleResize
FN:27,(anonymous_4)
FN:32,(anonymous_5)
FN:40,(anonymous_6)
FNF:7
FNH:6
FNDA:8,SparkIcon
FNDA:8,AppLayout
FNDA:5,(anonymous_2)
FNDA:1,handleResize
FNDA:5,(anonymous_4)
FNDA:0,(anonymous_5)
FNDA:2,(anonymous_6)
DA:9,8
DA:20,8
DA:22,8
DA:24,1
DA:26,5
DA:27,5
DA:30,8
DA:32,0
DA:40,2
LF:9
LH:8
BRDA:24,0,0,1
BRF:1
BRH:1
end_of_record
TN:
SF:src\components\layout\Sidebar.tsx
FN:10,GridIcon
FN:18,LayersIcon
FN:33,DocumentIcon
FN:56,CompassIcon
FN:71,ActivityIcon
FN:87,CloseIcon
FN:109,Sidebar
FN:139,(anonymous_7)
FN:144,(anonymous_8)
FNF:9
FNH:9
FNDA:10,GridIcon
FNDA:10,LayersIcon
FNDA:10,DocumentIcon
FNDA:10,CompassIcon
FNDA:10,ActivityIcon
FNDA:13,CloseIcon
FNDA:13,Sidebar
FNDA:65,(anonymous_7)
FNDA:75,(anonymous_8)
DA:11,10
DA:19,10
DA:34,10
DA:57,10
DA:72,10
DA:88,13
DA:101,4
DA:111,13
DA:112,13
DA:140,65
DA:145,75
LF:11
LH:11
BRDA:109,0,0,0
BRDA:115,1,0,5
BRDA:115,1,1,8
BRDA:120,2,0,5
BRDA:120,2,1,8
BRDA:145,3,0,14
BRDA:145,3,1,61
BRF:7
BRH:6
end_of_record
TN:
SF:src\components\shared\EmptyState.tsx
FN:9,EmptyState
FNF:1
FNH:1
FNDA:3,EmptyState
DA:10,3
DA:21,1
LF:2
LH:2
BRDA:15,0,0,3
BRDA:15,0,1,1
BRDA:16,1,0,3
BRDA:16,1,1,1
BRF:4
BRH:4
end_of_record
TN:
SF:src\components\shared\ErrorAlert.tsx
FN:8,ErrorAlert
FNF:1
FNH:1
FNDA:2,ErrorAlert
DA:9,2
DA:24,5
LF:2
LH:2
BRDA:14,0,0,2
BRDA:14,0,1,1
BRF:2
BRH:2
end_of_record
TN:
SF:src\components\shared\LoadingSpinner.tsx
FN:7,LoadingSpinner
FNF:1
FNH:1
FNDA:17,LoadingSpinner
DA:8,17
DA:16,6
DA:41,6
DA:42,6
DA:43,6
LF:5
LH:5
BRDA:7,0,0,1
BRF:1
BRH:1
end_of_record
TN:
SF:src\components\shared\StatusBadge.tsx
FN:28,StatusBadge
FNF:1
FNH:1
FNDA:14,StatusBadge
DA:10,4
DA:29,14
DA:31,14
LF:3
LH:3
BRDA:29,0,0,14
BRDA:29,0,1,1
BRF:2
BRH:2
end_of_record
TN:
SF:src\pages\AuditLogPage.tsx
FN:41,timeAgo
FN:51,formatDate
FN:58,AuditLogPage
FN:67,(anonymous_3)
FN:78,(anonymous_4)
FN:80,(anonymous_5)
FN:91,(anonymous_6)
FN:92,(anonymous_7)
FN:93,(anonymous_8)
FN:97,(anonymous_9)
FN:98,(anonymous_10)
FN:125,(anonymous_11)
FN:147,(anonymous_12)
FN:150,(anonymous_13)
FN:152,(anonymous_14)
FN:154,(anonymous_15)
FN:156,(anonymous_16)
FN:197,(anonymous_17)
FN:203,(anonymous_18)
FN:217,(anonymous_19)
FNF:20
FNH:18
FNDA:14,timeAgo
FNDA:14,formatDate
FNDA:15,AuditLogPage
FNDA:4,(anonymous_3)
FNDA:4,(anonymous_4)
FNDA:20,(anonymous_5)
FNDA:20,(anonymous_6)
FNDA:20,(anonymous_7)
FNDA:20,(anonymous_8)
FNDA:20,(anonymous_9)
FNDA:20,(anonymous_10)
FNDA:40,(anonymous_11)
FNDA:6,(anonymous_12)
FNDA:0,(anonymous_13)
FNDA:20,(anonymous_14)
FNDA:0,(anonymous_15)
FNDA:20,(anonymous_16)
FNDA:70,(anonymous_17)
FNDA:14,(anonymous_18)
FNDA:1,(anonymous_19)
DA:17,3
DA:32,3
DA:42,14
DA:43,14
DA:44,14
DA:45,14
DA:46,14
DA:47,14
DA:48,14
DA:52,14
DA:59,15
DA:60,15
DA:61,15
DA:62,15
DA:63,15
DA:64,15
DA:65,15
DA:67,15
DA:68,4
DA:69,4
DA:70,4
DA:71,3
DA:73,1
DA:74,1
DA:75,4
DA:78,15
DA:80,15
DA:81,20
DA:86,20
DA:87,20
DA:88,20
DA:91,20
DA:92,20
DA:93,15
DA:94,20
DA:95,20
DA:97,20
DA:98,20
DA:100,15
DA:126,40
DA:147,6
DA:150,0
DA:152,20
DA:154,0
DA:156,20
DA:198,70
DA:204,14
DA:205,14
DA:206,14
DA:207,14
DA:209,14
DA:217,1
LF:52
LH:50
BRDA:44,0,0,0
BRDA:45,1,0,0
BRDA:47,2,0,0
BRDA:81,3,0,20
BRDA:81,3,1,12
BRDA:81,3,2,6
BRDA:81,3,3,6
BRDA:81,3,4,6
BRDA:82,4,0,12
BRDA:82,4,1,0
BRDA:86,5,0,20
BRDA:86,5,1,0
BRDA:87,6,0,20
BRDA:87,6,1,0
BRDA:88,7,0,20
BRDA:88,7,1,14
BRDA:88,7,2,14
BRDA:95,8,0,20
BRDA:95,8,1,0
BRDA:118,9,0,15
BRDA:118,9,1,11
BRDA:118,9,2,10
BRDA:118,9,3,10
BRDA:152,10,0,20
BRDA:152,10,1,0
BRDA:156,11,0,20
BRDA:156,11,1,0
BRDA:158,12,0,9
BRDA:158,12,1,6
BRDA:162,13,0,15
BRDA:162,13,1,4
BRDA:170,14,0,15
BRDA:170,14,1,11
BRDA:170,14,2,1
BRDA:181,15,0,15
BRDA:181,15,1,11
BRDA:181,15,2,10
BRDA:181,15,3,0
BRDA:192,16,0,15
BRDA:192,16,1,11
BRDA:192,16,2,10
BRDA:192,16,3,10
BRDA:204,17,0,14
BRDA:204,17,1,0
BRDA:205,18,0,14
BRDA:205,18,1,0
BRDA:207,19,0,14
BRDA:207,19,1,14
BRDA:214,20,0,1
BRDA:214,20,1,13
BRDA:215,21,0,4
BRDA:215,21,1,10
BRDA:217,22,0,1
BRDA:217,22,1,1
BRDA:217,23,0,0
BRDA:217,23,1,1
BRDA:261,24,0,14
BRDA:261,24,1,0
BRDA:271,25,0,14
BRDA:271,25,1,4
BRDA:271,26,0,1
BRDA:271,26,1,3
BRDA:276,27,0,14
BRDA:276,27,1,1
BRDA:276,27,2,1
BRF:65
BRH:51
end_of_record
TN:
SF:src\pages\DocumentsPage.tsx
FN:21,formatDate
FN:28,timeAgo
FN:38,getApiBase
FN:42,getHeaders
FN:46,DocumentsPage
FN:58,handleDownload
FN:80,handleView
FN:94,(anonymous_7)
FN:125,(anonymous_8)
FN:131,(anonymous_9)
FN:132,loadJobs
FN:146,handleClear
FN:170,(anonymous_12)
FN:171,(anonymous_13)
FN:173,(anonymous_14)
FN:189,(anonymous_15)
FN:194,(anonymous_16)
FN:197,(anonymous_17)
FN:224,(anonymous_18)
FN:236,(anonymous_19)
FN:242,(anonymous_20)
FN:262,(anonymous_21)
FN:285,(anonymous_22)
FN:291,(anonymous_23)
FN:307,(anonymous_24)
FN:308,(anonymous_25)
FN:320,(anonymous_26)
FN:324,(anonymous_27)
FN:339,(anonymous_28)
FNF:29
FNH:18
FNDA:5,formatDate
FNDA:14,timeAgo
FNDA:0,getApiBase
FNDA:0,getHeaders
FNDA:16,DocumentsPage
FNDA:0,handleDownload
FNDA:1,handleView
FNDA:0,(anonymous_7)
FNDA:10,(anonymous_8)
FNDA:4,(anonymous_9)
FNDA:4,loadJobs
FNDA:1,handleClear
FNDA:10,(anonymous_12)
FNDA:10,(anonymous_13)
FNDA:40,(anonymous_14)
FNDA:6,(anonymous_15)
FNDA:0,(anonymous_16)
FNDA:30,(anonymous_17)
FNDA:1,(anonymous_18)
FNDA:24,(anonymous_19)
FNDA:4,(anonymous_20)
FNDA:4,(anonymous_21)
FNDA:1,(anonymous_22)
FNDA:0,(anonymous_23)
FNDA:0,(anonymous_24)
FNDA:0,(anonymous_25)
FNDA:0,(anonymous_26)
FNDA:0,(anonymous_27)
FNDA:0,(anonymous_28)
DA:22,5
DA:29,14
DA:30,14
DA:31,14
DA:32,14
DA:33,14
DA:34,14
DA:35,14
DA:39,0
DA:43,0
DA:47,16
DA:49,16
DA:50,16
DA:51,16
DA:52,16
DA:53,16
DA:54,16
DA:55,16
DA:59,0
DA:60,0
DA:64,0
DA:65,0
DA:66,0
DA:67,0
DA:68,0
DA:69,0
DA:70,0
DA:71,0
DA:72,0
DA:73,0
DA:75,0
DA:81,1
DA:83,1
DA:84,0
DA:85,0
DA:89,0
DA:90,0
DA:91,0
DA:92,0
DA:93,0
DA:94,0
DA:96,0
DA:98,0
DA:101,1
DA:102,1
DA:103,1
DA:104,1
DA:107,0
DA:108,0
DA:109,0
DA:110,0
DA:111,0
DA:115,0
DA:116,0
DA:117,0
DA:119,0
DA:121,0
DA:125,16
DA:126,10
DA:127,10
DA:128,10
DA:131,16
DA:133,4
DA:134,4
DA:135,4
DA:136,4
DA:138,0
DA:140,4
DA:143,4
DA:147,1
DA:148,1
DA:151,16
DA:170,10
DA:171,10
DA:174,40
DA:189,6
DA:194,0
DA:198,30
DA:224,1
DA:237,24
DA:243,4
DA:244,4
DA:263,4
DA:285,1
DA:291,0
DA:307,0
DA:308,0
DA:320,0
DA:324,0
DA:339,0
LF:90
LH:47
BRDA:31,0,0,0
BRDA:32,1,0,0
BRDA:34,2,0,0
BRDA:39,3,0,0
BRDA:39,3,1,0
BRDA:43,4,0,0
BRDA:43,4,1,0
BRDA:64,5,0,0
BRDA:83,6,0,0
BRDA:89,7,0,0
BRDA:101,8,0,1
BRDA:115,9,0,0
BRDA:126,10,0,10
BRDA:126,10,1,6
BRDA:127,11,0,10
BRDA:127,11,1,0
BRDA:128,12,0,10
BRDA:128,12,1,4
BRDA:147,13,0,0
BRDA:160,14,0,16
BRDA:160,14,1,10
BRDA:166,15,0,16
BRDA:166,15,1,10
BRDA:172,16,0,10
BRDA:172,16,1,0
BRDA:183,17,0,16
BRDA:183,17,1,10
BRDA:202,18,0,6
BRDA:202,18,1,4
BRDA:208,19,0,16
BRDA:208,19,1,4
BRDA:217,20,0,16
BRDA:217,20,1,12
BRDA:217,20,2,2
BRDA:231,21,0,16
BRDA:231,21,1,4
BRDA:243,22,0,4
BRDA:243,22,1,0
BRDA:259,23,0,0
BRDA:259,23,1,4
BRDA:265,24,0,4
BRDA:265,24,1,0
BRDA:273,25,0,4
BRDA:273,25,1,0
BRDA:274,26,0,4
BRDA:274,26,1,0
BRDA:286,27,0,0
BRDA:286,27,1,4
BRDA:287,28,0,4
BRDA:287,28,1,0
BRDA:306,29,0,16
BRDA:306,29,1,1
BRDA:329,30,0,1
BRDA:329,30,1,1
BRDA:346,31,0,1
BRDA:346,31,1,0
BRDA:347,32,0,0
BRDA:347,32,1,0
BRF:58
BRH:34
end_of_record
TN:
SF:src\pages\EditorPage.tsx
FN:42,EditorPage
FN:64,(anonymous_1)
FN:67,load
FN:87,(anonymous_3)
FN:88,loadPlaceholders
FN:100,handleBlocksChange
FN:105,handleNameChange
FN:111,handleTargetChange
FN:118,handleInsertToken
FN:122,(anonymous_9)
FN:130,(anonymous_10)
FN:134,(anonymous_11)
FN:142,(anonymous_12)
FN:144,(anonymous_13)
FN:148,(anonymous_14)
FN:173,(anonymous_15)
FN:183,(anonymous_16)
FN:188,(anonymous_17)
FN:191,(anonymous_18)
FN:196,handleSave
FN:219,handleMakeDraft
FN:230,handlePublish
FN:248,handleRefreshPreview
FN:251,(anonymous_23)
FN:266,(anonymous_24)
FN:282,(anonymous_25)
FN:283,(anonymous_26)
FN:284,(anonymous_27)
FN:285,(anonymous_28)
FN:290,(anonymous_29)
FN:311,(anonymous_30)
FN:314,(anonymous_31)
FN:323,(anonymous_32)
FN:325,(anonymous_33)
FN:338,(anonymous_34)
FN:367,(anonymous_35)
FN:374,(anonymous_36)
FN:375,(anonymous_37)
FN:383,(anonymous_38)
FN:391,(anonymous_39)
FNF:40
FNH:12
FNDA:18,EditorPage
FNDA:4,(anonymous_1)
FNDA:4,load
FNDA:4,(anonymous_3)
FNDA:4,loadPlaceholders
FNDA:2,handleBlocksChange
FNDA:0,handleNameChange
FNDA:0,handleTargetChange
FNDA:1,handleInsertToken
FNDA:1,(anonymous_9)
FNDA:0,(anonymous_10)
FNDA:0,(anonymous_11)
FNDA:0,(anonymous_12)
FNDA:0,(anonymous_13)
FNDA:0,(anonymous_14)
FNDA:0,(anonymous_15)
FNDA:1,(anonymous_16)
FNDA:1,(anonymous_17)
FNDA:0,(anonymous_18)
FNDA:1,handleSave
FNDA:0,handleMakeDraft
FNDA:1,handlePublish
FNDA:0,handleRefreshPreview
FNDA:0,(anonymous_23)
FNDA:0,(anonymous_24)
FNDA:0,(anonymous_25)
FNDA:0,(anonymous_26)
FNDA:0,(anonymous_27)
FNDA:0,(anonymous_28)
FNDA:0,(anonymous_29)
FNDA:0,(anonymous_30)
FNDA:0,(anonymous_31)
FNDA:0,(anonymous_32)
FNDA:0,(anonymous_33)
FNDA:0,(anonymous_34)
FNDA:0,(anonymous_35)
FNDA:0,(anonymous_36)
FNDA:0,(anonymous_37)
FNDA:0,(anonymous_38)
FNDA:0,(anonymous_39)
DA:43,18
DA:45,18
DA:46,18
DA:47,18
DA:48,18
DA:49,18
DA:50,18
DA:51,18
DA:52,18
DA:53,18
DA:54,18
DA:55,18
DA:56,18
DA:57,18
DA:58,18
DA:59,18
DA:60,18
DA:61,18
DA:64,18
DA:65,4
DA:66,4
DA:68,4
DA:69,4
DA:70,4
DA:71,4
DA:72,4
DA:73,4
DA:76,4
DA:78,0
DA:80,4
DA:83,4
DA:87,18
DA:89,4
DA:90,4
DA:91,4
DA:93,0
DA:96,4
DA:101,2
DA:102,2
DA:106,0
DA:107,0
DA:108,0
DA:112,0
DA:113,0
DA:114,0
DA:119,1
DA:121,1
DA:122,1
DA:123,1
DA:125,1
DA:126,0
DA:128,0
DA:129,0
DA:131,0
DA:133,0
DA:135,0
DA:140,0
DA:141,0
DA:142,0
DA:143,0
DA:144,0
DA:147,0
DA:149,0
DA:155,0
DA:158,1
DA:160,1
DA:161,1
DA:164,1
DA:169,0
DA:170,0
DA:171,0
DA:172,0
DA:173,0
DA:174,0
DA:175,0
DA:176,0
DA:179,1
DA:182,1
DA:184,1
DA:188,1
DA:189,1
DA:190,1
DA:197,1
DA:198,1
DA:199,1
DA:200,1
DA:205,1
DA:206,1
DA:209,1
DA:210,1
DA:212,0
DA:214,1
DA:220,0
DA:221,0
DA:222,0
DA:223,0
DA:224,0
DA:226,0
DA:231,1
DA:232,1
DA:233,1
DA:234,1
DA:235,1
DA:236,1
DA:237,1
DA:238,1
DA:239,1
DA:241,0
DA:243,1
DA:249,0
DA:250,0
DA:251,0
DA:252,0
DA:255,18
DA:256,4
DA:263,14
DA:264,0
DA:266,0
DA:271,14
DA:282,0
DA:283,0
DA:284,0
DA:285,0
DA:290,0
DA:312,0
DA:315,0
DA:324,0
DA:326,0
DA:338,0
DA:367,0
DA:374,0
DA:376,0
DA:377,0
DA:383,0
DA:391,0
LF:135
LH:75
BRDA:65,0,0,0
BRDA:76,1,0,4
BRDA:76,1,1,0
BRDA:76,1,2,0
BRDA:106,2,0,0
BRDA:112,3,0,0
BRDA:119,4,0,0
BRDA:123,5,0,0
BRDA:125,6,0,0
BRDA:126,7,0,0
BRDA:126,8,0,0
BRDA:126,8,1,0
BRDA:128,9,0,0
BRDA:128,9,1,0
BRDA:129,10,0,0
BRDA:129,10,1,0
BRDA:131,11,0,0
BRDA:131,11,1,0
BRDA:135,12,0,0
BRDA:135,12,1,0
BRDA:140,13,0,0
BRDA:141,14,0,0
BRDA:141,14,1,0
BRDA:143,15,0,0
BRDA:143,15,1,0
BRDA:144,16,0,0
BRDA:144,16,1,0
BRDA:149,17,0,0
BRDA:149,17,1,0
BRDA:158,18,0,0
BRDA:161,19,0,1
BRDA:161,19,1,0
BRDA:164,20,0,0
BRDA:164,20,1,1
BRDA:165,21,0,1
BRDA:165,21,1,1
BRDA:165,21,2,1
BRDA:165,21,3,0
BRDA:170,22,0,0
BRDA:170,22,1,0
BRDA:184,23,0,1
BRDA:184,23,1,0
BRDA:189,24,0,1
BRDA:189,25,0,1
BRDA:189,25,1,1
BRDA:197,26,0,0
BRDA:197,27,0,1
BRDA:197,27,1,1
BRDA:209,28,0,1
BRDA:220,29,0,0
BRDA:221,30,0,0
BRDA:231,31,0,0
BRDA:233,32,0,0
BRDA:236,33,0,1
BRDA:236,33,1,0
BRDA:255,34,0,4
BRDA:263,35,0,0
BRDA:263,36,0,14
BRDA:263,36,1,0
BRDA:288,37,0,14
BRDA:288,37,1,0
BRDA:326,38,0,0
BRDA:326,38,1,0
BRDA:333,39,0,14
BRDA:333,39,1,0
BRDA:347,40,0,0
BRDA:347,40,1,0
BRDA:362,41,0,14
BRDA:362,41,1,0
BRDA:362,41,2,0
BRDA:371,42,0,14
BRDA:371,42,1,0
BRDA:371,42,2,0
BRDA:382,43,0,14
BRDA:382,43,1,0
BRDA:382,43,2,0
BRDA:386,44,0,14
BRDA:386,44,1,0
BRDA:386,44,2,0
BRF:79
BRH:22
end_of_record
TN:
SF:src\pages\MarketplacePage.tsx
FN:26,formatDate
FN:33,StarRating
FN:39,(anonymous_2)
FN:44,(anonymous_3)
FN:45,(anonymous_4)
FN:46,(anonymous_5)
FN:61,MarketplacePage
FN:83,(anonymous_7)
FN:91,(anonymous_8)
FN:97,(anonymous_9)
FN:100,(anonymous_10)
FN:105,(anonymous_11)
FN:110,handleImport
FN:115,(anonymous_13)
FN:116,(anonymous_14)
FN:117,(anonymous_15)
FN:150,handleRate
FN:153,(anonymous_17)
FN:154,(anonymous_18)
FN:162,handlePublish
FN:177,(anonymous_20)
FN:180,(anonymous_21)
FN:183,(anonymous_22)
FN:196,(anonymous_23)
FN:199,(anonymous_24)
FN:199,(anonymous_25)
FN:202,(anonymous_26)
FN:202,(anonymous_27)
FN:221,(anonymous_28)
FN:233,(anonymous_29)
FN:238,(anonymous_30)
FN:250,(anonymous_31)
FN:279,(anonymous_32)
FN:310,(anonymous_33)
FN:319,(anonymous_34)
FN:338,(anonymous_35)
FN:352,(anonymous_36)
FN:353,(anonymous_37)
FN:357,(anonymous_38)
FN:369,(anonymous_39)
FN:373,(anonymous_40)
FN:373,(anonymous_41)
FN:394,(anonymous_42)
FN:394,(anonymous_43)
FN:397,(anonymous_44)
FN:410,(anonymous_45)
FN:410,(anonymous_46)
FN:413,(anonymous_47)
FN:426,(anonymous_48)
FN:426,(anonymous_49)
FN:429,(anonymous_50)
FN:445,(anonymous_51)
FN:445,(anonymous_52)
FN:457,(anonymous_53)
FN:457,(anonymous_54)
FN:468,(anonymous_55)
FN:468,(anonymous_56)
FN:479,(anonymous_57)
FN:479,(anonymous_58)
FN:481,(anonymous_59)
FN:490,(anonymous_60)
FNF:61
FNH:34
FNDA:8,formatDate
FNDA:9,StarRating
FNDA:45,(anonymous_2)
FNDA:1,(anonymous_3)
FNDA:0,(anonymous_4)
FNDA:1,(anonymous_5)
FNDA:31,MarketplacePage
FNDA:5,(anonymous_7)
FNDA:1,(anonymous_8)
FNDA:5,(anonymous_9)
FNDA:8,(anonymous_10)
FNDA:0,(anonymous_11)
FNDA:1,handleImport
FNDA:1,(anonymous_13)
FNDA:1,(anonymous_14)
FNDA:1,(anonymous_15)
FNDA:1,handleRate
FNDA:1,(anonymous_17)
FNDA:1,(anonymous_18)
FNDA:1,handlePublish
FNDA:1,(anonymous_20)
FNDA:1,(anonymous_21)
FNDA:0,(anonymous_22)
FNDA:6,(anonymous_23)
FNDA:0,(anonymous_24)
FNDA:0,(anonymous_25)
FNDA:0,(anonymous_26)
FNDA:0,(anonymous_27)
FNDA:1,(anonymous_28)
FNDA:0,(anonymous_29)
FNDA:0,(anonymous_30)
FNDA:0,(anonymous_31)
FNDA:8,(anonymous_32)
FNDA:8,(anonymous_33)
FNDA:1,(anonymous_34)
FNDA:1,(anonymous_35)
FNDA:0,(anonymous_36)
FNDA:4,(anonymous_37)
FNDA:0,(anonymous_38)
FNDA:51,(anonymous_39)
FNDA:0,(anonymous_40)
FNDA:0,(anonymous_41)
FNDA:1,(anonymous_42)
FNDA:1,(anonymous_43)
FNDA:17,(anonymous_44)
FNDA:0,(anonymous_45)
FNDA:0,(anonymous_46)
FNDA:0,(anonymous_47)
FNDA:0,(anonymous_48)
FNDA:0,(anonymous_49)
FNDA:0,(anonymous_50)
FNDA:13,(anonymous_51)
FNDA:13,(anonymous_52)
FNDA:0,(anonymous_53)
FNDA:0,(anonymous_54)
FNDA:0,(anonymous_55)
FNDA:0,(anonymous_56)
FNDA:0,(anonymous_57)
FNDA:0,(anonymous_58)
FNDA:68,(anonymous_59)
FNDA:0,(anonymous_60)
DA:20,3
DA:27,8
DA:34,9
DA:35,9
DA:37,9
DA:40,45
DA:44,1
DA:45,0
DA:46,1
DA:62,31
DA:64,31
DA:65,31
DA:66,31
DA:67,31
DA:68,31
DA:69,31
DA:70,31
DA:71,31
DA:72,31
DA:73,31
DA:74,31
DA:75,31
DA:78,31
DA:79,31
DA:80,31
DA:83,31
DA:84,5
DA:85,5
DA:86,5
DA:90,5
DA:91,5
DA:93,5
DA:97,31
DA:100,31
DA:101,8
DA:104,8
DA:105,0
DA:106,8
DA:111,1
DA:112,1
DA:113,1
DA:114,1
DA:115,1
DA:116,1
DA:117,1
DA:120,1
DA:121,1
DA:122,1
DA:123,1
DA:125,0
DA:126,0
DA:127,0
DA:128,0
DA:129,0
DA:137,0
DA:138,0
DA:139,0
DA:140,0
DA:142,0
DA:145,1
DA:151,1
DA:152,1
DA:153,1
DA:154,1
DA:157,0
DA:163,1
DA:164,1
DA:165,1
DA:166,1
DA:168,1
DA:169,1
DA:170,1
DA:177,1
DA:180,1
DA:181,1
DA:182,1
DA:183,1
DA:185,0
DA:186,0
DA:188,1
DA:193,31
DA:194,31
DA:196,31
DA:197,6
DA:198,1
DA:199,0
DA:201,1
DA:202,0
DA:207,31
DA:221,1
DA:233,0
DA:238,0
DA:250,0
DA:280,8
DA:281,8
DA:282,8
DA:283,8
DA:285,8
DA:311,8
DA:319,1
DA:338,1
DA:352,0
DA:353,4
DA:357,0
DA:370,51
DA:373,0
DA:394,1
DA:398,17
DA:410,0
DA:414,0
DA:426,0
DA:430,0
DA:445,13
DA:457,0
DA:468,0
DA:479,0
DA:482,68
DA:490,0
LF:118
LH:87
BRDA:35,0,0,9
BRDA:35,0,1,7
BRDA:35,0,2,0
BRDA:43,1,0,38
BRDA:43,1,1,7
BRDA:47,2,0,36
BRDA:47,2,1,9
BRDA:53,3,0,9
BRDA:53,3,1,0
BRDA:87,4,0,5
BRDA:87,4,1,5
BRDA:101,5,0,8
BRDA:101,5,1,0
BRDA:101,5,2,0
BRDA:103,6,0,0
BRDA:103,6,1,0
BRDA:104,7,0,8
BRDA:104,7,1,0
BRDA:106,8,0,8
BRDA:106,8,1,8
BRDA:117,9,0,1
BRDA:117,9,1,0
BRDA:120,10,0,1
BRDA:120,10,1,0
BRDA:122,11,0,1
BRDA:125,12,0,0
BRDA:125,12,1,0
BRDA:127,13,0,0
BRDA:131,14,0,0
BRDA:131,14,1,0
BRDA:139,15,0,0
BRDA:139,15,1,0
BRDA:140,16,0,0
BRDA:140,16,1,0
BRDA:142,17,0,0
BRDA:142,17,1,0
BRDA:154,18,0,1
BRDA:154,18,1,0
BRDA:165,19,0,0
BRDA:166,20,0,0
BRDA:174,21,0,1
BRDA:174,21,1,1
BRDA:175,22,0,1
BRDA:175,22,1,1
BRDA:186,23,0,0
BRDA:186,23,1,0
BRDA:197,24,0,5
BRDA:198,25,0,0
BRDA:201,26,0,0
BRDA:254,27,0,23
BRDA:254,27,1,8
BRDA:259,28,0,31
BRDA:259,28,1,5
BRDA:262,29,0,31
BRDA:262,29,1,26
BRDA:262,29,2,18
BRDA:266,30,0,18
BRDA:266,30,1,0
BRDA:269,31,0,18
BRDA:269,31,1,0
BRDA:277,32,0,31
BRDA:277,32,1,26
BRDA:277,32,2,8
BRDA:280,33,0,8
BRDA:280,33,1,0
BRDA:283,34,0,2
BRDA:283,34,1,6
BRDA:303,35,0,8
BRDA:303,35,1,8
BRDA:308,36,0,8
BRDA:308,36,1,8
BRDA:318,37,0,8
BRDA:318,37,1,0
BRDA:329,38,0,8
BRDA:329,38,1,2
BRDA:337,39,0,2
BRDA:337,39,1,6
BRDA:337,40,0,1
BRDA:337,40,1,7
BRDA:338,41,0,1
BRDA:338,41,1,1
BRDA:338,41,2,1
BRDA:339,42,0,8
BRDA:339,42,1,7
BRDA:341,43,0,1
BRDA:341,43,1,7
BRDA:341,44,0,2
BRDA:341,44,1,5
BRDA:351,45,0,31
BRDA:351,45,1,17
BRDA:362,46,0,17
BRDA:362,46,1,0
BRDA:363,47,0,17
BRDA:363,47,1,1
BRDA:372,48,0,17
BRDA:372,48,1,34
BRDA:387,49,0,17
BRDA:387,49,1,17
BRDA:388,50,0,0
BRDA:388,50,1,17
BRDA:403,51,0,17
BRDA:403,51,1,0
BRDA:404,52,0,0
BRDA:404,52,1,0
BRDA:419,53,0,17
BRDA:419,53,1,0
BRDA:420,54,0,0
BRDA:420,54,1,0
BRDA:498,55,0,1
BRDA:498,55,1,16
BRF:110
BRH:71
end_of_record
TN:
SF:src\pages\PlaceholderRegistryPage.tsx
FN:38,PlaceholderRegistryPage
FN:50,(anonymous_1)
FN:52,(anonymous_2)
FN:58,(anonymous_3)
FN:61,loadData
FN:66,(anonymous_5)
FN:74,handleField
FN:75,(anonymous_7)
FN:79,handleFetchSample
FN:117,handleGenerateSQL
FN:131,openCreateModal
FN:135,openEditModal
FN:146,handleDelete
FN:150,(anonymous_13)
FN:150,(anonymous_14)
FN:154,handleSubmit
FN:175,(anonymous_16)
FN:175,(anonymous_17)
FN:178,(anonymous_18)
FN:185,(anonymous_19)
FN:186,(anonymous_20)
FN:206,(anonymous_21)
FN:214,(anonymous_22)
FN:221,(anonymous_23)
FN:241,(anonymous_24)
FN:244,(anonymous_25)
FN:245,(anonymous_26)
FN:259,(anonymous_27)
FN:260,(anonymous_28)
FN:273,(anonymous_29)
FN:274,(anonymous_30)
FN:278,(anonymous_31)
FN:288,(anonymous_32)
FN:300,(anonymous_33)
FN:302,(anonymous_34)
FN:315,(anonymous_35)
FN:317,(anonymous_36)
FN:329,(anonymous_37)
FN:345,(anonymous_38)
FN:349,(anonymous_39)
FN:365,(anonymous_40)
FN:366,(anonymous_41)
FN:376,(anonymous_42)
FN:394,(anonymous_43)
FN:409,(anonymous_44)
FN:410,(anonymous_45)
FN:417,(anonymous_46)
FNF:47
FNH:25
FNDA:62,PlaceholderRegistryPage
FNDA:4,(anonymous_1)
FNDA:8,(anonymous_2)
FNDA:8,(anonymous_3)
FNDA:4,loadData
FNDA:0,(anonymous_5)
FNDA:47,handleField
FNDA:47,(anonymous_7)
FNDA:1,handleFetchSample
FNDA:0,handleGenerateSQL
FNDA:3,openCreateModal
FNDA:0,openEditModal
FNDA:0,handleDelete
FNDA:0,(anonymous_13)
FNDA:0,(anonymous_14)
FNDA:2,handleSubmit
FNDA:0,(anonymous_16)
FNDA:0,(anonymous_17)
FNDA:1,(anonymous_18)
FNDA:2,(anonymous_19)
FNDA:55,(anonymous_20)
FNDA:55,(anonymous_21)
FNDA:0,(anonymous_22)
FNDA:12,(anonymous_23)
FNDA:12,(anonymous_24)
FNDA:2,(anonymous_25)
FNDA:2,(anonymous_26)
FNDA:0,(anonymous_27)
FNDA:0,(anonymous_28)
FNDA:0,(anonymous_29)
FNDA:7,(anonymous_30)
FNDA:0,(anonymous_31)
FNDA:13,(anonymous_32)
FNDA:106,(anonymous_33)
FNDA:0,(anonymous_34)
FNDA:0,(anonymous_35)
FNDA:51,(anonymous_36)
FNDA:29,(anonymous_37)
FNDA:4,(anonymous_38)
FNDA:0,(anonymous_39)
FNDA:0,(anonymous_40)
FNDA:0,(anonymous_41)
FNDA:0,(anonymous_42)
FNDA:0,(anonymous_43)
FNDA:0,(anonymous_44)
FNDA:159,(anonymous_45)
FNDA:0,(anonymous_46)
DA:27,3
DA:39,62
DA:40,62
DA:41,62
DA:42,62
DA:43,62
DA:44,62
DA:45,62
DA:46,62
DA:47,62
DA:48,62
DA:50,62
DA:52,62
DA:53,8
DA:54,3
DA:56,5
DA:58,8
DA:62,4
DA:63,4
DA:64,4
DA:66,0
DA:68,4
DA:69,4
DA:70,0
DA:71,4
DA:75,47
DA:80,1
DA:81,1
DA:82,1
DA:83,1
DA:84,1
DA:88,1
DA:90,1
DA:100,1
DA:101,0
DA:103,1
DA:104,1
DA:105,1
DA:106,0
DA:107,1
DA:108,0
DA:110,1
DA:113,0
DA:114,1
DA:118,0
DA:119,0
DA:120,0
DA:121,0
DA:125,0
DA:126,0
DA:127,0
DA:128,0
DA:132,3
DA:136,0
DA:137,0
DA:143,0
DA:147,0
DA:148,0
DA:149,0
DA:150,0
DA:151,0
DA:155,2
DA:156,2
DA:157,1
DA:158,1
DA:159,1
DA:160,1
DA:161,1
DA:163,1
DA:164,1
DA:165,1
DA:173,1
DA:174,0
DA:175,0
DA:177,1
DA:178,1
DA:180,1
DA:181,0
DA:182,1
DA:185,62
DA:186,62
DA:188,62
DA:206,55
DA:214,0
DA:221,12
DA:241,12
DA:245,2
DA:246,2
DA:259,0
DA:260,0
DA:273,0
DA:274,7
DA:278,0
DA:288,13
DA:301,106
DA:302,0
DA:315,0
DA:318,51
DA:329,29
DA:345,4
DA:349,0
DA:365,0
DA:367,0
DA:376,0
DA:394,0
DA:409,0
DA:410,159
DA:417,0
LF:108
LH:69
BRDA:53,0,0,3
BRDA:53,0,1,5
BRDA:80,1,0,0
BRDA:100,2,0,0
BRDA:100,2,1,1
BRDA:103,3,0,1
BRDA:103,3,1,0
BRDA:105,4,0,0
BRDA:105,4,1,1
BRDA:106,5,0,0
BRDA:106,5,1,0
BRDA:107,6,0,0
BRDA:118,7,0,0
BRDA:125,8,0,0
BRDA:125,8,1,0
BRDA:126,9,0,0
BRDA:126,9,1,0
BRDA:126,10,0,0
BRDA:126,10,1,0
BRDA:139,11,0,0
BRDA:139,11,1,0
BRDA:139,12,0,0
BRDA:139,12,1,0
BRDA:139,13,0,0
BRDA:139,13,1,0
BRDA:140,14,0,0
BRDA:140,14,1,0
BRDA:140,15,0,0
BRDA:140,15,1,0
BRDA:141,16,0,0
BRDA:141,16,1,0
BRDA:147,17,0,0
BRDA:156,18,0,1
BRDA:158,19,0,0
BRDA:159,20,0,0
BRDA:159,21,0,1
BRDA:159,21,1,1
BRDA:160,22,0,0
BRDA:160,23,0,1
BRDA:160,23,1,0
BRDA:161,24,0,0
BRDA:167,25,0,1
BRDA:167,25,1,0
BRDA:168,26,0,0
BRDA:168,26,1,1
BRDA:169,27,0,1
BRDA:169,27,1,0
BRDA:173,28,0,0
BRDA:173,28,1,1
BRDA:175,29,0,0
BRDA:175,29,1,0
BRDA:205,30,0,55
BRDA:205,30,1,7
BRDA:215,31,0,60
BRDA:215,31,1,2
BRDA:219,32,0,62
BRDA:219,32,1,4
BRDA:227,33,0,62
BRDA:227,33,1,58
BRDA:227,33,2,56
BRDA:237,34,0,62
BRDA:237,34,1,58
BRDA:237,34,2,2
BRDA:249,35,0,2
BRDA:249,35,1,0
BRDA:251,36,0,0
BRDA:251,36,1,2
BRDA:252,37,0,0
BRDA:252,37,1,0
BRDA:255,38,0,2
BRDA:255,38,1,0
BRDA:256,39,0,0
BRDA:256,39,1,2
BRDA:272,40,0,62
BRDA:272,40,1,53
BRDA:277,41,0,0
BRDA:277,41,1,53
BRDA:282,42,0,53
BRDA:282,42,1,1
BRDA:287,43,0,0
BRDA:287,43,1,53
BRDA:291,44,0,53
BRDA:291,44,1,27
BRDA:292,45,0,53
BRDA:292,45,1,0
BRDA:301,46,0,53
BRDA:301,46,1,53
BRDA:303,47,0,53
BRDA:303,47,1,53
BRDA:310,48,0,53
BRDA:310,48,1,53
BRDA:316,49,0,53
BRDA:316,49,1,2
BRDA:319,50,0,51
BRDA:319,50,1,0
BRDA:323,51,0,53
BRDA:323,51,1,51
BRDA:340,52,0,1
BRDA:340,52,1,52
BRDA:343,53,0,53
BRDA:343,53,1,0
BRDA:348,54,0,0
BRDA:348,54,1,0
BRDA:350,55,0,0
BRDA:350,55,1,0
BRDA:360,56,0,53
BRDA:360,56,1,0
BRDA:368,57,0,0
BRDA:368,57,1,0
BRDA:384,58,0,0
BRDA:384,58,1,0
BRDA:387,59,0,0
BRDA:387,59,1,0
BRDA:418,60,0,1
BRDA:418,60,1,52
BRDA:420,61,0,1
BRDA:420,61,1,52
BRDA:420,62,0,0
BRDA:420,62,1,1
BRDA:420,63,0,0
BRDA:420,63,1,52
BRF:121
BRH:59
end_of_record
TN:
SF:src\pages\TemplatesPage.tsx
FN:45,formatDate
FN:48,formatIndustry
FN:50,(anonymous_2)
FN:54,TemplatesPage
FN:69,(anonymous_4)
FN:78,(anonymous_5)
FN:83,(anonymous_6)
FN:85,handleCreateTemplate
FN:99,handleDeleteTemplate
FN:104,(anonymous_9)
FN:104,(anonymous_10)
FN:108,(anonymous_11)
FN:109,(anonymous_12)
FN:124,(anonymous_13)
FN:130,(anonymous_14)
FN:144,(anonymous_15)
FN:166,(anonymous_16)
FN:169,(anonymous_17)
FN:171,(anonymous_18)
FN:175,(anonymous_19)
FN:176,(anonymous_20)
FN:178,(anonymous_21)
FN:180,(anonymous_22)
FN:180,(anonymous_23)
FN:207,(anonymous_24)
FN:220,(anonymous_25)
FN:226,(anonymous_26)
FN:233,(anonymous_27)
FN:234,(anonymous_28)
FN:235,(anonymous_29)
FN:257,(anonymous_30)
FN:284,(anonymous_31)
FN:291,(anonymous_32)
FN:310,(anonymous_33)
FN:312,(anonymous_34)
FN:318,(anonymous_35)
FN:327,(anonymous_36)
FN:327,(anonymous_37)
FN:335,(anonymous_38)
FN:347,(anonymous_39)
FN:347,(anonymous_40)
FN:366,(anonymous_41)
FN:366,(anonymous_42)
FN:368,(anonymous_43)
FN:376,(anonymous_44)
FN:395,(anonymous_45)
FN:396,(anonymous_46)
FNF:47
FNH:30
FNDA:11,formatDate
FNDA:11,formatIndustry
FNDA:11,(anonymous_2)
FNDA:30,TemplatesPage
FNDA:6,(anonymous_4)
FNDA:6,(anonymous_5)
FNDA:6,(anonymous_6)
FNDA:1,handleCreateTemplate
FNDA:1,handleDeleteTemplate
FNDA:1,(anonymous_9)
FNDA:2,(anonymous_10)
FNDA:11,(anonymous_11)
FNDA:11,(anonymous_12)
FNDA:1,(anonymous_13)
FNDA:1,(anonymous_14)
FNDA:90,(anonymous_15)
FNDA:0,(anonymous_16)
FNDA:0,(anonymous_17)
FNDA:90,(anonymous_18)
FNDA:0,(anonymous_19)
FNDA:180,(anonymous_20)
FNDA:0,(anonymous_21)
FNDA:270,(anonymous_22)
FNDA:240,(anonymous_23)
FNDA:0,(anonymous_24)
FNDA:36,(anonymous_25)
FNDA:11,(anonymous_26)
FNDA:0,(anonymous_27)
FNDA:1,(anonymous_28)
FNDA:0,(anonymous_29)
FNDA:5,(anonymous_30)
FNDA:0,(anonymous_31)
FNDA:1,(anonymous_32)
FNDA:0,(anonymous_33)
FNDA:2,(anonymous_34)
FNDA:0,(anonymous_35)
FNDA:12,(anonymous_36)
FNDA:12,(anonymous_37)
FNDA:70,(anonymous_38)
FNDA:0,(anonymous_39)
FNDA:0,(anonymous_40)
FNDA:0,(anonymous_41)
FNDA:0,(anonymous_42)
FNDA:126,(anonymous_43)
FNDA:0,(anonymous_44)
FNDA:0,(anonymous_45)
FNDA:0,(anonymous_46)
DA:17,3
DA:18,3
DA:26,3
DA:37,3
DA:46,11
DA:49,11
DA:50,11
DA:52,3
DA:55,30
DA:56,30
DA:57,30
DA:58,30
DA:59,30
DA:60,30
DA:61,30
DA:62,30
DA:63,30
DA:64,30
DA:65,30
DA:66,30
DA:67,30
DA:69,30
DA:70,6
DA:71,6
DA:72,6
DA:73,6
DA:74,6
DA:75,6
DA:76,6
DA:77,6
DA:78,6
DA:79,0
DA:80,6
DA:83,30
DA:86,1
DA:87,1
DA:88,1
DA:93,1
DA:94,1
DA:95,0
DA:96,1
DA:100,1
DA:101,1
DA:102,1
DA:103,1
DA:104,2
DA:105,0
DA:108,30
DA:109,30
DA:111,30
DA:124,1
DA:130,1
DA:145,90
DA:166,0
DA:169,0
DA:172,90
DA:175,0
DA:176,180
DA:178,0
DA:180,270
DA:181,240
DA:207,0
DA:221,36
DA:227,11
DA:228,11
DA:233,0
DA:234,1
DA:235,0
DA:258,5
DA:284,0
DA:291,1
DA:310,0
DA:312,2
DA:318,0
DA:327,12
DA:336,70
DA:337,70
DA:347,0
DA:366,0
DA:368,126
DA:376,0
DA:395,0
DA:396,0
DA:407,3
DA:528,3
LF:85
LH:67
BRDA:49,0,0,0
BRDA:72,1,0,0
BRDA:73,2,0,0
BRDA:74,3,0,0
BRDA:75,4,0,0
BRDA:78,5,0,0
BRDA:78,5,1,6
BRDA:89,6,0,1
BRDA:89,6,1,0
BRDA:91,7,0,1
BRDA:91,7,1,1
BRDA:101,8,0,0
BRDA:129,9,0,1
BRDA:129,9,1,29
BRDA:184,10,0,30
BRDA:184,10,1,24
BRDA:186,11,0,23
BRDA:186,11,1,1
BRDA:191,12,0,30
BRDA:191,12,1,0
BRDA:192,13,0,30
BRDA:192,13,1,6
BRDA:195,14,0,30
BRDA:195,14,1,24
BRDA:195,14,2,24
BRDA:195,14,3,18
BRDA:202,15,0,0
BRDA:202,15,1,18
BRDA:202,16,0,18
BRDA:202,16,1,18
BRDA:202,16,2,18
BRDA:202,16,3,18
BRDA:206,17,0,18
BRDA:206,17,1,18
BRDA:206,17,2,18
BRDA:206,17,3,18
BRDA:206,17,4,18
BRDA:215,18,0,30
BRDA:215,18,1,24
BRDA:215,18,2,24
BRDA:215,18,3,6
BRDA:227,19,0,11
BRDA:227,19,1,0
BRDA:232,20,0,6
BRDA:232,20,1,5
BRDA:254,21,0,11
BRDA:254,21,1,5
BRDA:255,22,0,11
BRDA:255,22,1,11
BRDA:255,22,2,5
BRDA:272,23,0,11
BRDA:272,23,1,0
BRDA:306,24,0,30
BRDA:306,24,1,14
BRDA:336,25,0,70
BRDA:336,25,1,0
BRDA:343,26,0,14
BRDA:343,26,1,56
BRDA:382,27,0,1
BRDA:382,27,1,13
BRDA:382,28,0,1
BRDA:382,28,1,13
BRDA:386,29,0,1
BRDA:386,29,1,13
BRDA:393,30,0,30
BRDA:393,30,1,1
BRF:66
BRH:53
end_of_record
